{"E:\\Documents\\repos\\Projects\\SourcProject\\Sourc\\js\\ts\\index.js": {"path":"E:\\Documents\\repos\\Projects\\SourcProject\\Sourc\\js\\ts\\index.js","statementMap":{"0":{"start":{"line":2,"column":22},"end":{"line":8,"column":3}},"1":{"start":{"line":3,"column":4},"end":{"line":3,"column":33}},"2":{"start":{"line":3,"column":26},"end":{"line":3,"column":33}},"3":{"start":{"line":4,"column":4},"end":{"line":4,"column":89}},"4":{"start":{"line":4,"column":71},"end":{"line":4,"column":83}},"5":{"start":{"line":6,"column":4},"end":{"line":6,"column":33}},"6":{"start":{"line":6,"column":26},"end":{"line":6,"column":33}},"7":{"start":{"line":7,"column":4},"end":{"line":7,"column":17}},"8":{"start":{"line":9,"column":19},"end":{"line":11,"column":1}},"9":{"start":{"line":10,"column":4},"end":{"line":10,"column":126}},"10":{"start":{"line":10,"column":21},"end":{"line":10,"column":126}},"11":{"start":{"line":10,"column":95},"end":{"line":10,"column":126}},"12":{"start":{"line":12,"column":0},"end":{"line":12,"column":62}},"13":{"start":{"line":13,"column":0},"end":{"line":13,"column":48}},"14":{"start":{"line":14,"column":0},"end":{"line":14,"column":48}},"15":{"start":{"line":15,"column":0},"end":{"line":15,"column":48}},"16":{"start":{"line":16,"column":0},"end":{"line":16,"column":49}},"17":{"start":{"line":17,"column":0},"end":{"line":17,"column":53}},"18":{"start":{"line":18,"column":0},"end":{"line":18,"column":53}},"19":{"start":{"line":19,"column":0},"end":{"line":19,"column":56}}},"fnMap":{"0":{"name":"(anonymous_0)","decl":{"start":{"line":2,"column":74},"end":{"line":2,"column":75}},"loc":{"start":{"line":2,"column":96},"end":{"line":5,"column":1}},"line":2},"1":{"name":"(anonymous_1)","decl":{"start":{"line":4,"column":58},"end":{"line":4,"column":59}},"loc":{"start":{"line":4,"column":69},"end":{"line":4,"column":85}},"line":4},"2":{"name":"(anonymous_2)","decl":{"start":{"line":5,"column":6},"end":{"line":5,"column":7}},"loc":{"start":{"line":5,"column":28},"end":{"line":8,"column":1}},"line":5},"3":{"name":"(anonymous_3)","decl":{"start":{"line":9,"column":50},"end":{"line":9,"column":51}},"loc":{"start":{"line":9,"column":71},"end":{"line":11,"column":1}},"line":9}},"branchMap":{"0":{"loc":{"start":{"line":2,"column":22},"end":{"line":8,"column":3}},"type":"binary-expr","locations":[{"start":{"line":2,"column":23},"end":{"line":2,"column":27}},{"start":{"line":2,"column":31},"end":{"line":2,"column":51}},{"start":{"line":2,"column":57},"end":{"line":8,"column":2}}],"line":2},"1":{"loc":{"start":{"line":2,"column":57},"end":{"line":8,"column":2}},"type":"cond-expr","locations":[{"start":{"line":2,"column":74},"end":{"line":5,"column":1}},{"start":{"line":5,"column":6},"end":{"line":8,"column":1}}],"line":2},"2":{"loc":{"start":{"line":3,"column":4},"end":{"line":3,"column":33}},"type":"if","locations":[{"start":{"line":3,"column":4},"end":{"line":3,"column":33}},{"start":{"line":3,"column":4},"end":{"line":3,"column":33}}],"line":3},"3":{"loc":{"start":{"line":6,"column":4},"end":{"line":6,"column":33}},"type":"if","locations":[{"start":{"line":6,"column":4},"end":{"line":6,"column":33}},{"start":{"line":6,"column":4},"end":{"line":6,"column":33}}],"line":6},"4":{"loc":{"start":{"line":9,"column":19},"end":{"line":11,"column":1}},"type":"binary-expr","locations":[{"start":{"line":9,"column":20},"end":{"line":9,"column":24}},{"start":{"line":9,"column":28},"end":{"line":9,"column":45}},{"start":{"line":9,"column":50},"end":{"line":11,"column":1}}],"line":9},"5":{"loc":{"start":{"line":10,"column":21},"end":{"line":10,"column":126}},"type":"if","locations":[{"start":{"line":10,"column":21},"end":{"line":10,"column":126}},{"start":{"line":10,"column":21},"end":{"line":10,"column":126}}],"line":10},"6":{"loc":{"start":{"line":10,"column":25},"end":{"line":10,"column":93}},"type":"binary-expr","locations":[{"start":{"line":10,"column":25},"end":{"line":10,"column":40}},{"start":{"line":10,"column":44},"end":{"line":10,"column":93}}],"line":10}},"s":{"0":4,"1":100,"2":100,"3":100,"4":518,"5":0,"6":0,"7":0,"8":4,"9":28,"10":100,"11":100,"12":4,"13":4,"14":4,"15":4,"16":4,"17":4,"18":4,"19":4},"f":{"0":100,"1":518,"2":0,"3":28},"b":{"0":[4,4,4],"1":[4,0],"2":[100,0],"3":[0,0],"4":[4,4,4],"5":[100,0],"6":[100,100]},"inputSourceMap":null,"_coverageSchema":"1a1c01bbd47fc00a2c39e90264f33305004495a9","hash":"dc990858372322f0918ecd8ad115819bd42523c3"}
,"E:\\Documents\\repos\\Projects\\SourcProject\\Sourc\\js\\ts\\core\\core.js": {"path":"E:\\Documents\\repos\\Projects\\SourcProject\\Sourc\\js\\ts\\core\\core.js","statementMap":{"0":{"start":{"line":2,"column":16},"end":{"line":16,"column":4}},"1":{"start":{"line":3,"column":24},"end":{"line":8,"column":5}},"2":{"start":{"line":4,"column":8},"end":{"line":6,"column":110}},"3":{"start":{"line":5,"column":69},"end":{"line":5,"column":85}},"4":{"start":{"line":6,"column":30},"end":{"line":6,"column":107}},"5":{"start":{"line":6,"column":47},"end":{"line":6,"column":107}},"6":{"start":{"line":6,"column":95},"end":{"line":6,"column":107}},"7":{"start":{"line":7,"column":8},"end":{"line":7,"column":35}},"8":{"start":{"line":9,"column":4},"end":{"line":15,"column":6}},"9":{"start":{"line":10,"column":8},"end":{"line":11,"column":102}},"10":{"start":{"line":11,"column":12},"end":{"line":11,"column":102}},"11":{"start":{"line":12,"column":8},"end":{"line":12,"column":28}},"12":{"start":{"line":13,"column":24},"end":{"line":13,"column":45}},"13":{"start":{"line":14,"column":8},"end":{"line":14,"column":93}},"14":{"start":{"line":17,"column":16},"end":{"line":25,"column":1}},"15":{"start":{"line":18,"column":28},"end":{"line":18,"column":110}},"16":{"start":{"line":18,"column":91},"end":{"line":18,"column":106}},"17":{"start":{"line":19,"column":4},"end":{"line":24,"column":7}},"18":{"start":{"line":20,"column":36},"end":{"line":20,"column":97}},"19":{"start":{"line":20,"column":42},"end":{"line":20,"column":70}},"20":{"start":{"line":20,"column":85},"end":{"line":20,"column":95}},"21":{"start":{"line":21,"column":35},"end":{"line":21,"column":100}},"22":{"start":{"line":21,"column":41},"end":{"line":21,"column":73}},"23":{"start":{"line":21,"column":88},"end":{"line":21,"column":98}},"24":{"start":{"line":22,"column":32},"end":{"line":22,"column":116}},"25":{"start":{"line":23,"column":8},"end":{"line":23,"column":78}},"26":{"start":{"line":26,"column":18},"end":{"line":52,"column":1}},"27":{"start":{"line":27,"column":12},"end":{"line":27,"column":104}},"28":{"start":{"line":27,"column":43},"end":{"line":27,"column":68}},"29":{"start":{"line":27,"column":57},"end":{"line":27,"column":68}},"30":{"start":{"line":27,"column":69},"end":{"line":27,"column":81}},"31":{"start":{"line":28,"column":4},"end":{"line":28,"column":157}},"32":{"start":{"line":28,"column":138},"end":{"line":28,"column":150}},"33":{"start":{"line":29,"column":23},"end":{"line":29,"column":68}},"34":{"start":{"line":29,"column":45},"end":{"line":29,"column":65}},"35":{"start":{"line":31,"column":8},"end":{"line":31,"column":70}},"36":{"start":{"line":31,"column":15},"end":{"line":31,"column":70}},"37":{"start":{"line":32,"column":8},"end":{"line":49,"column":66}},"38":{"start":{"line":32,"column":18},"end":{"line":49,"column":66}},"39":{"start":{"line":33,"column":12},"end":{"line":33,"column":169}},"40":{"start":{"line":33,"column":160},"end":{"line":33,"column":169}},"41":{"start":{"line":34,"column":12},"end":{"line":34,"column":52}},"42":{"start":{"line":34,"column":26},"end":{"line":34,"column":52}},"43":{"start":{"line":35,"column":12},"end":{"line":47,"column":13}},"44":{"start":{"line":36,"column":32},"end":{"line":36,"column":39}},"45":{"start":{"line":36,"column":40},"end":{"line":36,"column":46}},"46":{"start":{"line":37,"column":24},"end":{"line":37,"column":34}},"47":{"start":{"line":37,"column":35},"end":{"line":37,"column":72}},"48":{"start":{"line":38,"column":24},"end":{"line":38,"column":34}},"49":{"start":{"line":38,"column":35},"end":{"line":38,"column":45}},"50":{"start":{"line":38,"column":46},"end":{"line":38,"column":55}},"51":{"start":{"line":38,"column":56},"end":{"line":38,"column":65}},"52":{"start":{"line":39,"column":24},"end":{"line":39,"column":41}},"53":{"start":{"line":39,"column":42},"end":{"line":39,"column":55}},"54":{"start":{"line":39,"column":56},"end":{"line":39,"column":65}},"55":{"start":{"line":41,"column":20},"end":{"line":41,"column":128}},"56":{"start":{"line":41,"column":110},"end":{"line":41,"column":116}},"57":{"start":{"line":41,"column":117},"end":{"line":41,"column":126}},"58":{"start":{"line":42,"column":20},"end":{"line":42,"column":106}},"59":{"start":{"line":42,"column":81},"end":{"line":42,"column":97}},"60":{"start":{"line":42,"column":98},"end":{"line":42,"column":104}},"61":{"start":{"line":43,"column":20},"end":{"line":43,"column":89}},"62":{"start":{"line":43,"column":57},"end":{"line":43,"column":72}},"63":{"start":{"line":43,"column":73},"end":{"line":43,"column":80}},"64":{"start":{"line":43,"column":81},"end":{"line":43,"column":87}},"65":{"start":{"line":44,"column":20},"end":{"line":44,"column":87}},"66":{"start":{"line":44,"column":47},"end":{"line":44,"column":62}},"67":{"start":{"line":44,"column":63},"end":{"line":44,"column":78}},"68":{"start":{"line":44,"column":79},"end":{"line":44,"column":85}},"69":{"start":{"line":45,"column":20},"end":{"line":45,"column":42}},"70":{"start":{"line":45,"column":30},"end":{"line":45,"column":42}},"71":{"start":{"line":46,"column":20},"end":{"line":46,"column":33}},"72":{"start":{"line":46,"column":34},"end":{"line":46,"column":43}},"73":{"start":{"line":48,"column":12},"end":{"line":48,"column":39}},"74":{"start":{"line":49,"column":22},"end":{"line":49,"column":34}},"75":{"start":{"line":49,"column":35},"end":{"line":49,"column":41}},"76":{"start":{"line":49,"column":54},"end":{"line":49,"column":64}},"77":{"start":{"line":50,"column":8},"end":{"line":50,"column":35}},"78":{"start":{"line":50,"column":23},"end":{"line":50,"column":35}},"79":{"start":{"line":50,"column":36},"end":{"line":50,"column":89}},"80":{"start":{"line":53,"column":0},"end":{"line":53,"column":62}},"81":{"start":{"line":54,"column":0},"end":{"line":54,"column":28}},"82":{"start":{"line":55,"column":24},"end":{"line":55,"column":52}},"83":{"start":{"line":56,"column":14},"end":{"line":56,"column":32}},"84":{"start":{"line":57,"column":15},"end":{"line":57,"column":39}},"85":{"start":{"line":58,"column":16},"end":{"line":58,"column":41}},"86":{"start":{"line":59,"column":18},"end":{"line":59,"column":45}},"87":{"start":{"line":60,"column":15},"end":{"line":60,"column":34}},"88":{"start":{"line":61,"column":18},"end":{"line":63,"column":4}},"89":{"start":{"line":64,"column":18},"end":{"line":64,"column":41}},"90":{"start":{"line":65,"column":40},"end":{"line":170,"column":26}},"91":{"start":{"line":66,"column":4},"end":{"line":66,"column":42}},"92":{"start":{"line":68,"column":8},"end":{"line":68,"column":72}},"93":{"start":{"line":70,"column":4},"end":{"line":89,"column":6}},"94":{"start":{"line":72,"column":8},"end":{"line":88,"column":11}},"95":{"start":{"line":74,"column":12},"end":{"line":87,"column":15}},"96":{"start":{"line":75,"column":16},"end":{"line":75,"column":87}},"97":{"start":{"line":76,"column":16},"end":{"line":76,"column":56}},"98":{"start":{"line":77,"column":16},"end":{"line":86,"column":33}},"99":{"start":{"line":79,"column":24},"end":{"line":79,"column":116}},"100":{"start":{"line":90,"column":4},"end":{"line":99,"column":6}},"101":{"start":{"line":91,"column":23},"end":{"line":91,"column":44}},"102":{"start":{"line":92,"column":8},"end":{"line":98,"column":20}},"103":{"start":{"line":100,"column":4},"end":{"line":105,"column":6}},"104":{"start":{"line":101,"column":8},"end":{"line":104,"column":10}},"105":{"start":{"line":106,"column":4},"end":{"line":110,"column":6}},"106":{"start":{"line":107,"column":8},"end":{"line":108,"column":22}},"107":{"start":{"line":108,"column":12},"end":{"line":108,"column":22}},"108":{"start":{"line":109,"column":8},"end":{"line":109,"column":53}},"109":{"start":{"line":111,"column":4},"end":{"line":116,"column":6}},"110":{"start":{"line":112,"column":8},"end":{"line":115,"column":10}},"111":{"start":{"line":117,"column":4},"end":{"line":168,"column":6}},"112":{"start":{"line":119,"column":20},"end":{"line":119,"column":21}},"113":{"start":{"line":120,"column":8},"end":{"line":166,"column":9}},"114":{"start":{"line":122,"column":26},"end":{"line":122,"column":47}},"115":{"start":{"line":123,"column":28},"end":{"line":123,"column":53}},"116":{"start":{"line":124,"column":30},"end":{"line":127,"column":76}},"117":{"start":{"line":127,"column":44},"end":{"line":127,"column":62}},"118":{"start":{"line":128,"column":33},"end":{"line":128,"column":107}},"119":{"start":{"line":129,"column":33},"end":{"line":129,"column":81}},"120":{"start":{"line":130,"column":29},"end":{"line":130,"column":35}},"121":{"start":{"line":131,"column":16},"end":{"line":136,"column":17}},"122":{"start":{"line":132,"column":20},"end":{"line":132,"column":44}},"123":{"start":{"line":135,"column":20},"end":{"line":135,"column":40}},"124":{"start":{"line":137,"column":16},"end":{"line":137,"column":37}},"125":{"start":{"line":138,"column":16},"end":{"line":138,"column":22}},"126":{"start":{"line":141,"column":26},"end":{"line":141,"column":45}},"127":{"start":{"line":142,"column":28},"end":{"line":142,"column":53}},"128":{"start":{"line":143,"column":30},"end":{"line":146,"column":76}},"129":{"start":{"line":146,"column":44},"end":{"line":146,"column":62}},"130":{"start":{"line":147,"column":33},"end":{"line":147,"column":107}},"131":{"start":{"line":148,"column":37},"end":{"line":148,"column":115}},"132":{"start":{"line":149,"column":33},"end":{"line":149,"column":81}},"133":{"start":{"line":150,"column":29},"end":{"line":150,"column":35}},"134":{"start":{"line":151,"column":16},"end":{"line":156,"column":17}},"135":{"start":{"line":152,"column":20},"end":{"line":152,"column":74}},"136":{"start":{"line":155,"column":20},"end":{"line":155,"column":44}},"137":{"start":{"line":157,"column":16},"end":{"line":157,"column":37}},"138":{"start":{"line":158,"column":16},"end":{"line":158,"column":22}},"139":{"start":{"line":161,"column":16},"end":{"line":161,"column":50}},"140":{"start":{"line":162,"column":16},"end":{"line":162,"column":22}},"141":{"start":{"line":164,"column":16},"end":{"line":164,"column":48}},"142":{"start":{"line":165,"column":16},"end":{"line":165,"column":22}},"143":{"start":{"line":167,"column":8},"end":{"line":167,"column":72}},"144":{"start":{"line":169,"column":4},"end":{"line":169,"column":30}},"145":{"start":{"line":171,"column":0},"end":{"line":171,"column":48}}},"fnMap":{"0":{"name":"(anonymous_0)","decl":{"start":{"line":2,"column":45},"end":{"line":2,"column":46}},"loc":{"start":{"line":2,"column":57},"end":{"line":16,"column":1}},"line":2},"1":{"name":"(anonymous_1)","decl":{"start":{"line":3,"column":24},"end":{"line":3,"column":25}},"loc":{"start":{"line":3,"column":40},"end":{"line":8,"column":5}},"line":3},"2":{"name":"(anonymous_2)","decl":{"start":{"line":5,"column":51},"end":{"line":5,"column":52}},"loc":{"start":{"line":5,"column":67},"end":{"line":5,"column":87}},"line":5},"3":{"name":"(anonymous_3)","decl":{"start":{"line":6,"column":12},"end":{"line":6,"column":13}},"loc":{"start":{"line":6,"column":28},"end":{"line":6,"column":109}},"line":6},"4":{"name":"(anonymous_4)","decl":{"start":{"line":9,"column":11},"end":{"line":9,"column":12}},"loc":{"start":{"line":9,"column":27},"end":{"line":15,"column":5}},"line":9},"5":{"name":"__","decl":{"start":{"line":13,"column":17},"end":{"line":13,"column":19}},"loc":{"start":{"line":13,"column":22},"end":{"line":13,"column":47}},"line":13},"6":{"name":"(anonymous_6)","decl":{"start":{"line":17,"column":44},"end":{"line":17,"column":45}},"loc":{"start":{"line":17,"column":89},"end":{"line":25,"column":1}},"line":17},"7":{"name":"adopt","decl":{"start":{"line":18,"column":13},"end":{"line":18,"column":18}},"loc":{"start":{"line":18,"column":26},"end":{"line":18,"column":112}},"line":18},"8":{"name":"(anonymous_8)","decl":{"start":{"line":18,"column":70},"end":{"line":18,"column":71}},"loc":{"start":{"line":18,"column":89},"end":{"line":18,"column":108}},"line":18},"9":{"name":"(anonymous_9)","decl":{"start":{"line":19,"column":36},"end":{"line":19,"column":37}},"loc":{"start":{"line":19,"column":63},"end":{"line":24,"column":5}},"line":19},"10":{"name":"fulfilled","decl":{"start":{"line":20,"column":17},"end":{"line":20,"column":26}},"loc":{"start":{"line":20,"column":34},"end":{"line":20,"column":99}},"line":20},"11":{"name":"rejected","decl":{"start":{"line":21,"column":17},"end":{"line":21,"column":25}},"loc":{"start":{"line":21,"column":33},"end":{"line":21,"column":102}},"line":21},"12":{"name":"step","decl":{"start":{"line":22,"column":17},"end":{"line":22,"column":21}},"loc":{"start":{"line":22,"column":30},"end":{"line":22,"column":118}},"line":22},"13":{"name":"(anonymous_13)","decl":{"start":{"line":26,"column":48},"end":{"line":26,"column":49}},"loc":{"start":{"line":26,"column":73},"end":{"line":52,"column":1}},"line":26},"14":{"name":"(anonymous_14)","decl":{"start":{"line":27,"column":30},"end":{"line":27,"column":31}},"loc":{"start":{"line":27,"column":41},"end":{"line":27,"column":83}},"line":27},"15":{"name":"(anonymous_15)","decl":{"start":{"line":28,"column":125},"end":{"line":28,"column":126}},"loc":{"start":{"line":28,"column":136},"end":{"line":28,"column":152}},"line":28},"16":{"name":"verb","decl":{"start":{"line":29,"column":13},"end":{"line":29,"column":17}},"loc":{"start":{"line":29,"column":21},"end":{"line":29,"column":70}},"line":29},"17":{"name":"(anonymous_17)","decl":{"start":{"line":29,"column":30},"end":{"line":29,"column":31}},"loc":{"start":{"line":29,"column":43},"end":{"line":29,"column":67}},"line":29},"18":{"name":"step","decl":{"start":{"line":30,"column":13},"end":{"line":30,"column":17}},"loc":{"start":{"line":30,"column":22},"end":{"line":51,"column":5}},"line":30},"19":{"name":"(anonymous_19)","decl":{"start":{"line":65,"column":40},"end":{"line":65,"column":41}},"loc":{"start":{"line":65,"column":58},"end":{"line":170,"column":1}},"line":65},"20":{"name":"CorePluginProvider","decl":{"start":{"line":67,"column":13},"end":{"line":67,"column":31}},"loc":{"start":{"line":67,"column":34},"end":{"line":69,"column":5}},"line":67},"21":{"name":"(anonymous_21)","decl":{"start":{"line":70,"column":48},"end":{"line":70,"column":49}},"loc":{"start":{"line":70,"column":70},"end":{"line":89,"column":5}},"line":70},"22":{"name":"(anonymous_22)","decl":{"start":{"line":72,"column":47},"end":{"line":72,"column":48}},"loc":{"start":{"line":72,"column":59},"end":{"line":88,"column":9}},"line":72},"23":{"name":"(anonymous_23)","decl":{"start":{"line":74,"column":37},"end":{"line":74,"column":38}},"loc":{"start":{"line":74,"column":51},"end":{"line":87,"column":13}},"line":74},"24":{"name":"(anonymous_24)","decl":{"start":{"line":78,"column":58},"end":{"line":78,"column":59}},"loc":{"start":{"line":78,"column":70},"end":{"line":80,"column":21}},"line":78},"25":{"name":"(anonymous_25)","decl":{"start":{"line":90,"column":51},"end":{"line":90,"column":52}},"loc":{"start":{"line":90,"column":79},"end":{"line":99,"column":5}},"line":90},"26":{"name":"(anonymous_26)","decl":{"start":{"line":100,"column":55},"end":{"line":100,"column":56}},"loc":{"start":{"line":100,"column":87},"end":{"line":105,"column":5}},"line":100},"27":{"name":"(anonymous_27)","decl":{"start":{"line":106,"column":52},"end":{"line":106,"column":53}},"loc":{"start":{"line":106,"column":85},"end":{"line":110,"column":5}},"line":106},"28":{"name":"(anonymous_28)","decl":{"start":{"line":111,"column":55},"end":{"line":111,"column":56}},"loc":{"start":{"line":111,"column":88},"end":{"line":116,"column":5}},"line":111},"29":{"name":"(anonymous_29)","decl":{"start":{"line":117,"column":50},"end":{"line":117,"column":51}},"loc":{"start":{"line":117,"column":72},"end":{"line":168,"column":5}},"line":117},"30":{"name":"(anonymous_30)","decl":{"start":{"line":127,"column":28},"end":{"line":127,"column":29}},"loc":{"start":{"line":127,"column":42},"end":{"line":127,"column":64}},"line":127},"31":{"name":"(anonymous_31)","decl":{"start":{"line":146,"column":28},"end":{"line":146,"column":29}},"loc":{"start":{"line":146,"column":42},"end":{"line":146,"column":64}},"line":146}},"branchMap":{"0":{"loc":{"start":{"line":2,"column":16},"end":{"line":16,"column":4}},"type":"binary-expr","locations":[{"start":{"line":2,"column":17},"end":{"line":2,"column":21}},{"start":{"line":2,"column":25},"end":{"line":2,"column":39}},{"start":{"line":2,"column":44},"end":{"line":16,"column":4}}],"line":2},"1":{"loc":{"start":{"line":4,"column":24},"end":{"line":6,"column":109}},"type":"binary-expr","locations":[{"start":{"line":4,"column":24},"end":{"line":4,"column":45}},{"start":{"line":5,"column":13},"end":{"line":5,"column":47}},{"start":{"line":5,"column":51},"end":{"line":5,"column":87}},{"start":{"line":6,"column":12},"end":{"line":6,"column":109}}],"line":4},"2":{"loc":{"start":{"line":6,"column":47},"end":{"line":6,"column":107}},"type":"if","locations":[{"start":{"line":6,"column":47},"end":{"line":6,"column":107}},{"start":{"line":6,"column":47},"end":{"line":6,"column":107}}],"line":6},"3":{"loc":{"start":{"line":10,"column":8},"end":{"line":11,"column":102}},"type":"if","locations":[{"start":{"line":10,"column":8},"end":{"line":11,"column":102}},{"start":{"line":10,"column":8},"end":{"line":11,"column":102}}],"line":10},"4":{"loc":{"start":{"line":10,"column":12},"end":{"line":10,"column":49}},"type":"binary-expr","locations":[{"start":{"line":10,"column":12},"end":{"line":10,"column":35}},{"start":{"line":10,"column":39},"end":{"line":10,"column":49}}],"line":10},"5":{"loc":{"start":{"line":14,"column":22},"end":{"line":14,"column":92}},"type":"cond-expr","locations":[{"start":{"line":14,"column":35},"end":{"line":14,"column":51}},{"start":{"line":14,"column":55},"end":{"line":14,"column":91}}],"line":14},"6":{"loc":{"start":{"line":17,"column":16},"end":{"line":25,"column":1}},"type":"binary-expr","locations":[{"start":{"line":17,"column":17},"end":{"line":17,"column":21}},{"start":{"line":17,"column":25},"end":{"line":17,"column":39}},{"start":{"line":17,"column":44},"end":{"line":25,"column":1}}],"line":17},"7":{"loc":{"start":{"line":18,"column":35},"end":{"line":18,"column":109}},"type":"cond-expr","locations":[{"start":{"line":18,"column":56},"end":{"line":18,"column":61}},{"start":{"line":18,"column":64},"end":{"line":18,"column":109}}],"line":18},"8":{"loc":{"start":{"line":19,"column":16},"end":{"line":19,"column":34}},"type":"binary-expr","locations":[{"start":{"line":19,"column":16},"end":{"line":19,"column":17}},{"start":{"line":19,"column":22},"end":{"line":19,"column":33}}],"line":19},"9":{"loc":{"start":{"line":22,"column":32},"end":{"line":22,"column":115}},"type":"cond-expr","locations":[{"start":{"line":22,"column":46},"end":{"line":22,"column":67}},{"start":{"line":22,"column":70},"end":{"line":22,"column":115}}],"line":22},"10":{"loc":{"start":{"line":23,"column":51},"end":{"line":23,"column":67}},"type":"binary-expr","locations":[{"start":{"line":23,"column":51},"end":{"line":23,"column":61}},{"start":{"line":23,"column":65},"end":{"line":23,"column":67}}],"line":23},"11":{"loc":{"start":{"line":26,"column":18},"end":{"line":52,"column":1}},"type":"binary-expr","locations":[{"start":{"line":26,"column":19},"end":{"line":26,"column":23}},{"start":{"line":26,"column":27},"end":{"line":26,"column":43}},{"start":{"line":26,"column":48},"end":{"line":52,"column":1}}],"line":26},"12":{"loc":{"start":{"line":27,"column":43},"end":{"line":27,"column":68}},"type":"if","locations":[{"start":{"line":27,"column":43},"end":{"line":27,"column":68}},{"start":{"line":27,"column":43},"end":{"line":27,"column":68}}],"line":27},"13":{"loc":{"start":{"line":28,"column":71},"end":{"line":28,"column":153}},"type":"binary-expr","locations":[{"start":{"line":28,"column":71},"end":{"line":28,"column":99}},{"start":{"line":28,"column":104},"end":{"line":28,"column":152}}],"line":28},"14":{"loc":{"start":{"line":31,"column":8},"end":{"line":31,"column":70}},"type":"if","locations":[{"start":{"line":31,"column":8},"end":{"line":31,"column":70}},{"start":{"line":31,"column":8},"end":{"line":31,"column":70}}],"line":31},"15":{"loc":{"start":{"line":33,"column":12},"end":{"line":33,"column":169}},"type":"if","locations":[{"start":{"line":33,"column":12},"end":{"line":33,"column":169}},{"start":{"line":33,"column":12},"end":{"line":33,"column":169}}],"line":33},"16":{"loc":{"start":{"line":33,"column":23},"end":{"line":33,"column":158}},"type":"binary-expr","locations":[{"start":{"line":33,"column":23},"end":{"line":33,"column":24}},{"start":{"line":33,"column":29},"end":{"line":33,"column":125}},{"start":{"line":33,"column":130},"end":{"line":33,"column":158}}],"line":33},"17":{"loc":{"start":{"line":33,"column":33},"end":{"line":33,"column":125}},"type":"cond-expr","locations":[{"start":{"line":33,"column":45},"end":{"line":33,"column":56}},{"start":{"line":33,"column":59},"end":{"line":33,"column":125}}],"line":33},"18":{"loc":{"start":{"line":33,"column":59},"end":{"line":33,"column":125}},"type":"cond-expr","locations":[{"start":{"line":33,"column":67},"end":{"line":33,"column":116}},{"start":{"line":33,"column":119},"end":{"line":33,"column":125}}],"line":33},"19":{"loc":{"start":{"line":33,"column":67},"end":{"line":33,"column":116}},"type":"binary-expr","locations":[{"start":{"line":33,"column":67},"end":{"line":33,"column":77}},{"start":{"line":33,"column":82},"end":{"line":33,"column":115}}],"line":33},"20":{"loc":{"start":{"line":33,"column":82},"end":{"line":33,"column":112}},"type":"binary-expr","locations":[{"start":{"line":33,"column":83},"end":{"line":33,"column":98}},{"start":{"line":33,"column":103},"end":{"line":33,"column":112}}],"line":33},"21":{"loc":{"start":{"line":34,"column":12},"end":{"line":34,"column":52}},"type":"if","locations":[{"start":{"line":34,"column":12},"end":{"line":34,"column":52}},{"start":{"line":34,"column":12},"end":{"line":34,"column":52}}],"line":34},"22":{"loc":{"start":{"line":35,"column":12},"end":{"line":47,"column":13}},"type":"switch","locations":[{"start":{"line":36,"column":16},"end":{"line":36,"column":23}},{"start":{"line":36,"column":24},"end":{"line":36,"column":46}},{"start":{"line":37,"column":16},"end":{"line":37,"column":72}},{"start":{"line":38,"column":16},"end":{"line":38,"column":65}},{"start":{"line":39,"column":16},"end":{"line":39,"column":65}},{"start":{"line":40,"column":16},"end":{"line":46,"column":43}}],"line":35},"23":{"loc":{"start":{"line":41,"column":20},"end":{"line":41,"column":128}},"type":"if","locations":[{"start":{"line":41,"column":20},"end":{"line":41,"column":128}},{"start":{"line":41,"column":20},"end":{"line":41,"column":128}}],"line":41},"24":{"loc":{"start":{"line":41,"column":24},"end":{"line":41,"column":106}},"type":"binary-expr","locations":[{"start":{"line":41,"column":24},"end":{"line":41,"column":74}},{"start":{"line":41,"column":79},"end":{"line":41,"column":90}},{"start":{"line":41,"column":94},"end":{"line":41,"column":105}}],"line":41},"25":{"loc":{"start":{"line":41,"column":42},"end":{"line":41,"column":73}},"type":"binary-expr","locations":[{"start":{"line":41,"column":42},"end":{"line":41,"column":54}},{"start":{"line":41,"column":58},"end":{"line":41,"column":73}}],"line":41},"26":{"loc":{"start":{"line":42,"column":20},"end":{"line":42,"column":106}},"type":"if","locations":[{"start":{"line":42,"column":20},"end":{"line":42,"column":106}},{"start":{"line":42,"column":20},"end":{"line":42,"column":106}}],"line":42},"27":{"loc":{"start":{"line":42,"column":24},"end":{"line":42,"column":77}},"type":"binary-expr","locations":[{"start":{"line":42,"column":24},"end":{"line":42,"column":35}},{"start":{"line":42,"column":40},"end":{"line":42,"column":42}},{"start":{"line":42,"column":47},"end":{"line":42,"column":59}},{"start":{"line":42,"column":63},"end":{"line":42,"column":75}}],"line":42},"28":{"loc":{"start":{"line":43,"column":20},"end":{"line":43,"column":89}},"type":"if","locations":[{"start":{"line":43,"column":20},"end":{"line":43,"column":89}},{"start":{"line":43,"column":20},"end":{"line":43,"column":89}}],"line":43},"29":{"loc":{"start":{"line":43,"column":24},"end":{"line":43,"column":53}},"type":"binary-expr","locations":[{"start":{"line":43,"column":24},"end":{"line":43,"column":35}},{"start":{"line":43,"column":39},"end":{"line":43,"column":53}}],"line":43},"30":{"loc":{"start":{"line":44,"column":20},"end":{"line":44,"column":87}},"type":"if","locations":[{"start":{"line":44,"column":20},"end":{"line":44,"column":87}},{"start":{"line":44,"column":20},"end":{"line":44,"column":87}}],"line":44},"31":{"loc":{"start":{"line":44,"column":24},"end":{"line":44,"column":43}},"type":"binary-expr","locations":[{"start":{"line":44,"column":24},"end":{"line":44,"column":25}},{"start":{"line":44,"column":29},"end":{"line":44,"column":43}}],"line":44},"32":{"loc":{"start":{"line":45,"column":20},"end":{"line":45,"column":42}},"type":"if","locations":[{"start":{"line":45,"column":20},"end":{"line":45,"column":42}},{"start":{"line":45,"column":20},"end":{"line":45,"column":42}}],"line":45},"33":{"loc":{"start":{"line":50,"column":8},"end":{"line":50,"column":35}},"type":"if","locations":[{"start":{"line":50,"column":8},"end":{"line":50,"column":35}},{"start":{"line":50,"column":8},"end":{"line":50,"column":35}}],"line":50},"34":{"loc":{"start":{"line":50,"column":52},"end":{"line":50,"column":74}},"type":"cond-expr","locations":[{"start":{"line":50,"column":60},"end":{"line":50,"column":65}},{"start":{"line":50,"column":68},"end":{"line":50,"column":74}}],"line":50},"35":{"loc":{"start":{"line":68,"column":15},"end":{"line":68,"column":71}},"type":"binary-expr","locations":[{"start":{"line":68,"column":15},"end":{"line":68,"column":30}},{"start":{"line":68,"column":34},"end":{"line":68,"column":63}},{"start":{"line":68,"column":67},"end":{"line":68,"column":71}}],"line":68},"36":{"loc":{"start":{"line":75,"column":22},"end":{"line":75,"column":86}},"type":"cond-expr","locations":[{"start":{"line":75,"column":78},"end":{"line":75,"column":80}},{"start":{"line":75,"column":83},"end":{"line":75,"column":86}}],"line":75},"37":{"loc":{"start":{"line":75,"column":22},"end":{"line":75,"column":75}},"type":"binary-expr","locations":[{"start":{"line":75,"column":22},"end":{"line":75,"column":58}},{"start":{"line":75,"column":62},"end":{"line":75,"column":75}}],"line":75},"38":{"loc":{"start":{"line":107,"column":8},"end":{"line":108,"column":22}},"type":"if","locations":[{"start":{"line":107,"column":8},"end":{"line":108,"column":22}},{"start":{"line":107,"column":8},"end":{"line":108,"column":22}}],"line":107},"39":{"loc":{"start":{"line":120,"column":8},"end":{"line":166,"column":9}},"type":"switch","locations":[{"start":{"line":121,"column":12},"end":{"line":139,"column":13}},{"start":{"line":140,"column":12},"end":{"line":159,"column":13}},{"start":{"line":160,"column":12},"end":{"line":162,"column":22}},{"start":{"line":163,"column":12},"end":{"line":165,"column":22}}],"line":120},"40":{"loc":{"start":{"line":128,"column":34},"end":{"line":128,"column":102}},"type":"cond-expr","locations":[{"start":{"line":128,"column":84},"end":{"line":128,"column":90}},{"start":{"line":128,"column":93},"end":{"line":128,"column":102}}],"line":128},"41":{"loc":{"start":{"line":128,"column":34},"end":{"line":128,"column":81}},"type":"binary-expr","locations":[{"start":{"line":128,"column":34},"end":{"line":128,"column":64}},{"start":{"line":128,"column":68},"end":{"line":128,"column":81}}],"line":128},"42":{"loc":{"start":{"line":131,"column":16},"end":{"line":136,"column":17}},"type":"if","locations":[{"start":{"line":131,"column":16},"end":{"line":136,"column":17}},{"start":{"line":131,"column":16},"end":{"line":136,"column":17}}],"line":131},"43":{"loc":{"start":{"line":147,"column":34},"end":{"line":147,"column":102}},"type":"cond-expr","locations":[{"start":{"line":147,"column":84},"end":{"line":147,"column":90}},{"start":{"line":147,"column":93},"end":{"line":147,"column":102}}],"line":147},"44":{"loc":{"start":{"line":147,"column":34},"end":{"line":147,"column":81}},"type":"binary-expr","locations":[{"start":{"line":147,"column":34},"end":{"line":147,"column":64}},{"start":{"line":147,"column":68},"end":{"line":147,"column":81}}],"line":147},"45":{"loc":{"start":{"line":148,"column":38},"end":{"line":148,"column":110}},"type":"cond-expr","locations":[{"start":{"line":148,"column":92},"end":{"line":148,"column":98}},{"start":{"line":148,"column":101},"end":{"line":148,"column":110}}],"line":148},"46":{"loc":{"start":{"line":148,"column":38},"end":{"line":148,"column":89}},"type":"binary-expr","locations":[{"start":{"line":148,"column":38},"end":{"line":148,"column":72}},{"start":{"line":148,"column":76},"end":{"line":148,"column":89}}],"line":148},"47":{"loc":{"start":{"line":151,"column":16},"end":{"line":156,"column":17}},"type":"if","locations":[{"start":{"line":151,"column":16},"end":{"line":156,"column":17}},{"start":{"line":151,"column":16},"end":{"line":156,"column":17}}],"line":151}},"s":{"0":4,"1":4,"2":4,"3":0,"4":0,"5":0,"6":0,"7":4,"8":4,"9":4,"10":0,"11":4,"12":4,"13":4,"14":4,"15":0,"16":0,"17":0,"18":0,"19":0,"20":0,"21":0,"22":0,"23":0,"24":0,"25":0,"26":4,"27":0,"28":0,"29":0,"30":0,"31":0,"32":0,"33":0,"34":0,"35":0,"36":0,"37":0,"38":0,"39":0,"40":0,"41":0,"42":0,"43":0,"44":0,"45":0,"46":0,"47":0,"48":0,"49":0,"50":0,"51":0,"52":0,"53":0,"54":0,"55":0,"56":0,"57":0,"58":0,"59":0,"60":0,"61":0,"62":0,"63":0,"64":0,"65":0,"66":0,"67":0,"68":0,"69":0,"70":0,"71":0,"72":0,"73":0,"74":0,"75":0,"76":0,"77":0,"78":0,"79":0,"80":4,"81":4,"82":4,"83":4,"84":4,"85":4,"86":4,"87":4,"88":4,"89":4,"90":4,"91":4,"92":4,"93":4,"94":0,"95":0,"96":0,"97":0,"98":0,"99":0,"100":4,"101":0,"102":0,"103":4,"104":0,"105":4,"106":0,"107":0,"108":0,"109":4,"110":0,"111":4,"112":0,"113":0,"114":0,"115":0,"116":0,"117":0,"118":0,"119":0,"120":0,"121":0,"122":0,"123":0,"124":0,"125":0,"126":0,"127":0,"128":0,"129":0,"130":0,"131":0,"132":0,"133":0,"134":0,"135":0,"136":0,"137":0,"138":0,"139":0,"140":0,"141":0,"142":0,"143":0,"144":4,"145":4},"f":{"0":4,"1":4,"2":0,"3":0,"4":4,"5":4,"6":0,"7":0,"8":0,"9":0,"10":0,"11":0,"12":0,"13":0,"14":0,"15":0,"16":0,"17":0,"18":0,"19":4,"20":4,"21":0,"22":0,"23":0,"24":0,"25":0,"26":0,"27":0,"28":0,"29":0,"30":0,"31":0},"b":{"0":[4,4,4],"1":[4,0,0,0],"2":[0,0],"3":[0,4],"4":[4,0],"5":[0,4],"6":[4,4,4],"7":[0,0],"8":[0,0],"9":[0,0],"10":[0,0],"11":[4,4,4],"12":[0,0],"13":[0,0],"14":[0,0],"15":[0,0],"16":[0,0,0],"17":[0,0],"18":[0,0],"19":[0,0],"20":[0,0],"21":[0,0],"22":[0,0,0,0,0,0],"23":[0,0],"24":[0,0,0],"25":[0,0],"26":[0,0],"27":[0,0,0,0],"28":[0,0],"29":[0,0],"30":[0,0],"31":[0,0],"32":[0,0],"33":[0,0],"34":[0,0],"35":[4,4,4],"36":[0,0],"37":[0,0],"38":[0,0],"39":[0,0,0,0],"40":[0,0],"41":[0,0],"42":[0,0],"43":[0,0],"44":[0,0],"45":[0,0],"46":[0,0],"47":[0,0]},"inputSourceMap":null,"_coverageSchema":"1a1c01bbd47fc00a2c39e90264f33305004495a9","hash":"2f145c15dc4b9bfb8f23195f4e5b655a48db1765"}
,"E:\\Documents\\repos\\Projects\\SourcProject\\Sourc\\js\\ts\\core\\editor.js": {"path":"E:\\Documents\\repos\\Projects\\SourcProject\\Sourc\\js\\ts\\core\\editor.js","statementMap":{"0":{"start":{"line":2,"column":27},"end":{"line":5,"column":1}},"1":{"start":{"line":3,"column":4},"end":{"line":3,"column":115}},"2":{"start":{"line":3,"column":33},"end":{"line":3,"column":86}},"3":{"start":{"line":3,"column":96},"end":{"line":3,"column":113}},"4":{"start":{"line":4,"column":4},"end":{"line":4,"column":18}},"5":{"start":{"line":6,"column":0},"end":{"line":6,"column":62}},"6":{"start":{"line":7,"column":0},"end":{"line":7,"column":28}},"7":{"start":{"line":8,"column":15},"end":{"line":8,"column":39}},"8":{"start":{"line":9,"column":16},"end":{"line":9,"column":41}},"9":{"start":{"line":10,"column":15},"end":{"line":10,"column":34}},"10":{"start":{"line":11,"column":13},"end":{"line":11,"column":30}},"11":{"start":{"line":12,"column":15},"end":{"line":12,"column":34}},"12":{"start":{"line":13,"column":10},"end":{"line":13,"column":23}},"13":{"start":{"line":14,"column":15},"end":{"line":14,"column":39}},"14":{"start":{"line":15,"column":19},"end":{"line":15,"column":47}},"15":{"start":{"line":16,"column":18},"end":{"line":16,"column":45}},"16":{"start":{"line":18,"column":0},"end":{"line":23,"column":34}},"17":{"start":{"line":19,"column":4},"end":{"line":19,"column":46}},"18":{"start":{"line":20,"column":4},"end":{"line":20,"column":48}},"19":{"start":{"line":21,"column":4},"end":{"line":21,"column":44}},"20":{"start":{"line":22,"column":4},"end":{"line":22,"column":46}},"21":{"start":{"line":24,"column":18},"end":{"line":28,"column":4}},"22":{"start":{"line":51,"column":32},"end":{"line":182,"column":3}},"23":{"start":{"line":57,"column":8},"end":{"line":57,"column":47}},"24":{"start":{"line":57,"column":33},"end":{"line":57,"column":45}},"25":{"start":{"line":58,"column":8},"end":{"line":58,"column":29}},"26":{"start":{"line":59,"column":8},"end":{"line":59,"column":27}},"27":{"start":{"line":60,"column":8},"end":{"line":60,"column":50}},"28":{"start":{"line":61,"column":8},"end":{"line":61,"column":54}},"29":{"start":{"line":66,"column":8},"end":{"line":70,"column":28}},"30":{"start":{"line":71,"column":8},"end":{"line":71,"column":85}},"31":{"start":{"line":72,"column":19},"end":{"line":72,"column":92}},"32":{"start":{"line":73,"column":8},"end":{"line":73,"column":34}},"33":{"start":{"line":78,"column":4},"end":{"line":86,"column":6}},"34":{"start":{"line":79,"column":8},"end":{"line":79,"column":46}},"35":{"start":{"line":80,"column":8},"end":{"line":80,"column":32}},"36":{"start":{"line":81,"column":8},"end":{"line":84,"column":9}},"37":{"start":{"line":81,"column":22},"end":{"line":81,"column":23}},"38":{"start":{"line":81,"column":30},"end":{"line":81,"column":43}},"39":{"start":{"line":82,"column":25},"end":{"line":82,"column":31}},"40":{"start":{"line":83,"column":12},"end":{"line":83,"column":80}},"41":{"start":{"line":83,"column":52},"end":{"line":83,"column":76}},"42":{"start":{"line":85,"column":8},"end":{"line":85,"column":45}},"43":{"start":{"line":90,"column":4},"end":{"line":92,"column":6}},"44":{"start":{"line":91,"column":8},"end":{"line":91,"column":35}},"45":{"start":{"line":93,"column":4},"end":{"line":98,"column":6}},"46":{"start":{"line":94,"column":8},"end":{"line":94,"column":79}},"47":{"start":{"line":95,"column":8},"end":{"line":95,"column":75}},"48":{"start":{"line":96,"column":8},"end":{"line":96,"column":24}},"49":{"start":{"line":97,"column":8},"end":{"line":97,"column":61}},"50":{"start":{"line":99,"column":4},"end":{"line":126,"column":6}},"51":{"start":{"line":100,"column":20},"end":{"line":100,"column":24}},"52":{"start":{"line":101,"column":8},"end":{"line":101,"column":31}},"53":{"start":{"line":102,"column":8},"end":{"line":109,"column":9}},"54":{"start":{"line":103,"column":12},"end":{"line":104,"column":23}},"55":{"start":{"line":104,"column":16},"end":{"line":104,"column":23}},"56":{"start":{"line":105,"column":12},"end":{"line":105,"column":62}},"57":{"start":{"line":106,"column":12},"end":{"line":106,"column":176}},"58":{"start":{"line":107,"column":12},"end":{"line":107,"column":175}},"59":{"start":{"line":108,"column":12},"end":{"line":108,"column":19}},"60":{"start":{"line":110,"column":20},"end":{"line":110,"column":35}},"61":{"start":{"line":111,"column":25},"end":{"line":111,"column":27}},"62":{"start":{"line":112,"column":8},"end":{"line":118,"column":9}},"63":{"start":{"line":112,"column":22},"end":{"line":112,"column":23}},"64":{"start":{"line":112,"column":30},"end":{"line":112,"column":43}},"65":{"start":{"line":113,"column":25},"end":{"line":113,"column":31}},"66":{"start":{"line":114,"column":12},"end":{"line":117,"column":13}},"67":{"start":{"line":114,"column":26},"end":{"line":114,"column":27}},"68":{"start":{"line":114,"column":34},"end":{"line":114,"column":50}},"69":{"start":{"line":115,"column":31},"end":{"line":115,"column":37}},"70":{"start":{"line":116,"column":16},"end":{"line":116,"column":73}},"71":{"start":{"line":119,"column":8},"end":{"line":125,"column":11}},"72":{"start":{"line":120,"column":33},"end":{"line":120,"column":73}},"73":{"start":{"line":121,"column":12},"end":{"line":124,"column":13}},"74":{"start":{"line":121,"column":26},"end":{"line":121,"column":27}},"75":{"start":{"line":121,"column":48},"end":{"line":121,"column":62}},"76":{"start":{"line":122,"column":36},"end":{"line":122,"column":56}},"77":{"start":{"line":123,"column":16},"end":{"line":123,"column":79}},"78":{"start":{"line":127,"column":4},"end":{"line":133,"column":6}},"79":{"start":{"line":128,"column":8},"end":{"line":132,"column":9}},"80":{"start":{"line":129,"column":12},"end":{"line":129,"column":62}},"81":{"start":{"line":130,"column":12},"end":{"line":130,"column":175}},"82":{"start":{"line":131,"column":12},"end":{"line":131,"column":19}},"83":{"start":{"line":134,"column":4},"end":{"line":138,"column":6}},"84":{"start":{"line":136,"column":8},"end":{"line":136,"column":30}},"85":{"start":{"line":137,"column":8},"end":{"line":137,"column":56}},"86":{"start":{"line":139,"column":4},"end":{"line":148,"column":6}},"87":{"start":{"line":142,"column":23},"end":{"line":142,"column":70}},"88":{"start":{"line":143,"column":8},"end":{"line":145,"column":9}},"89":{"start":{"line":144,"column":12},"end":{"line":144,"column":19}},"90":{"start":{"line":146,"column":27},"end":{"line":146,"column":101}},"91":{"start":{"line":147,"column":8},"end":{"line":147,"column":70}},"92":{"start":{"line":149,"column":4},"end":{"line":155,"column":6}},"93":{"start":{"line":150,"column":22},"end":{"line":150,"column":75}},"94":{"start":{"line":151,"column":8},"end":{"line":151,"column":40}},"95":{"start":{"line":152,"column":8},"end":{"line":152,"column":190}},"96":{"start":{"line":153,"column":8},"end":{"line":154,"column":133}},"97":{"start":{"line":154,"column":12},"end":{"line":154,"column":133}},"98":{"start":{"line":156,"column":4},"end":{"line":170,"column":6}},"99":{"start":{"line":157,"column":18},"end":{"line":157,"column":20}},"100":{"start":{"line":158,"column":8},"end":{"line":168,"column":9}},"101":{"start":{"line":158,"column":22},"end":{"line":158,"column":23}},"102":{"start":{"line":158,"column":37},"end":{"line":158,"column":44}},"103":{"start":{"line":159,"column":25},"end":{"line":159,"column":38}},"104":{"start":{"line":160,"column":26},"end":{"line":160,"column":31}},"105":{"start":{"line":161,"column":12},"end":{"line":165,"column":13}},"106":{"start":{"line":161,"column":26},"end":{"line":161,"column":27}},"107":{"start":{"line":161,"column":37},"end":{"line":161,"column":40}},"108":{"start":{"line":162,"column":31},"end":{"line":162,"column":40}},"109":{"start":{"line":163,"column":16},"end":{"line":164,"column":35}},"110":{"start":{"line":164,"column":20},"end":{"line":164,"column":35}},"111":{"start":{"line":166,"column":12},"end":{"line":167,"column":33}},"112":{"start":{"line":167,"column":16},"end":{"line":167,"column":33}},"113":{"start":{"line":169,"column":8},"end":{"line":169,"column":19}},"114":{"start":{"line":171,"column":4},"end":{"line":176,"column":6}},"115":{"start":{"line":172,"column":24},"end":{"line":172,"column":71}},"116":{"start":{"line":173,"column":8},"end":{"line":174,"column":81}},"117":{"start":{"line":174,"column":12},"end":{"line":174,"column":81}},"118":{"start":{"line":175,"column":8},"end":{"line":175,"column":74}},"119":{"start":{"line":177,"column":4},"end":{"line":180,"column":6}},"120":{"start":{"line":178,"column":8},"end":{"line":178,"column":46}},"121":{"start":{"line":179,"column":8},"end":{"line":179,"column":43}},"122":{"start":{"line":181,"column":4},"end":{"line":181,"column":22}},"123":{"start":{"line":183,"column":0},"end":{"line":183,"column":32}}},"fnMap":{"0":{"name":"(anonymous_0)","decl":{"start":{"line":2,"column":66},"end":{"line":2,"column":67}},"loc":{"start":{"line":2,"column":89},"end":{"line":5,"column":1}},"line":2},"1":{"name":"(anonymous_1)","decl":{"start":{"line":18,"column":1},"end":{"line":18,"column":2}},"loc":{"start":{"line":18,"column":22},"end":{"line":23,"column":1}},"line":18},"2":{"name":"(anonymous_2)","decl":{"start":{"line":51,"column":32},"end":{"line":51,"column":33}},"loc":{"start":{"line":51,"column":44},"end":{"line":182,"column":1}},"line":51},"3":{"name":"TextEditor","decl":{"start":{"line":56,"column":13},"end":{"line":56,"column":23}},"loc":{"start":{"line":56,"column":40},"end":{"line":74,"column":5}},"line":56},"4":{"name":"(anonymous_4)","decl":{"start":{"line":78,"column":38},"end":{"line":78,"column":39}},"loc":{"start":{"line":78,"column":50},"end":{"line":86,"column":5}},"line":78},"5":{"name":"(anonymous_5)","decl":{"start":{"line":83,"column":37},"end":{"line":83,"column":38}},"loc":{"start":{"line":83,"column":50},"end":{"line":83,"column":78}},"line":83},"6":{"name":"(anonymous_6)","decl":{"start":{"line":90,"column":42},"end":{"line":90,"column":43}},"loc":{"start":{"line":90,"column":60},"end":{"line":92,"column":5}},"line":90},"7":{"name":"(anonymous_7)","decl":{"start":{"line":93,"column":44},"end":{"line":93,"column":45}},"loc":{"start":{"line":93,"column":56},"end":{"line":98,"column":5}},"line":93},"8":{"name":"(anonymous_8)","decl":{"start":{"line":99,"column":41},"end":{"line":99,"column":42}},"loc":{"start":{"line":99,"column":58},"end":{"line":126,"column":5}},"line":99},"9":{"name":"(anonymous_9)","decl":{"start":{"line":119,"column":37},"end":{"line":119,"column":38}},"loc":{"start":{"line":119,"column":55},"end":{"line":125,"column":9}},"line":119},"10":{"name":"(anonymous_10)","decl":{"start":{"line":127,"column":39},"end":{"line":127,"column":40}},"loc":{"start":{"line":127,"column":56},"end":{"line":133,"column":5}},"line":127},"11":{"name":"(anonymous_11)","decl":{"start":{"line":134,"column":36},"end":{"line":134,"column":37}},"loc":{"start":{"line":134,"column":48},"end":{"line":138,"column":5}},"line":134},"12":{"name":"(anonymous_12)","decl":{"start":{"line":139,"column":42},"end":{"line":139,"column":43}},"loc":{"start":{"line":139,"column":54},"end":{"line":148,"column":5}},"line":139},"13":{"name":"(anonymous_13)","decl":{"start":{"line":149,"column":40},"end":{"line":149,"column":41}},"loc":{"start":{"line":149,"column":57},"end":{"line":155,"column":5}},"line":149},"14":{"name":"(anonymous_14)","decl":{"start":{"line":156,"column":47},"end":{"line":156,"column":48}},"loc":{"start":{"line":156,"column":66},"end":{"line":170,"column":5}},"line":156},"15":{"name":"(anonymous_15)","decl":{"start":{"line":171,"column":36},"end":{"line":171,"column":37}},"loc":{"start":{"line":171,"column":48},"end":{"line":176,"column":5}},"line":171},"16":{"name":"(anonymous_16)","decl":{"start":{"line":177,"column":36},"end":{"line":177,"column":37}},"loc":{"start":{"line":177,"column":53},"end":{"line":180,"column":5}},"line":177}},"branchMap":{"0":{"loc":{"start":{"line":2,"column":27},"end":{"line":5,"column":1}},"type":"binary-expr","locations":[{"start":{"line":2,"column":28},"end":{"line":2,"column":32}},{"start":{"line":2,"column":36},"end":{"line":2,"column":61}},{"start":{"line":2,"column":66},"end":{"line":5,"column":1}}],"line":2},"1":{"loc":{"start":{"line":3,"column":4},"end":{"line":3,"column":115}},"type":"if","locations":[{"start":{"line":3,"column":4},"end":{"line":3,"column":115}},{"start":{"line":3,"column":4},"end":{"line":3,"column":115}}],"line":3},"2":{"loc":{"start":{"line":23,"column":3},"end":{"line":23,"column":32}},"type":"binary-expr","locations":[{"start":{"line":23,"column":3},"end":{"line":23,"column":12}},{"start":{"line":23,"column":17},"end":{"line":23,"column":31}}],"line":23},"3":{"loc":{"start":{"line":57,"column":8},"end":{"line":57,"column":47}},"type":"if","locations":[{"start":{"line":57,"column":8},"end":{"line":57,"column":47}},{"start":{"line":57,"column":8},"end":{"line":57,"column":47}}],"line":57},"4":{"loc":{"start":{"line":102,"column":8},"end":{"line":109,"column":9}},"type":"if","locations":[{"start":{"line":102,"column":8},"end":{"line":109,"column":9}},{"start":{"line":102,"column":8},"end":{"line":109,"column":9}}],"line":102},"5":{"loc":{"start":{"line":103,"column":12},"end":{"line":104,"column":23}},"type":"if","locations":[{"start":{"line":103,"column":12},"end":{"line":104,"column":23}},{"start":{"line":103,"column":12},"end":{"line":104,"column":23}}],"line":103},"6":{"loc":{"start":{"line":106,"column":47},"end":{"line":106,"column":162}},"type":"binary-expr","locations":[{"start":{"line":106,"column":47},"end":{"line":106,"column":63}},{"start":{"line":106,"column":68},"end":{"line":106,"column":161}}],"line":106},"7":{"loc":{"start":{"line":107,"column":47},"end":{"line":107,"column":156}},"type":"binary-expr","locations":[{"start":{"line":107,"column":47},"end":{"line":107,"column":63}},{"start":{"line":107,"column":68},"end":{"line":107,"column":155}}],"line":107},"8":{"loc":{"start":{"line":128,"column":8},"end":{"line":132,"column":9}},"type":"if","locations":[{"start":{"line":128,"column":8},"end":{"line":132,"column":9}},{"start":{"line":128,"column":8},"end":{"line":132,"column":9}}],"line":128},"9":{"loc":{"start":{"line":130,"column":47},"end":{"line":130,"column":156}},"type":"binary-expr","locations":[{"start":{"line":130,"column":47},"end":{"line":130,"column":63}},{"start":{"line":130,"column":68},"end":{"line":130,"column":155}}],"line":130},"10":{"loc":{"start":{"line":143,"column":8},"end":{"line":145,"column":9}},"type":"if","locations":[{"start":{"line":143,"column":8},"end":{"line":145,"column":9}},{"start":{"line":143,"column":8},"end":{"line":145,"column":9}}],"line":143},"11":{"loc":{"start":{"line":143,"column":12},"end":{"line":143,"column":150}},"type":"binary-expr","locations":[{"start":{"line":143,"column":12},"end":{"line":143,"column":21}},{"start":{"line":143,"column":25},"end":{"line":143,"column":150}}],"line":143},"12":{"loc":{"start":{"line":143,"column":26},"end":{"line":143,"column":145}},"type":"cond-expr","locations":[{"start":{"line":143,"column":139},"end":{"line":143,"column":141}},{"start":{"line":143,"column":144},"end":{"line":143,"column":145}}],"line":143},"13":{"loc":{"start":{"line":143,"column":26},"end":{"line":143,"column":136}},"type":"binary-expr","locations":[{"start":{"line":143,"column":26},"end":{"line":143,"column":119}},{"start":{"line":143,"column":123},"end":{"line":143,"column":136}}],"line":143},"14":{"loc":{"start":{"line":143,"column":32},"end":{"line":143,"column":109}},"type":"cond-expr","locations":[{"start":{"line":143,"column":91},"end":{"line":143,"column":97}},{"start":{"line":143,"column":100},"end":{"line":143,"column":109}}],"line":143},"15":{"loc":{"start":{"line":143,"column":32},"end":{"line":143,"column":88}},"type":"binary-expr","locations":[{"start":{"line":143,"column":32},"end":{"line":143,"column":71}},{"start":{"line":143,"column":75},"end":{"line":143,"column":88}}],"line":143},"16":{"loc":{"start":{"line":152,"column":43},"end":{"line":152,"column":178}},"type":"binary-expr","locations":[{"start":{"line":152,"column":43},"end":{"line":152,"column":59}},{"start":{"line":152,"column":64},"end":{"line":152,"column":177}}],"line":152},"17":{"loc":{"start":{"line":153,"column":8},"end":{"line":154,"column":133}},"type":"if","locations":[{"start":{"line":153,"column":8},"end":{"line":154,"column":133}},{"start":{"line":153,"column":8},"end":{"line":154,"column":133}}],"line":153},"18":{"loc":{"start":{"line":163,"column":16},"end":{"line":164,"column":35}},"type":"if","locations":[{"start":{"line":163,"column":16},"end":{"line":164,"column":35}},{"start":{"line":163,"column":16},"end":{"line":164,"column":35}}],"line":163},"19":{"loc":{"start":{"line":166,"column":12},"end":{"line":167,"column":33}},"type":"if","locations":[{"start":{"line":166,"column":12},"end":{"line":167,"column":33}},{"start":{"line":166,"column":12},"end":{"line":167,"column":33}}],"line":166},"20":{"loc":{"start":{"line":173,"column":8},"end":{"line":174,"column":81}},"type":"if","locations":[{"start":{"line":173,"column":8},"end":{"line":174,"column":81}},{"start":{"line":173,"column":8},"end":{"line":174,"column":81}}],"line":173}},"s":{"0":4,"1":0,"2":0,"3":0,"4":0,"5":4,"6":4,"7":4,"8":4,"9":4,"10":4,"11":4,"12":4,"13":4,"14":4,"15":4,"16":4,"17":4,"18":4,"19":4,"20":4,"21":4,"22":4,"23":0,"24":0,"25":0,"26":0,"27":0,"28":0,"29":0,"30":0,"31":0,"32":0,"33":4,"34":0,"35":0,"36":0,"37":0,"38":0,"39":0,"40":0,"41":0,"42":0,"43":4,"44":0,"45":4,"46":0,"47":0,"48":0,"49":0,"50":4,"51":0,"52":0,"53":0,"54":0,"55":0,"56":0,"57":0,"58":0,"59":0,"60":0,"61":0,"62":0,"63":0,"64":0,"65":0,"66":0,"67":0,"68":0,"69":0,"70":0,"71":0,"72":0,"73":0,"74":0,"75":0,"76":0,"77":0,"78":4,"79":0,"80":0,"81":0,"82":0,"83":4,"84":0,"85":0,"86":4,"87":0,"88":0,"89":0,"90":0,"91":0,"92":4,"93":0,"94":0,"95":0,"96":0,"97":0,"98":4,"99":0,"100":0,"101":0,"102":0,"103":0,"104":0,"105":0,"106":0,"107":0,"108":0,"109":0,"110":0,"111":0,"112":0,"113":0,"114":4,"115":0,"116":0,"117":0,"118":0,"119":4,"120":0,"121":0,"122":4,"123":4},"f":{"0":0,"1":4,"2":4,"3":0,"4":0,"5":0,"6":0,"7":0,"8":0,"9":0,"10":0,"11":0,"12":0,"13":0,"14":0,"15":0,"16":0},"b":{"0":[4,4,4],"1":[0,0],"2":[4,4],"3":[0,0],"4":[0,0],"5":[0,0],"6":[0,0],"7":[0,0],"8":[0,0],"9":[0,0],"10":[0,0],"11":[0,0],"12":[0,0],"13":[0,0],"14":[0,0],"15":[0,0],"16":[0,0],"17":[0,0],"18":[0,0],"19":[0,0],"20":[0,0]},"inputSourceMap":null,"_coverageSchema":"1a1c01bbd47fc00a2c39e90264f33305004495a9","hash":"b396e60e894cd974c4b150412d20be3a7ecc6a07"}
,"E:\\Documents\\repos\\Projects\\SourcProject\\Sourc\\js\\ts\\core\\logger.js": {"path":"E:\\Documents\\repos\\Projects\\SourcProject\\Sourc\\js\\ts\\core\\logger.js","statementMap":{"0":{"start":{"line":2,"column":16},"end":{"line":16,"column":4}},"1":{"start":{"line":3,"column":24},"end":{"line":8,"column":5}},"2":{"start":{"line":4,"column":8},"end":{"line":6,"column":110}},"3":{"start":{"line":5,"column":69},"end":{"line":5,"column":85}},"4":{"start":{"line":6,"column":30},"end":{"line":6,"column":107}},"5":{"start":{"line":6,"column":47},"end":{"line":6,"column":107}},"6":{"start":{"line":6,"column":95},"end":{"line":6,"column":107}},"7":{"start":{"line":7,"column":8},"end":{"line":7,"column":35}},"8":{"start":{"line":9,"column":4},"end":{"line":15,"column":6}},"9":{"start":{"line":10,"column":8},"end":{"line":11,"column":102}},"10":{"start":{"line":11,"column":12},"end":{"line":11,"column":102}},"11":{"start":{"line":12,"column":8},"end":{"line":12,"column":28}},"12":{"start":{"line":13,"column":24},"end":{"line":13,"column":45}},"13":{"start":{"line":14,"column":8},"end":{"line":14,"column":93}},"14":{"start":{"line":17,"column":0},"end":{"line":17,"column":62}},"15":{"start":{"line":18,"column":0},"end":{"line":18,"column":117}},"16":{"start":{"line":19,"column":15},"end":{"line":19,"column":39}},"17":{"start":{"line":24,"column":34},"end":{"line":30,"column":8}},"18":{"start":{"line":25,"column":4},"end":{"line":25,"column":36}},"19":{"start":{"line":27,"column":8},"end":{"line":27,"column":72}},"20":{"start":{"line":29,"column":4},"end":{"line":29,"column":24}},"21":{"start":{"line":36,"column":0},"end":{"line":43,"column":59}},"22":{"start":{"line":37,"column":4},"end":{"line":37,"column":46}},"23":{"start":{"line":38,"column":4},"end":{"line":38,"column":46}},"24":{"start":{"line":39,"column":4},"end":{"line":39,"column":44}},"25":{"start":{"line":40,"column":4},"end":{"line":40,"column":44}},"26":{"start":{"line":41,"column":4},"end":{"line":41,"column":47}},"27":{"start":{"line":42,"column":4},"end":{"line":42,"column":47}},"28":{"start":{"line":44,"column":18},"end":{"line":49,"column":18}},"29":{"start":{"line":64,"column":28},"end":{"line":180,"column":3}},"30":{"start":{"line":66,"column":8},"end":{"line":66,"column":24}},"31":{"start":{"line":67,"column":8},"end":{"line":67,"column":38}},"32":{"start":{"line":68,"column":8},"end":{"line":68,"column":32}},"33":{"start":{"line":69,"column":8},"end":{"line":69,"column":28}},"34":{"start":{"line":71,"column":4},"end":{"line":73,"column":6}},"35":{"start":{"line":72,"column":8},"end":{"line":72,"column":50}},"36":{"start":{"line":74,"column":4},"end":{"line":76,"column":6}},"37":{"start":{"line":75,"column":8},"end":{"line":75,"column":50}},"38":{"start":{"line":77,"column":4},"end":{"line":82,"column":6}},"39":{"start":{"line":78,"column":8},"end":{"line":78,"column":102}},"40":{"start":{"line":79,"column":8},"end":{"line":81,"column":9}},"41":{"start":{"line":80,"column":12},"end":{"line":80,"column":57}},"42":{"start":{"line":83,"column":4},"end":{"line":85,"column":6}},"43":{"start":{"line":84,"column":8},"end":{"line":84,"column":36}},"44":{"start":{"line":86,"column":4},"end":{"line":89,"column":6}},"45":{"start":{"line":87,"column":8},"end":{"line":87,"column":41}},"46":{"start":{"line":88,"column":8},"end":{"line":88,"column":20}},"47":{"start":{"line":90,"column":4},"end":{"line":93,"column":6}},"48":{"start":{"line":91,"column":8},"end":{"line":91,"column":42}},"49":{"start":{"line":92,"column":8},"end":{"line":92,"column":20}},"50":{"start":{"line":94,"column":4},"end":{"line":97,"column":6}},"51":{"start":{"line":95,"column":8},"end":{"line":95,"column":41}},"52":{"start":{"line":96,"column":8},"end":{"line":96,"column":20}},"53":{"start":{"line":98,"column":4},"end":{"line":101,"column":6}},"54":{"start":{"line":99,"column":8},"end":{"line":99,"column":42}},"55":{"start":{"line":100,"column":8},"end":{"line":100,"column":20}},"56":{"start":{"line":102,"column":4},"end":{"line":105,"column":6}},"57":{"start":{"line":103,"column":8},"end":{"line":103,"column":40}},"58":{"start":{"line":104,"column":8},"end":{"line":104,"column":20}},"59":{"start":{"line":106,"column":4},"end":{"line":109,"column":6}},"60":{"start":{"line":107,"column":8},"end":{"line":107,"column":41}},"61":{"start":{"line":108,"column":8},"end":{"line":108,"column":20}},"62":{"start":{"line":110,"column":4},"end":{"line":113,"column":6}},"63":{"start":{"line":111,"column":8},"end":{"line":111,"column":40}},"64":{"start":{"line":112,"column":8},"end":{"line":112,"column":20}},"65":{"start":{"line":114,"column":4},"end":{"line":117,"column":6}},"66":{"start":{"line":115,"column":8},"end":{"line":115,"column":41}},"67":{"start":{"line":116,"column":8},"end":{"line":116,"column":20}},"68":{"start":{"line":118,"column":4},"end":{"line":121,"column":6}},"69":{"start":{"line":119,"column":8},"end":{"line":119,"column":41}},"70":{"start":{"line":120,"column":8},"end":{"line":120,"column":20}},"71":{"start":{"line":122,"column":4},"end":{"line":125,"column":6}},"72":{"start":{"line":123,"column":8},"end":{"line":123,"column":42}},"73":{"start":{"line":124,"column":8},"end":{"line":124,"column":20}},"74":{"start":{"line":126,"column":4},"end":{"line":129,"column":6}},"75":{"start":{"line":127,"column":8},"end":{"line":127,"column":41}},"76":{"start":{"line":128,"column":8},"end":{"line":128,"column":20}},"77":{"start":{"line":130,"column":4},"end":{"line":133,"column":6}},"78":{"start":{"line":131,"column":8},"end":{"line":131,"column":42}},"79":{"start":{"line":132,"column":8},"end":{"line":132,"column":20}},"80":{"start":{"line":134,"column":4},"end":{"line":136,"column":6}},"81":{"start":{"line":135,"column":8},"end":{"line":135,"column":45}},"82":{"start":{"line":142,"column":4},"end":{"line":145,"column":6}},"83":{"start":{"line":143,"column":8},"end":{"line":143,"column":78}},"84":{"start":{"line":144,"column":8},"end":{"line":144,"column":19}},"85":{"start":{"line":146,"column":4},"end":{"line":148,"column":6}},"86":{"start":{"line":147,"column":8},"end":{"line":147,"column":45}},"87":{"start":{"line":149,"column":4},"end":{"line":151,"column":6}},"88":{"start":{"line":150,"column":8},"end":{"line":150,"column":44}},"89":{"start":{"line":152,"column":4},"end":{"line":154,"column":6}},"90":{"start":{"line":153,"column":8},"end":{"line":153,"column":44}},"91":{"start":{"line":155,"column":4},"end":{"line":157,"column":6}},"92":{"start":{"line":156,"column":8},"end":{"line":156,"column":45}},"93":{"start":{"line":158,"column":4},"end":{"line":160,"column":6}},"94":{"start":{"line":159,"column":8},"end":{"line":159,"column":45}},"95":{"start":{"line":165,"column":4},"end":{"line":170,"column":6}},"96":{"start":{"line":166,"column":8},"end":{"line":166,"column":37}},"97":{"start":{"line":167,"column":8},"end":{"line":167,"column":43}},"98":{"start":{"line":168,"column":8},"end":{"line":168,"column":45}},"99":{"start":{"line":169,"column":8},"end":{"line":169,"column":20}},"100":{"start":{"line":171,"column":4},"end":{"line":174,"column":6}},"101":{"start":{"line":172,"column":8},"end":{"line":172,"column":42}},"102":{"start":{"line":173,"column":8},"end":{"line":173,"column":20}},"103":{"start":{"line":175,"column":4},"end":{"line":178,"column":6}},"104":{"start":{"line":176,"column":8},"end":{"line":176,"column":26}},"105":{"start":{"line":177,"column":8},"end":{"line":177,"column":20}},"106":{"start":{"line":179,"column":4},"end":{"line":179,"column":18}},"107":{"start":{"line":181,"column":0},"end":{"line":181,"column":24}},"108":{"start":{"line":200,"column":0},"end":{"line":200,"column":48}},"109":{"start":{"line":205,"column":32},"end":{"line":338,"column":3}},"110":{"start":{"line":207,"column":8},"end":{"line":207,"column":33}},"111":{"start":{"line":213,"column":4},"end":{"line":218,"column":6}},"112":{"start":{"line":214,"column":8},"end":{"line":217,"column":9}},"113":{"start":{"line":214,"column":22},"end":{"line":214,"column":23}},"114":{"start":{"line":214,"column":30},"end":{"line":214,"column":58}},"115":{"start":{"line":215,"column":25},"end":{"line":215,"column":31}},"116":{"start":{"line":216,"column":12},"end":{"line":216,"column":48}},"117":{"start":{"line":219,"column":4},"end":{"line":225,"column":6}},"118":{"start":{"line":220,"column":8},"end":{"line":223,"column":9}},"119":{"start":{"line":220,"column":22},"end":{"line":220,"column":23}},"120":{"start":{"line":220,"column":30},"end":{"line":220,"column":58}},"121":{"start":{"line":221,"column":25},"end":{"line":221,"column":31}},"122":{"start":{"line":222,"column":12},"end":{"line":222,"column":33}},"123":{"start":{"line":224,"column":8},"end":{"line":224,"column":20}},"124":{"start":{"line":226,"column":4},"end":{"line":232,"column":6}},"125":{"start":{"line":227,"column":8},"end":{"line":230,"column":9}},"126":{"start":{"line":227,"column":22},"end":{"line":227,"column":23}},"127":{"start":{"line":227,"column":30},"end":{"line":227,"column":58}},"128":{"start":{"line":228,"column":25},"end":{"line":228,"column":31}},"129":{"start":{"line":229,"column":12},"end":{"line":229,"column":34}},"130":{"start":{"line":231,"column":8},"end":{"line":231,"column":20}},"131":{"start":{"line":233,"column":4},"end":{"line":239,"column":6}},"132":{"start":{"line":234,"column":8},"end":{"line":237,"column":9}},"133":{"start":{"line":234,"column":22},"end":{"line":234,"column":23}},"134":{"start":{"line":234,"column":30},"end":{"line":234,"column":58}},"135":{"start":{"line":235,"column":25},"end":{"line":235,"column":31}},"136":{"start":{"line":236,"column":12},"end":{"line":236,"column":33}},"137":{"start":{"line":238,"column":8},"end":{"line":238,"column":20}},"138":{"start":{"line":240,"column":4},"end":{"line":246,"column":6}},"139":{"start":{"line":241,"column":8},"end":{"line":244,"column":9}},"140":{"start":{"line":241,"column":22},"end":{"line":241,"column":23}},"141":{"start":{"line":241,"column":30},"end":{"line":241,"column":58}},"142":{"start":{"line":242,"column":25},"end":{"line":242,"column":31}},"143":{"start":{"line":243,"column":12},"end":{"line":243,"column":34}},"144":{"start":{"line":245,"column":8},"end":{"line":245,"column":20}},"145":{"start":{"line":247,"column":4},"end":{"line":253,"column":6}},"146":{"start":{"line":248,"column":8},"end":{"line":251,"column":9}},"147":{"start":{"line":248,"column":22},"end":{"line":248,"column":23}},"148":{"start":{"line":248,"column":30},"end":{"line":248,"column":58}},"149":{"start":{"line":249,"column":25},"end":{"line":249,"column":31}},"150":{"start":{"line":250,"column":12},"end":{"line":250,"column":32}},"151":{"start":{"line":252,"column":8},"end":{"line":252,"column":20}},"152":{"start":{"line":254,"column":4},"end":{"line":260,"column":6}},"153":{"start":{"line":255,"column":8},"end":{"line":258,"column":9}},"154":{"start":{"line":255,"column":22},"end":{"line":255,"column":23}},"155":{"start":{"line":255,"column":30},"end":{"line":255,"column":58}},"156":{"start":{"line":256,"column":25},"end":{"line":256,"column":31}},"157":{"start":{"line":257,"column":12},"end":{"line":257,"column":33}},"158":{"start":{"line":259,"column":8},"end":{"line":259,"column":20}},"159":{"start":{"line":261,"column":4},"end":{"line":267,"column":6}},"160":{"start":{"line":262,"column":8},"end":{"line":265,"column":9}},"161":{"start":{"line":262,"column":22},"end":{"line":262,"column":23}},"162":{"start":{"line":262,"column":30},"end":{"line":262,"column":58}},"163":{"start":{"line":263,"column":25},"end":{"line":263,"column":31}},"164":{"start":{"line":264,"column":12},"end":{"line":264,"column":32}},"165":{"start":{"line":266,"column":8},"end":{"line":266,"column":20}},"166":{"start":{"line":268,"column":4},"end":{"line":274,"column":6}},"167":{"start":{"line":269,"column":8},"end":{"line":272,"column":9}},"168":{"start":{"line":269,"column":22},"end":{"line":269,"column":23}},"169":{"start":{"line":269,"column":30},"end":{"line":269,"column":58}},"170":{"start":{"line":270,"column":25},"end":{"line":270,"column":31}},"171":{"start":{"line":271,"column":12},"end":{"line":271,"column":33}},"172":{"start":{"line":273,"column":8},"end":{"line":273,"column":20}},"173":{"start":{"line":275,"column":4},"end":{"line":281,"column":6}},"174":{"start":{"line":276,"column":8},"end":{"line":279,"column":9}},"175":{"start":{"line":276,"column":22},"end":{"line":276,"column":23}},"176":{"start":{"line":276,"column":30},"end":{"line":276,"column":58}},"177":{"start":{"line":277,"column":25},"end":{"line":277,"column":31}},"178":{"start":{"line":278,"column":12},"end":{"line":278,"column":33}},"179":{"start":{"line":280,"column":8},"end":{"line":280,"column":20}},"180":{"start":{"line":282,"column":4},"end":{"line":288,"column":6}},"181":{"start":{"line":283,"column":8},"end":{"line":286,"column":9}},"182":{"start":{"line":283,"column":22},"end":{"line":283,"column":23}},"183":{"start":{"line":283,"column":30},"end":{"line":283,"column":58}},"184":{"start":{"line":284,"column":25},"end":{"line":284,"column":31}},"185":{"start":{"line":285,"column":12},"end":{"line":285,"column":34}},"186":{"start":{"line":287,"column":8},"end":{"line":287,"column":20}},"187":{"start":{"line":289,"column":4},"end":{"line":295,"column":6}},"188":{"start":{"line":290,"column":8},"end":{"line":293,"column":9}},"189":{"start":{"line":290,"column":22},"end":{"line":290,"column":23}},"190":{"start":{"line":290,"column":30},"end":{"line":290,"column":58}},"191":{"start":{"line":291,"column":25},"end":{"line":291,"column":31}},"192":{"start":{"line":292,"column":12},"end":{"line":292,"column":33}},"193":{"start":{"line":294,"column":8},"end":{"line":294,"column":20}},"194":{"start":{"line":296,"column":4},"end":{"line":302,"column":6}},"195":{"start":{"line":297,"column":8},"end":{"line":300,"column":9}},"196":{"start":{"line":297,"column":22},"end":{"line":297,"column":23}},"197":{"start":{"line":297,"column":30},"end":{"line":297,"column":58}},"198":{"start":{"line":298,"column":25},"end":{"line":298,"column":31}},"199":{"start":{"line":299,"column":12},"end":{"line":299,"column":34}},"200":{"start":{"line":301,"column":8},"end":{"line":301,"column":20}},"201":{"start":{"line":307,"column":4},"end":{"line":312,"column":6}},"202":{"start":{"line":308,"column":21},"end":{"line":308,"column":46}},"203":{"start":{"line":309,"column":8},"end":{"line":309,"column":76}},"204":{"start":{"line":310,"column":8},"end":{"line":310,"column":30}},"205":{"start":{"line":311,"column":8},"end":{"line":311,"column":20}},"206":{"start":{"line":317,"column":4},"end":{"line":322,"column":6}},"207":{"start":{"line":318,"column":21},"end":{"line":318,"column":46}},"208":{"start":{"line":319,"column":8},"end":{"line":319,"column":76}},"209":{"start":{"line":320,"column":8},"end":{"line":320,"column":31}},"210":{"start":{"line":321,"column":8},"end":{"line":321,"column":20}},"211":{"start":{"line":323,"column":4},"end":{"line":329,"column":6}},"212":{"start":{"line":324,"column":8},"end":{"line":327,"column":9}},"213":{"start":{"line":324,"column":22},"end":{"line":324,"column":23}},"214":{"start":{"line":324,"column":30},"end":{"line":324,"column":58}},"215":{"start":{"line":325,"column":25},"end":{"line":325,"column":31}},"216":{"start":{"line":326,"column":12},"end":{"line":326,"column":34}},"217":{"start":{"line":328,"column":8},"end":{"line":328,"column":20}},"218":{"start":{"line":330,"column":4},"end":{"line":336,"column":6}},"219":{"start":{"line":331,"column":8},"end":{"line":334,"column":9}},"220":{"start":{"line":331,"column":22},"end":{"line":331,"column":23}},"221":{"start":{"line":331,"column":30},"end":{"line":331,"column":58}},"222":{"start":{"line":332,"column":25},"end":{"line":332,"column":31}},"223":{"start":{"line":333,"column":12},"end":{"line":333,"column":35}},"224":{"start":{"line":335,"column":8},"end":{"line":335,"column":20}},"225":{"start":{"line":337,"column":4},"end":{"line":337,"column":22}},"226":{"start":{"line":339,"column":0},"end":{"line":339,"column":32}},"227":{"start":{"line":343,"column":0},"end":{"line":343,"column":66}},"228":{"start":{"line":344,"column":0},"end":{"line":344,"column":69}}},"fnMap":{"0":{"name":"(anonymous_0)","decl":{"start":{"line":2,"column":45},"end":{"line":2,"column":46}},"loc":{"start":{"line":2,"column":57},"end":{"line":16,"column":1}},"line":2},"1":{"name":"(anonymous_1)","decl":{"start":{"line":3,"column":24},"end":{"line":3,"column":25}},"loc":{"start":{"line":3,"column":40},"end":{"line":8,"column":5}},"line":3},"2":{"name":"(anonymous_2)","decl":{"start":{"line":5,"column":51},"end":{"line":5,"column":52}},"loc":{"start":{"line":5,"column":67},"end":{"line":5,"column":87}},"line":5},"3":{"name":"(anonymous_3)","decl":{"start":{"line":6,"column":12},"end":{"line":6,"column":13}},"loc":{"start":{"line":6,"column":28},"end":{"line":6,"column":109}},"line":6},"4":{"name":"(anonymous_4)","decl":{"start":{"line":9,"column":11},"end":{"line":9,"column":12}},"loc":{"start":{"line":9,"column":27},"end":{"line":15,"column":5}},"line":9},"5":{"name":"__","decl":{"start":{"line":13,"column":17},"end":{"line":13,"column":19}},"loc":{"start":{"line":13,"column":22},"end":{"line":13,"column":47}},"line":13},"6":{"name":"(anonymous_6)","decl":{"start":{"line":24,"column":34},"end":{"line":24,"column":35}},"loc":{"start":{"line":24,"column":52},"end":{"line":30,"column":1}},"line":24},"7":{"name":"LoggingError","decl":{"start":{"line":26,"column":13},"end":{"line":26,"column":25}},"loc":{"start":{"line":26,"column":28},"end":{"line":28,"column":5}},"line":26},"8":{"name":"(anonymous_8)","decl":{"start":{"line":36,"column":1},"end":{"line":36,"column":2}},"loc":{"start":{"line":36,"column":21},"end":{"line":43,"column":1}},"line":36},"9":{"name":"(anonymous_9)","decl":{"start":{"line":64,"column":28},"end":{"line":64,"column":29}},"loc":{"start":{"line":64,"column":40},"end":{"line":180,"column":1}},"line":64},"10":{"name":"Logger","decl":{"start":{"line":65,"column":13},"end":{"line":65,"column":19}},"loc":{"start":{"line":65,"column":22},"end":{"line":70,"column":5}},"line":65},"11":{"name":"(anonymous_11)","decl":{"start":{"line":71,"column":35},"end":{"line":71,"column":36}},"loc":{"start":{"line":71,"column":52},"end":{"line":73,"column":5}},"line":71},"12":{"name":"(anonymous_12)","decl":{"start":{"line":74,"column":36},"end":{"line":74,"column":37}},"loc":{"start":{"line":74,"column":53},"end":{"line":76,"column":5}},"line":74},"13":{"name":"(anonymous_13)","decl":{"start":{"line":77,"column":34},"end":{"line":77,"column":35}},"loc":{"start":{"line":77,"column":60},"end":{"line":82,"column":5}},"line":77},"14":{"name":"(anonymous_14)","decl":{"start":{"line":83,"column":42},"end":{"line":83,"column":43}},"loc":{"start":{"line":83,"column":62},"end":{"line":85,"column":5}},"line":83},"15":{"name":"(anonymous_15)","decl":{"start":{"line":86,"column":35},"end":{"line":86,"column":36}},"loc":{"start":{"line":86,"column":47},"end":{"line":89,"column":5}},"line":86},"16":{"name":"(anonymous_16)","decl":{"start":{"line":90,"column":36},"end":{"line":90,"column":37}},"loc":{"start":{"line":90,"column":48},"end":{"line":93,"column":5}},"line":90},"17":{"name":"(anonymous_17)","decl":{"start":{"line":94,"column":35},"end":{"line":94,"column":36}},"loc":{"start":{"line":94,"column":47},"end":{"line":97,"column":5}},"line":94},"18":{"name":"(anonymous_18)","decl":{"start":{"line":98,"column":36},"end":{"line":98,"column":37}},"loc":{"start":{"line":98,"column":48},"end":{"line":101,"column":5}},"line":98},"19":{"name":"(anonymous_19)","decl":{"start":{"line":102,"column":34},"end":{"line":102,"column":35}},"loc":{"start":{"line":102,"column":46},"end":{"line":105,"column":5}},"line":102},"20":{"name":"(anonymous_20)","decl":{"start":{"line":106,"column":35},"end":{"line":106,"column":36}},"loc":{"start":{"line":106,"column":47},"end":{"line":109,"column":5}},"line":106},"21":{"name":"(anonymous_21)","decl":{"start":{"line":110,"column":34},"end":{"line":110,"column":35}},"loc":{"start":{"line":110,"column":46},"end":{"line":113,"column":5}},"line":110},"22":{"name":"(anonymous_22)","decl":{"start":{"line":114,"column":35},"end":{"line":114,"column":36}},"loc":{"start":{"line":114,"column":47},"end":{"line":117,"column":5}},"line":114},"23":{"name":"(anonymous_23)","decl":{"start":{"line":118,"column":35},"end":{"line":118,"column":36}},"loc":{"start":{"line":118,"column":47},"end":{"line":121,"column":5}},"line":118},"24":{"name":"(anonymous_24)","decl":{"start":{"line":122,"column":36},"end":{"line":122,"column":37}},"loc":{"start":{"line":122,"column":48},"end":{"line":125,"column":5}},"line":122},"25":{"name":"(anonymous_25)","decl":{"start":{"line":126,"column":35},"end":{"line":126,"column":36}},"loc":{"start":{"line":126,"column":47},"end":{"line":129,"column":5}},"line":126},"26":{"name":"(anonymous_26)","decl":{"start":{"line":130,"column":36},"end":{"line":130,"column":37}},"loc":{"start":{"line":130,"column":48},"end":{"line":133,"column":5}},"line":130},"27":{"name":"(anonymous_27)","decl":{"start":{"line":134,"column":29},"end":{"line":134,"column":30}},"loc":{"start":{"line":134,"column":44},"end":{"line":136,"column":5}},"line":134},"28":{"name":"(anonymous_28)","decl":{"start":{"line":142,"column":29},"end":{"line":142,"column":30}},"loc":{"start":{"line":142,"column":50},"end":{"line":145,"column":5}},"line":142},"29":{"name":"(anonymous_29)","decl":{"start":{"line":146,"column":29},"end":{"line":146,"column":30}},"loc":{"start":{"line":146,"column":44},"end":{"line":148,"column":5}},"line":146},"30":{"name":"(anonymous_30)","decl":{"start":{"line":149,"column":28},"end":{"line":149,"column":29}},"loc":{"start":{"line":149,"column":43},"end":{"line":151,"column":5}},"line":149},"31":{"name":"(anonymous_31)","decl":{"start":{"line":152,"column":28},"end":{"line":152,"column":29}},"loc":{"start":{"line":152,"column":43},"end":{"line":154,"column":5}},"line":152},"32":{"name":"(anonymous_32)","decl":{"start":{"line":155,"column":29},"end":{"line":155,"column":30}},"loc":{"start":{"line":155,"column":44},"end":{"line":157,"column":5}},"line":155},"33":{"name":"(anonymous_33)","decl":{"start":{"line":158,"column":29},"end":{"line":158,"column":30}},"loc":{"start":{"line":158,"column":44},"end":{"line":160,"column":5}},"line":158},"34":{"name":"(anonymous_34)","decl":{"start":{"line":165,"column":34},"end":{"line":165,"column":35}},"loc":{"start":{"line":165,"column":51},"end":{"line":170,"column":5}},"line":165},"35":{"name":"(anonymous_35)","decl":{"start":{"line":171,"column":35},"end":{"line":171,"column":36}},"loc":{"start":{"line":171,"column":55},"end":{"line":174,"column":5}},"line":171},"36":{"name":"(anonymous_36)","decl":{"start":{"line":175,"column":32},"end":{"line":175,"column":33}},"loc":{"start":{"line":175,"column":48},"end":{"line":178,"column":5}},"line":175},"37":{"name":"(anonymous_37)","decl":{"start":{"line":205,"column":32},"end":{"line":205,"column":33}},"loc":{"start":{"line":205,"column":44},"end":{"line":338,"column":1}},"line":205},"38":{"name":"LoggerPool","decl":{"start":{"line":206,"column":13},"end":{"line":206,"column":23}},"loc":{"start":{"line":206,"column":34},"end":{"line":208,"column":5}},"line":206},"39":{"name":"(anonymous_39)","decl":{"start":{"line":213,"column":50},"end":{"line":213,"column":51}},"loc":{"start":{"line":213,"column":70},"end":{"line":218,"column":5}},"line":213},"40":{"name":"(anonymous_40)","decl":{"start":{"line":219,"column":43},"end":{"line":219,"column":44}},"loc":{"start":{"line":219,"column":55},"end":{"line":225,"column":5}},"line":219},"41":{"name":"(anonymous_41)","decl":{"start":{"line":226,"column":44},"end":{"line":226,"column":45}},"loc":{"start":{"line":226,"column":56},"end":{"line":232,"column":5}},"line":226},"42":{"name":"(anonymous_42)","decl":{"start":{"line":233,"column":43},"end":{"line":233,"column":44}},"loc":{"start":{"line":233,"column":55},"end":{"line":239,"column":5}},"line":233},"43":{"name":"(anonymous_43)","decl":{"start":{"line":240,"column":44},"end":{"line":240,"column":45}},"loc":{"start":{"line":240,"column":56},"end":{"line":246,"column":5}},"line":240},"44":{"name":"(anonymous_44)","decl":{"start":{"line":247,"column":42},"end":{"line":247,"column":43}},"loc":{"start":{"line":247,"column":54},"end":{"line":253,"column":5}},"line":247},"45":{"name":"(anonymous_45)","decl":{"start":{"line":254,"column":43},"end":{"line":254,"column":44}},"loc":{"start":{"line":254,"column":55},"end":{"line":260,"column":5}},"line":254},"46":{"name":"(anonymous_46)","decl":{"start":{"line":261,"column":42},"end":{"line":261,"column":43}},"loc":{"start":{"line":261,"column":54},"end":{"line":267,"column":5}},"line":261},"47":{"name":"(anonymous_47)","decl":{"start":{"line":268,"column":43},"end":{"line":268,"column":44}},"loc":{"start":{"line":268,"column":55},"end":{"line":274,"column":5}},"line":268},"48":{"name":"(anonymous_48)","decl":{"start":{"line":275,"column":43},"end":{"line":275,"column":44}},"loc":{"start":{"line":275,"column":55},"end":{"line":281,"column":5}},"line":275},"49":{"name":"(anonymous_49)","decl":{"start":{"line":282,"column":44},"end":{"line":282,"column":45}},"loc":{"start":{"line":282,"column":56},"end":{"line":288,"column":5}},"line":282},"50":{"name":"(anonymous_50)","decl":{"start":{"line":289,"column":43},"end":{"line":289,"column":44}},"loc":{"start":{"line":289,"column":55},"end":{"line":295,"column":5}},"line":289},"51":{"name":"(anonymous_51)","decl":{"start":{"line":296,"column":44},"end":{"line":296,"column":45}},"loc":{"start":{"line":296,"column":56},"end":{"line":302,"column":5}},"line":296},"52":{"name":"(anonymous_52)","decl":{"start":{"line":307,"column":40},"end":{"line":307,"column":41}},"loc":{"start":{"line":307,"column":62},"end":{"line":312,"column":5}},"line":307},"53":{"na
[...]
":{"start":{"line":41,"column":2},"end":{"line":44,"column":4}},"10":{"start":{"line":36,"column":0},"end":{"line":36,"column":16}},"11":{"start":{"line":50,"column":0},"end":{"line":50,"column":null}},"12":{"start":{"line":54,"column":2},"end":{"line":54,"column":null}},"13":{"start":{"line":58,"column":2},"end":{"line":58,"column":null}},"14":{"start":{"line":62,"column":2},"end":{"line":62,"column":null}},"15":{"start":{"line":66,"column":2},"end":{"line":66,"column":null}},"16":{"start":{"line":70,"column":2},"end":{"line":70,"column":null}},"17":{"start":{"line":77,"column":2},"end":{"line":94,"column":null}},"18":{"start":{"line":79,"column":6},"end":{"line":79,"column":31}},"19":{"start":{"line":81,"column":6},"end":{"line":81,"column":28}},"20":{"start":{"line":86,"column":6},"end":{"line":86,"column":30}},"21":{"start":{"line":91,"column":6},"end":{"line":91,"column":30}},"22":{"start":{"line":93,"column":6},"end":{"line":93,"column":27}},"23":{"start":{"line":76,"column":0},"end":{"line":76,"column":16}},"24":{"start":{"line":104,"column":2},"end":{"line":104,"column":44}},"25":{"start":{"line":106,"column":12},"end":{"line":106,"column":33}},"26":{"start":{"line":110,"column":14},"end":{"line":110,"column":51}},"27":{"start":{"line":111,"column":34},"end":{"line":111,"column":76}},"28":{"start":{"line":111,"column":19},"end":{"line":111,"column":21}},"29":{"start":{"line":111,"column":30},"end":{"line":111,"column":34}},"30":{"start":{"line":112,"column":2},"end":{"line":112,"column":74}},"31":{"start":{"line":114,"column":2},"end":{"line":114,"column":24}},"32":{"start":{"line":115,"column":2},"end":{"line":115,"column":40}},"33":{"start":{"line":116,"column":2},"end":{"line":116,"column":24}},"34":{"start":{"line":117,"column":2},"end":{"line":117,"column":22}},"35":{"start":{"line":100,"column":0},"end":{"line":100,"column":16}},"36":{"start":{"line":121,"column":16},"end":{"line":121,"column":38}},"37":{"start":{"line":122,"column":2},"end":{"line":122,"column":25}},"38":{"start":{"line":123,"column":2},"end":{"line":123,"column":26}},"39":{"start":{"line":125,"column":25},"end":{"line":127,"column":null}},"40":{"start":{"line":125,"column":14},"end":{"line":125,"column":16}},"41":{"start":{"line":125,"column":21},"end":{"line":125,"column":25}},"42":{"start":{"line":129,"column":2},"end":{"line":129,"column":61}},"43":{"start":{"line":130,"column":2},"end":{"line":130,"column":29}},"44":{"start":{"line":132,"column":2},"end":{"line":132,"column":15}},"45":{"start":{"line":139,"column":2},"end":{"line":158,"column":null}},"46":{"start":{"line":140,"column":18},"end":{"line":140,"column":37}},"47":{"start":{"line":141,"column":4},"end":{"line":146,"column":null}},"48":{"start":{"line":142,"column":6},"end":{"line":142,"column":31}},"49":{"start":{"line":143,"column":6},"end":{"line":143,"column":28}},"50":{"start":{"line":145,"column":6},"end":{"line":145,"column":30}},"51":{"start":{"line":148,"column":4},"end":{"line":155,"column":null}},"52":{"start":{"line":148,"column":17},"end":{"line":148,"column":18}},"53":{"start":{"line":149,"column":30},"end":{"line":149,"column":78}},"54":{"start":{"line":149,"column":15},"end":{"line":149,"column":17}},"55":{"start":{"line":149,"column":26},"end":{"line":149,"column":30}},"56":{"start":{"line":150,"column":6},"end":{"line":154,"column":null}},"57":{"start":{"line":151,"column":8},"end":{"line":151,"column":27}},"58":{"start":{"line":153,"column":8},"end":{"line":153,"column":33}},"59":{"start":{"line":168,"column":18},"end":{"line":168,"column":39}},"60":{"start":{"line":171,"column":2},"end":{"line":178,"column":null}},"61":{"start":{"line":172,"column":16},"end":{"line":172,"column":39}},"62":{"start":{"line":174,"column":4},"end":{"line":177,"column":6}},"63":{"start":{"line":165,"column":0},"end":{"line":165,"column":16}},"64":{"start":{"line":189,"column":15},"end":{"line":189,"column":16}},"65":{"start":{"line":191,"column":2},"end":{"line":197,"column":null}},"66":{"start":{"line":192,"column":4},"end":{"line":192,"column":21}},"67":{"start":{"line":194,"column":4},"end":{"line":196,"column":null}},"68":{"start":{"line":194,"column":17},"end":{"line":194,"column":18}},"69":{"start":{"line":195,"column":6},"end":{"line":195,"column":54}},"70":{"start":{"line":199,"column":2},"end":{"line":201,"column":null}},"71":{"start":{"line":200,"column":4},"end":{"line":200,"column":75}},"72":{"start":{"line":203,"column":2},"end":{"line":203,"column":16}},"73":{"start":{"line":207,"column":15},"end":{"line":207,"column":16}},"74":{"start":{"line":209,"column":2},"end":{"line":213,"column":null}},"75":{"start":{"line":210,"column":4},"end":{"line":210,"column":37}},"76":{"start":{"line":212,"column":4},"end":{"line":212,"column":77}},"77":{"start":{"line":212,"column":39},"end":{"line":212,"column":76}},"78":{"start":{"line":215,"column":2},"end":{"line":215,"column":16}},"79":{"start":{"line":219,"column":2},"end":{"line":219,"column":75}}},"fnMap":{"0":{"name":"isSelectionFlat","decl":{"start":{"line":16,"column":16},"end":{"line":16,"column":31}},"loc":{"start":{"line":16,"column":53},"end":{"line":18,"column":1}}},"1":{"name":"normalizeSelection","decl":{"start":{"line":20,"column":16},"end":{"line":20,"column":34}},"loc":{"start":{"line":20,"column":56},"end":{"line":27,"column":1}}},"2":{"name":"clampSelection","decl":{"start":{"line":36,"column":16},"end":{"line":36,"column":30}},"loc":{"start":{"line":39,"column":13},"end":{"line":45,"column":1}}},"3":{"name":"(anonymous_3)","decl":{"start":{"line":50,"column":0},"end":{"line":50,"column":12}},"loc":{"start":{"line":50,"column":19},"end":{"line":71,"column":1}}},"4":{"name":"getKeyType","decl":{"start":{"line":76,"column":16},"end":{"line":76,"column":26}},"loc":{"start":{"line":76,"column":38},"end":{"line":95,"column":1}}},"5":{"name":"setCaretSelection","decl":{"start":{"line":100,"column":16},"end":{"line":100,"column":33}},"loc":{"start":{"line":102,"column":27},"end":{"line":118,"column":1}}},"6":{"name":"createRange","decl":{"start":{"line":120,"column":9},"end":{"line":120,"column":20}},"loc":{"start":{"line":120,"column":47},"end":{"line":133,"column":1}}},"7":{"name":"findOffsetIntoNode","decl":{"start":{"line":135,"column":9},"end":{"line":135,"column":27}},"loc":{"start":{"line":137,"column":16},"end":{"line":159,"column":1}}},"8":{"name":"getCaretSelection","decl":{"start":{"line":165,"column":16},"end":{"line":165,"column":33}},"loc":{"start":{"line":166,"column":28},"end":{"line":182,"column":1}}},"9":{"name":"getTextLength","decl":{"start":{"line":184,"column":9},"end":{"line":184,"column":22}},"loc":{"start":{"line":187,"column":16},"end":{"line":204,"column":1}}},"10":{"name":"getNodeTextLength","decl":{"start":{"line":206,"column":9},"end":{"line":206,"column":26}},"loc":{"start":{"line":206,"column":37},"end":{"line":216,"column":1}}},"11":{"name":"(anonymous_11)","decl":{"start":{"line":212,"column":28},"end":{"line":212,"column":29}},"loc":{"start":{"line":212,"column":34},"end":{"line":212,"column":40}}},"12":{"name":"getNodeOffset","decl":{"start":{"line":218,"column":9},"end":{"line":218,"column":22}},"loc":{"start":{"line":218,"column":33},"end":{"line":220,"column":1}}}},"branchMap":{"0":{"loc":{"start":{"line":21,"column":2},"end":{"line":26,"column":20}},"type":"if","locations":[{"start":{"line":21,"column":2},"end":{"line":26,"column":20}},{"start":{"line":21,"column":2},"end":{"line":26,"column":20}}]},"1":{"loc":{"start":{"line":50,"column":12},"end":{"line":50,"column":19}},"type":"binary-expr","locations":[{"start":{"line":50,"column":12},"end":{"line":50,"column":19}},{"start":{"line":50,"column":12},"end":{"line":50,"column":null}}]},"2":{"loc":{"start":{"line":78,"column":4},"end":{"line":79,"column":31}},"type":"switch","locations":[{"start":{"line":78,"column":4},"end":{"line":79,"column":31}},{"start":{"line":80,"column":4},"end":{"line":81,"column":28}},{"start":{"line":82,"column":4},"end":{"line":82,"column":19}},{"start":{"line":83,"column":4},"end":{"line":83,"column":21}},{"start":{"line":84,"column":4},"end":{"line":84,"column":21}},{"start":{"line":85,"column":4},"end":{"line":86,"column":30}},{"start":{"line":87,"column":4},"end":{"line":87,"column":17}},{"start":{"line":88,"column":4},"end":{"line":88,"column":19}},{"start":{"line":89,"column":4},"end":{"line":89,"column":15}},{"start":{"line":90,"column":4},"end":{"line":91,"column":30}},{"start":{"line":92,"column":4},"end":{"line":93,"column":27}}]},"3":{"loc":{"start":{"line":139,"column":2},"end":{"line":158,"column":null}},"type":"if","locations":[{"start":{"line":139,"column":2},"end":{"line":158,"column":null}},{"start":{"line":139,"column":2},"end":{"line":158,"column":null}}]},"4":{"loc":{"start":{"line":141,"column":4},"end":{"line":146,"column":null}},"type":"if","locations":[{"start":{"line":141,"column":4},"end":{"line":146,"column":null}},{"start":{"line":141,"column":4},"end":{"line":146,"column":null}}]},"5":{"loc":{"start":{"line":150,"column":6},"end":{"line":154,"column":null}},"type":"if","locations":[{"start":{"line":150,"column":6},"end":{"line":154,"column":null}},{"start":{"line":150,"column":6},"end":{"line":154,"column":null}}]},"6":{"loc":{"start":{"line":171,"column":2},"end":{"line":178,"column":null}},"type":"if","locations":[{"start":{"line":171,"column":2},"end":{"line":178,"column":null}}]},"7":{"loc":{"start":{"line":171,"column":6},"end":{"line":171,"column":15}},"type":"binary-expr","locations":[{"start":{"line":171,"column":6},"end":{"line":171,"column":15}},{"start":{"line":171,"column":19},"end":{"line":171,"column":43}}]},"8":{"loc":{"start":{"line":191,"column":2},"end":{"line":197,"column":null}},"type":"if","locations":[{"start":{"line":191,"column":2},"end":{"line":197,"column":null}},{"start":{"line":191,"column":2},"end":{"line":197,"column":null}}]},"9":{"loc":{"start":{"line":199,"column":2},"end":{"line":201,"column":null}},"type":"if","locations":[{"start":{"line":199,"column":2},"end":{"line":201,"column":null}},{"start":{"line":199,"column":2},"end":{"line":201,"column":null}}]},"10":{"loc":{"start":{"line":199,"column":6},"end":{"line":199,"column":21}},"type":"binary-expr","locations":[{"start":{"line":199,"column":6},"end":{"line":199,"column":21}},{"start":{"line":199,"column":25},"end":{"line":199,"column":40}}]},"11":{"loc":{"start":{"line":209,"column":2},"end":{"line":213,"column":null}},"type":"if","locations":[{"start":{"line":209,"column":2},"end":{"line":213,"column":null}},{"start":{"line":209,"column":2},"end":{"line":213,"column":null}}]},"12":{"loc":{"start":{"line":219,"column":24},"end":{"line":219,"column":26}},"type":"cond-expr","locations":[{"start":{"line":219,"column":24},"end":{"line":219,"column":26}},{"start":{"line":219,"column":29},"end":{"line":219,"column":74}}]}},"s":{"0":4,"1":4,"2":4,"3":2,"4":4,"5":8,"6":1,"7":7,"8":4,"9":2,"10":4,"11":4,"12":4,"13":4,"14":4,"15":4,"16":4,"17":129,"18":1,"19":1,"20":4,"21":4,"22":119,"23":4,"24":6,"25":6,"26":6,"27":6,"28":6,"29":6,"30":6,"31":6,"32":6,"33":6,"34":6,"35":4,"36":6,"37":6,"38":6,"39":6,"40":6,"41":6,"42":6,"43":6,"44":6,"45":31,"46":15,"47":15,"48":3,"49":3,"50":12,"51":16,"52":16,"53":19,"54":19,"55":19,"56":19,"57":6,"58":13,"59":6,"60":6,"61":6,"62":6,"63":4,"64":25,"65":25,"66":12,"67":13,"68":13,"69":4,"70":25,"71":13,"72":25,"73":6,"74":6,"75":3,"76":3,"77":2,"78":6,"79":30},"f":{"0":2,"1":8,"2":2,"3":4,"4":129,"5":6,"6":6,"7":31,"8":6,"9":25,"10":6,"11":2,"12":30},"b":{"0":[1,7],"1":[4,4],"2":[1,1,1,2,3,4,1,2,3,4,119],"3":[15,16],"4":[3,12],"5":[6,13],"6":[6],"7":[6,6],"8":[12,13],"9":[13,12],"10":[25,13],"11":[3,3],"12":[13,17]}}
,"E:\\Documents\\repos\\Projects\\SourcProject\\Sourc\\ts\\core\\tool\\general.ts": {"path":"E:\\Documents\\repos\\Projects\\SourcProject\\Sourc\\ts\\core\\tool\\general.ts","statementMap":{"0":{"start":{"line":9,"column":2},"end":{"line":9,"column":19}},"1":{"start":{"line":11,"column":2},"end":{"line":13,"column":4}},"2":{"start":{"line":11,"column":19},"end":{"line":11,"column":35}},"3":{"start":{"line":12,"column":4},"end":{"line":12,"column":37}},"4":{"start":{"line":3,"column":0},"end":{"line":3,"column":16}},"5":{"start":{"line":17,"column":2},"end":{"line":17,"column":43}},"6":{"start":{"line":16,"column":0},"end":{"line":16,"column":16}},"7":{"start":{"line":22,"column":0},"end":{"line":22,"column":13}},"8":{"start":{"line":23,"column":10},"end":{"line":23,"column":31}},"9":{"start":{"line":24,"column":10},"end":{"line":24,"column":25}},"10":{"start":{"line":25,"column":10},"end":{"line":25,"column":61}},"11":{"start":{"line":27,"column":9},"end":{"line":30,"column":null}},"12":{"start":{"line":28,"column":4},"end":{"line":28,"column":29}},"13":{"start":{"line":29,"column":4},"end":{"line":29,"column":16}},"14":{"start":{"line":32,"column":9},"end":{"line":35,"column":null}},"15":{"start":{"line":33,"column":4},"end":{"line":33,"column":30}},"16":{"start":{"line":34,"column":4},"end":{"line":34,"column":16}},"17":{"start":{"line":37,"column":9},"end":{"line":40,"column":null}},"18":{"start":{"line":38,"column":4},"end":{"line":38,"column":43}},"19":{"start":{"line":38,"column":14},"end":{"line":38,"column":43}},"20":{"start":{"line":39,"column":4},"end":{"line":39,"column":16}},"21":{"start":{"line":42,"column":9},"end":{"line":53,"column":null}},"22":{"start":{"line":44,"column":4},"end":{"line":46,"column":null}},"23":{"start":{"line":45,"column":6},"end":{"line":45,"column":13}},"24":{"start":{"line":48,"column":4},"end":{"line":51,"column":null}},"25":{"start":{"line":49,"column":6},"end":{"line":49,"column":27}},"26":{"start":{"line":50,"column":6},"end":{"line":50,"column":15}},"27":{"start":{"line":52,"column":4},"end":{"line":52,"column":16}},"28":{"start":{"line":55,"column":9},"end":{"line":66,"column":null}},"29":{"start":{"line":55,"column":13},"end":{"line":55,"column":28}},"30":{"start":{"line":56,"column":4},"end":{"line":56,"column":33}},"31":{"start":{"line":56,"column":23},"end":{"line":56,"column":33}},"32":{"start":{"line":57,"column":16},"end":{"line":57,"column":18}},"33":{"start":{"line":58,"column":4},"end":{"line":64,"column":null}},"34":{"start":{"line":59,"column":6},"end":{"line":59,"column":46}},"35":{"start":{"line":61,"column":6},"end":{"line":63,"column":null}},"36":{"start":{"line":61,"column":23},"end":{"line":61,"column":27}},"37":{"start":{"line":61,"column":23},"end":{"line":61,"column":40}},"38":{"start":{"line":61,"column":19},"end":{"line":61,"column":23}},"39":{"start":{"line":62,"column":8},"end":{"line":62,"column":32}},"40":{"start":{"line":65,"column":4},"end":{"line":65,"column":15}},"41":{"start":{"line":67,"column":0},"end":{"line":67,"column":null}},"42":{"start":{"line":22,"column":13},"end":{"line":22,"column":31}}},"fnMap":{"0":{"name":"partial","decl":{"start":{"line":3,"column":16},"end":{"line":3,"column":23}},"loc":{"start":{"line":8,"column":51},"end":{"line":14,"column":1}}},"1":{"name":"(anonymous_2)","decl":{"start":{"line":11,"column":9},"end":{"line":11,"column":19}},"loc":{"start":{"line":11,"column":9},"end":{"line":13,"column":3}}},"2":{"name":"clamp","decl":{"start":{"line":16,"column":16},"end":{"line":16,"column":21}},"loc":{"start":{"line":16,"column":59},"end":{"line":18,"column":1}}},"3":{"name":"(anonymous_4)","decl":{"start":{"line":22,"column":0},"end":{"line":22,"column":13}},"loc":{"start":{"line":22,"column":0},"end":{"line":67,"column":null}}},"4":{"name":"(anonymous_6)","decl":{"start":{"line":27,"column":2},"end":{"line":27,"column":9}},"loc":{"start":{"line":27,"column":2},"end":{"line":30,"column":3}}},"5":{"name":"(anonymous_7)","decl":{"start":{"line":32,"column":2},"end":{"line":32,"column":9}},"loc":{"start":{"line":32,"column":2},"end":{"line":35,"column":3}}},"6":{"name":"(anonymous_8)","decl":{"start":{"line":37,"column":2},"end":{"line":37,"column":9}},"loc":{"start":{"line":37,"column":60},"end":{"line":40,"column":3}}},"7":{"name":"(anonymous_9)","decl":{"start":{"line":42,"column":2},"end":{"line":42,"column":9}},"loc":{"start":{"line":46,"column":5},"end":{"line":53,"column":3}}},"8":{"name":"(anonymous_10)","decl":{"start":{"line":44,"column":4},"end":{"line":44,"column":null}},"loc":{"start":{"line":44,"column":4},"end":{"line":46,"column":5}}},"9":{"name":"(anonymous_11)","decl":{"start":{"line":55,"column":2},"end":{"line":55,"column":9}},"loc":{"start":{"line":55,"column":2},"end":{"line":66,"column":3}}}},"branchMap":{"0":{"loc":{"start":{"line":38,"column":4},"end":{"line":38,"column":43}},"type":"if","locations":[{"start":{"line":38,"column":4},"end":{"line":38,"column":43}},{"start":{"line":38,"column":4},"end":{"line":38,"column":43}}]},"1":{"loc":{"start":{"line":44,"column":4},"end":{"line":46,"column":null}},"type":"if","locations":[{"start":{"line":44,"column":4},"end":{"line":46,"column":null}},{"start":{"line":44,"column":4},"end":{"line":46,"column":null}}]},"2":{"loc":{"start":{"line":48,"column":4},"end":{"line":51,"column":null}},"type":"if","locations":[{"start":{"line":48,"column":4},"end":{"line":51,"column":null}},{"start":{"line":48,"column":4},"end":{"line":51,"column":null}}]},"3":{"loc":{"start":{"line":56,"column":4},"end":{"line":56,"column":33}},"type":"if","locations":[{"start":{"line":56,"column":4},"end":{"line":56,"column":33}},{"start":{"line":56,"column":4},"end":{"line":56,"column":33}}]},"4":{"loc":{"start":{"line":58,"column":4},"end":{"line":64,"column":null}},"type":"if","locations":[{"start":{"line":58,"column":4},"end":{"line":64,"column":null}},{"start":{"line":58,"column":4},"end":{"line":64,"column":null}}]},"5":{"loc":{"start":{"line":58,"column":8},"end":{"line":58,"column":25}},"type":"binary-expr","locations":[{"start":{"line":58,"column":8},"end":{"line":58,"column":25}},{"start":{"line":58,"column":29},"end":{"line":58,"column":57}}]}},"s":{"0":18,"1":6,"2":23,"3":7,"4":5,"5":7,"6":5,"7":5,"8":11,"9":11,"10":11,"11":5,"12":1,"13":1,"14":5,"15":1,"16":1,"17":5,"18":33,"19":16,"20":33,"21":5,"22":6,"23":1,"24":4,"25":2,"26":2,"27":4,"28":5,"29":23,"30":11,"31":2,"32":9,"33":9,"34":1,"35":8,"36":8,"37":8,"38":12,"39":12,"40":9,"41":5,"42":5},"f":{"0":6,"1":7,"2":7,"3":16,"4":1,"5":1,"6":33,"7":4,"8":1,"9":11},"b":{"0":[16,17],"1":[2,2],"2":[2,2],"3":[2,9],"4":[1,8],"5":[9,1]}}
,"E:\\Documents\\repos\\Projects\\SourcProject\\Sourc\\ts\\core\\tool\\string.ts": {"path":"E:\\Documents\\repos\\Projects\\SourcProject\\Sourc\\ts\\core\\tool\\string.ts","statementMap":{"0":{"start":{"line":15,"column":0},"end":{"line":15,"column":16}},"1":{"start":{"line":106,"column":21},"end":{"line":106,"column":46}},"2":{"start":{"line":107,"column":30},"end":{"line":110,"column":58}},"3":{"start":{"line":110,"column":30},"end":{"line":110,"column":56}},"4":{"start":{"line":111,"column":2},"end":{"line":111,"column":37}},"5":{"start":{"line":105,"column":0},"end":{"line":105,"column":16}},"6":{"start":{"line":121,"column":2},"end":{"line":124,"column":39}},"7":{"start":{"line":124,"column":20},"end":{"line":124,"column":31}},"8":{"start":{"line":120,"column":0},"end":{"line":120,"column":16}}},"fnMap":{"0":{"name":"findLineOffset","decl":{"start":{"line":105,"column":16},"end":{"line":105,"column":30}},"loc":{"start":{"line":105,"column":60},"end":{"line":112,"column":1}}},"1":{"name":"(anonymous_1)","decl":{"start":{"line":110,"column":12},"end":{"line":110,"column":13}},"loc":{"start":{"line":110,"column":25},"end":{"line":110,"column":36}}},"2":{"name":"findLineOf","decl":{"start":{"line":120,"column":16},"end":{"line":120,"column":26}},"loc":{"start":{"line":120,"column":56},"end":{"line":125,"column":1}}},"3":{"name":"(anonymous_3)","decl":{"start":{"line":124,"column":12},"end":{"line":124,"column":13}},"loc":{"start":{"line":124,"column":15},"end":{"line":124,"column":22}}}},"branchMap":{},"s":{"0":4,"1":14,"2":14,"3":3,"4":14,"5":4,"6":28,"7":153,"8":4},"f":{"0":14,"1":3,"2":28,"3":153},"b":{}}
}
