{"E:\\Documents\\repos\\Projects\\SourcProject\\Sourc\\ts\\index.ts": {"path":"E:\\Documents\\repos\\Projects\\SourcProject\\Sourc\\ts\\index.ts","statementMap":{"0":{"start":{"line":1,"column":0},"end":{"line":1,"column":30}},"1":{"start":{"line":2,"column":0},"end":{"line":2,"column":30}},"2":{"start":{"line":3,"column":0},"end":{"line":3,"column":30}},"3":{"start":{"line":4,"column":0},"end":{"line":4,"column":31}},"4":{"start":{"line":6,"column":0},"end":{"line":6,"column":35}},"5":{"start":{"line":7,"column":0},"end":{"line":7,"column":35}},"6":{"start":{"line":8,"column":0},"end":{"line":8,"column":38}}},"fnMap":{},"branchMap":{},"s":{"0":1,"1":1,"2":1,"3":1,"4":1,"5":1,"6":1},"f":{},"b":{}}
,"E:\\Documents\\repos\\Projects\\SourcProject\\Sourc\\ts\\core\\core.ts": {"path":"E:\\Documents\\repos\\Projects\\SourcProject\\Sourc\\ts\\core\\core.ts","statementMap":{"0":{"start":{"line":1,"column":0},"end":{"line":1,"column":48}},"1":{"start":{"line":2,"column":0},"end":{"line":2,"column":51}},"2":{"start":{"line":3,"column":0},"end":{"line":3,"column":72}},"3":{"start":{"line":4,"column":0},"end":{"line":4,"column":50}},"4":{"start":{"line":5,"column":0},"end":{"line":5,"column":null}},"5":{"start":{"line":12,"column":20},"end":{"line":17,"column":null}},"6":{"start":{"line":20,"column":20},"end":{"line":20,"column":43}},"7":{"start":{"line":22,"column":0},"end":{"line":22,"column":null}},"8":{"start":{"line":22,"column":33},"end":{"line":22,"column":47}},"9":{"start":{"line":23,"column":11},"end":{"line":36,"column":null}},"10":{"start":{"line":24,"column":4},"end":{"line":24,"column":38}},"11":{"start":{"line":25,"column":17},"end":{"line":25,"column":32}},"12":{"start":{"line":27,"column":4},"end":{"line":35,"column":29}},"13":{"start":{"line":29,"column":8},"end":{"line":29,"column":null}},"14":{"start":{"line":38,"column":10},"end":{"line":46,"column":null}},"15":{"start":{"line":39,"column":21},"end":{"line":39,"column":43}},"16":{"start":{"line":40,"column":4},"end":{"line":45,"column":33}},"17":{"start":{"line":48,"column":10},"end":{"line":58,"column":null}},"18":{"start":{"line":53,"column":4},"end":{"line":53,"column":36}},"19":{"start":{"line":54,"column":4},"end":{"line":57,"column":7}},"20":{"start":{"line":60,"column":10},"end":{"line":63,"column":null}},"21":{"start":{"line":61,"column":4},"end":{"line":61,"column":49}},"22":{"start":{"line":61,"column":42},"end":{"line":61,"column":49}},"23":{"start":{"line":62,"column":4},"end":{"line":62,"column":34}},"24":{"start":{"line":65,"column":10},"end":{"line":75,"column":null}},"25":{"start":{"line":70,"column":4},"end":{"line":70,"column":38}},"26":{"start":{"line":71,"column":4},"end":{"line":74,"column":7}},"27":{"start":{"line":77,"column":10},"end":{"line":130,"column":null}},"28":{"start":{"line":78,"column":16},"end":{"line":78,"column":17}},"29":{"start":{"line":79,"column":4},"end":{"line":125,"column":null}},"30":{"start":{"line":81,"column":20},"end":{"line":81,"column":42}},"31":{"start":{"line":82,"column":22},"end":{"line":82,"column":47}},"32":{"start":{"line":84,"column":10},"end":{"line":87,"column":50}},"33":{"start":{"line":87,"column":28},"end":{"line":87,"column":39}},"34":{"start":{"line":88,"column":27},"end":{"line":88,"column":53}},"35":{"start":{"line":89,"column":27},"end":{"line":89,"column":61}},"36":{"start":{"line":90,"column":18},"end":{"line":90,"column":26}},"37":{"start":{"line":91,"column":8},"end":{"line":95,"column":null}},"38":{"start":{"line":92,"column":10},"end":{"line":92,"column":34}},"39":{"start":{"line":94,"column":10},"end":{"line":94,"column":30}},"40":{"start":{"line":96,"column":8},"end":{"line":96,"column":29}},"41":{"start":{"line":97,"column":8},"end":{"line":97,"column":14}},"42":{"start":{"line":100,"column":20},"end":{"line":100,"column":40}},"43":{"start":{"line":101,"column":22},"end":{"line":101,"column":47}},"44":{"start":{"line":103,"column":10},"end":{"line":106,"column":50}},"45":{"start":{"line":106,"column":28},"end":{"line":106,"column":39}},"46":{"start":{"line":107,"column":27},"end":{"line":107,"column":53}},"47":{"start":{"line":108,"column":31},"end":{"line":108,"column":61}},"48":{"start":{"line":109,"column":27},"end":{"line":109,"column":61}},"49":{"start":{"line":110,"column":18},"end":{"line":110,"column":26}},"50":{"start":{"line":111,"column":8},"end":{"line":115,"column":null}},"51":{"start":{"line":112,"column":10},"end":{"line":112,"column":64}},"52":{"start":{"line":114,"column":10},"end":{"line":114,"column":34}},"53":{"start":{"line":116,"column":8},"end":{"line":116,"column":29}},"54":{"start":{"line":117,"column":8},"end":{"line":117,"column":14}},"55":{"start":{"line":120,"column":8},"end":{"line":120,"column":43}},"56":{"start":{"line":121,"column":8},"end":{"line":121,"column":14}},"57":{"start":{"line":123,"column":8},"end":{"line":123,"column":41}},"58":{"start":{"line":124,"column":8},"end":{"line":124,"column":14}},"59":{"start":{"line":126,"column":4},"end":{"line":129,"column":7}},"60":{"start":{"line":131,"column":0},"end":{"line":131,"column":null}},"61":{"start":{"line":133,"column":13},"end":{"line":136,"column":2}}},"fnMap":{"0":{"name":"(anonymous_6)","decl":{"start":{"line":22,"column":0},"end":{"line":22,"column":33}},"loc":{"start":{"line":22,"column":0},"end":{"line":131,"column":null}}},"1":{"name":"(anonymous_8)","decl":{"start":{"line":23,"column":2},"end":{"line":23,"column":11}},"loc":{"start":{"line":23,"column":55},"end":{"line":36,"column":3}}},"2":{"name":"(anonymous_9)","decl":{"start":{"line":28,"column":40},"end":{"line":28,"column":null}},"loc":{"start":{"line":28,"column":40},"end":{"line":29,"column":19}}},"3":{"name":"(anonymous_10)","decl":{"start":{"line":38,"column":2},"end":{"line":38,"column":10}},"loc":{"start":{"line":38,"column":72},"end":{"line":46,"column":3}}},"4":{"name":"(anonymous_11)","decl":{"start":{"line":48,"column":2},"end":{"line":48,"column":10}},"loc":{"start":{"line":51,"column":20},"end":{"line":58,"column":3}}},"5":{"name":"(anonymous_12)","decl":{"start":{"line":60,"column":2},"end":{"line":60,"column":10}},"loc":{"start":{"line":60,"column":77},"end":{"line":63,"column":3}}},"6":{"name":"(anonymous_13)","decl":{"start":{"line":65,"column":2},"end":{"line":65,"column":10}},"loc":{"start":{"line":68,"column":20},"end":{"line":75,"column":3}}},"7":{"name":"(anonymous_14)","decl":{"start":{"line":77,"column":2},"end":{"line":77,"column":10}},"loc":{"start":{"line":77,"column":56},"end":{"line":130,"column":3}}},"8":{"name":"(anonymous_15)","decl":{"start":{"line":87,"column":20},"end":{"line":87,"column":21}},"loc":{"start":{"line":87,"column":23},"end":{"line":87,"column":30}}},"9":{"name":"(anonymous_16)","decl":{"start":{"line":106,"column":20},"end":{"line":106,"column":21}},"loc":{"start":{"line":106,"column":23},"end":{"line":106,"column":30}}}},"branchMap":{"0":{"loc":{"start":{"line":24,"column":30},"end":{"line":24,"column":34}},"type":"cond-expr","locations":[{"start":{"line":24,"column":30},"end":{"line":24,"column":34}},{"start":{"line":24,"column":34},"end":{"line":24,"column":37}}]},"1":{"loc":{"start":{"line":24,"column":10},"end":{"line":24,"column":34}},"type":"binary-expr","locations":[{"start":{"line":24,"column":10},"end":{"line":24,"column":34}},{"start":{"line":24,"column":30},"end":{"line":24,"column":34}}]},"2":{"loc":{"start":{"line":61,"column":4},"end":{"line":61,"column":49}},"type":"if","locations":[{"start":{"line":61,"column":4},"end":{"line":61,"column":49}},{"start":{"line":61,"column":4},"end":{"line":61,"column":49}}]},"3":{"loc":{"start":{"line":80,"column":6},"end":{"line":98,"column":null}},"type":"switch","locations":[{"start":{"line":80,"column":6},"end":{"line":98,"column":null}},{"start":{"line":99,"column":6},"end":{"line":118,"column":null}},{"start":{"line":119,"column":6},"end":{"line":121,"column":14}},{"start":{"line":122,"column":6},"end":{"line":124,"column":14}}]},"4":{"loc":{"start":{"line":88,"column":41},"end":{"line":88,"column":43}},"type":"cond-expr","locations":[{"start":{"line":88,"column":41},"end":{"line":88,"column":43}},{"start":{"line":88,"column":41},"end":{"line":88,"column":49}}]},"5":{"loc":{"start":{"line":88,"column":27},"end":{"line":88,"column":43}},"type":"binary-expr","locations":[{"start":{"line":88,"column":27},"end":{"line":88,"column":43}},{"start":{"line":88,"column":41},"end":{"line":88,"column":43}}]},"6":{"loc":{"start":{"line":91,"column":8},"end":{"line":95,"column":null}},"type":"if","locations":[{"start":{"line":91,"column":8},"end":{"line":95,"column":null}},{"start":{"line":91,"column":8},"end":{"line":95,"column":null}}]},"7":{"loc":{"start":{"line":107,"column":41},"end":{"line":107,"column":43}},"type":"cond-expr","locations":[{"start":{"line":107,"column":41},"end":{"line":107,"column":43}},{"start":{"line":107,"column":41},"end":{"line":107,"column":49}}]},"8":{"loc":{"start":{"line":107,"column":27},"end":{"line":107,"column":43}},"type":"binary-expr","locations":[{"start":{"line":107,"column":27},"end":{"line":107,"column":43}},{"start":{"line":107,"column":41},"end":{"line":107,"column":43}}]},"9":{"loc":{"start":{"line":108,"column":49},"end":{"line":108,"column":51}},"type":"cond-expr","locations":[{"start":{"line":108,"column":49},"end":{"line":108,"column":51}},{"start":{"line":108,"column":49},"end":{"line":108,"column":57}}]},"10":{"loc":{"start":{"line":108,"column":31},"end":{"line":108,"column":51}},"type":"binary-expr","locations":[{"start":{"line":108,"column":31},"end":{"line":108,"column":51}},{"start":{"line":108,"column":49},"end":{"line":108,"column":51}}]},"11":{"loc":{"start":{"line":111,"column":8},"end":{"line":115,"column":null}},"type":"if","locations":[{"start":{"line":111,"column":8},"end":{"line":115,"column":null}},{"start":{"line":111,"column":8},"end":{"line":115,"column":null}}]}},"s":{"0":1,"1":1,"2":1,"3":1,"4":1,"5":1,"6":1,"7":1,"8":1,"9":1,"10":0,"11":0,"12":0,"13":0,"14":1,"15":0,"16":0,"17":1,"18":0,"19":0,"20":1,"21":0,"22":0,"23":0,"24":1,"25":0,"26":0,"27":1,"28":0,"29":0,"30":0,"31":0,"32":0,"33":0,"34":0,"35":0,"36":0,"37":0,"38":0,"39":0,"40":0,"41":0,"42":0,"43":0,"44":0,"45":0,"46":0,"47":0,"48":0,"49":0,"50":0,"51":0,"52":0,"53":0,"54":0,"55":0,"56":0,"57":0,"58":0,"59":0,"60":1,"61":1},"f":{"0":2,"1":0,"2":0,"3":0,"4":0,"5":0,"6":0,"7":0,"8":0,"9":0},"b":{"0":[0,0],"1":[0,0],"2":[0,0],"3":[0,0,0,0],"4":[0,0],"5":[0,0],"6":[0,0],"7":[0,0],"8":[0,0],"9":[0,0],"10":[0,0],"11":[0,0]}}
,"E:\\Documents\\repos\\Projects\\SourcProject\\Sourc\\ts\\core\\editor.ts": {"path":"E:\\Documents\\repos\\Projects\\SourcProject\\Sourc\\ts\\core\\editor.ts","statementMap":{"0":{"start":{"line":1,"column":0},"end":{"line":1,"column":49}},"1":{"start":{"line":2,"column":0},"end":{"line":2,"column":48}},"2":{"start":{"line":3,"column":0},"end":{"line":3,"column":54}},"3":{"start":{"line":4,"column":0},"end":{"line":4,"column":36}},"4":{"start":{"line":5,"column":0},"end":{"line":5,"column":52}},"5":{"start":{"line":6,"column":0},"end":{"line":6,"column":35}},"6":{"start":{"line":7,"column":0},"end":{"line":7,"column":49}},"7":{"start":{"line":8,"column":0},"end":{"line":8,"column":null}},"8":{"start":{"line":15,"column":0},"end":{"line":15,"column":null}},"9":{"start":{"line":16,"column":2},"end":{"line":16,"column":null}},"10":{"start":{"line":17,"column":2},"end":{"line":17,"column":null}},"11":{"start":{"line":18,"column":2},"end":{"line":18,"column":null}},"12":{"start":{"line":19,"column":2},"end":{"line":19,"column":null}},"13":{"start":{"line":22,"column":20},"end":{"line":29,"column":null}},"14":{"start":{"line":58,"column":0},"end":{"line":58,"column":13}},"15":{"start":{"line":79,"column":31},"end":{"line":79,"column":53}},"16":{"start":{"line":59,"column":10},"end":{"line":59,"column":38}},"17":{"start":{"line":60,"column":10},"end":{"line":60,"column":56}},"18":{"start":{"line":61,"column":10},"end":{"line":61,"column":65}},"19":{"start":{"line":67,"column":9},"end":{"line":71,"column":20}},"20":{"start":{"line":73,"column":10},"end":{"line":73,"column":58}},"21":{"start":{"line":80,"column":4},"end":{"line":80,"column":36}},"22":{"start":{"line":86,"column":9},"end":{"line":90,"column":null}},"23":{"start":{"line":87,"column":4},"end":{"line":87,"column":42}},"24":{"start":{"line":88,"column":4},"end":{"line":88,"column":28}},"25":{"start":{"line":89,"column":4},"end":{"line":89,"column":41}},"26":{"start":{"line":95,"column":9},"end":{"line":97,"column":null}},"27":{"start":{"line":96,"column":4},"end":{"line":96,"column":30}},"28":{"start":{"line":99,"column":10},"end":{"line":127,"column":null}},"29":{"start":{"line":99,"column":2},"end":{"line":99,"column":10}},"30":{"start":{"line":100,"column":4},"end":{"line":115,"column":7}},"31":{"start":{"line":101,"column":6},"end":{"line":101,"column":29}},"32":{"start":{"line":102,"column":6},"end":{"line":108,"column":null}},"33":{"start":{"line":103,"column":8},"end":{"line":103,"column":33}},"34":{"start":{"line":103,"column":26},"end":{"line":103,"column":33}},"35":{"start":{"line":104,"column":8},"end":{"line":104,"column":58}},"36":{"start":{"line":105,"column":8},"end":{"line":105,"column":61}},"37":{"start":{"line":106,"column":8},"end":{"line":106,"column":62}},"38":{"start":{"line":107,"column":8},"end":{"line":107,"column":15}},"39":{"start":{"line":110,"column":18},"end":{"line":110,"column":33}},"40":{"start":{"line":111,"column":6},"end":{"line":113,"column":null}},"41":{"start":{"line":111,"column":25},"end":{"line":111,"column":29}},"42":{"start":{"line":111,"column":25},"end":{"line":111,"column":37}},"43":{"start":{"line":111,"column":21},"end":{"line":111,"column":25}},"44":{"start":{"line":112,"column":8},"end":{"line":112,"column":55}},"45":{"start":{"line":114,"column":6},"end":{"line":114,"column":27}},"46":{"start":{"line":117,"column":4},"end":{"line":123,"column":7}},"47":{"start":{"line":118,"column":6},"end":{"line":122,"column":null}},"48":{"start":{"line":119,"column":8},"end":{"line":119,"column":58}},"49":{"start":{"line":120,"column":8},"end":{"line":120,"column":62}},"50":{"start":{"line":121,"column":8},"end":{"line":121,"column":15}},"51":{"start":{"line":125,"column":4},"end":{"line":125,"column":20}},"52":{"start":{"line":126,"column":4},"end":{"line":126,"column":57}},"53":{"start":{"line":129,"column":10},"end":{"line":133,"column":null}},"54":{"start":{"line":131,"column":4},"end":{"line":131,"column":26}},"55":{"start":{"line":132,"column":4},"end":{"line":132,"column":52}},"56":{"start":{"line":135,"column":10},"end":{"line":143,"column":null}},"57":{"start":{"line":137,"column":21},"end":{"line":137,"column":51}},"58":{"start":{"line":138,"column":4},"end":{"line":140,"column":null}},"59":{"start":{"line":139,"column":6},"end":{"line":139,"column":13}},"60":{"start":{"line":141,"column":23},"end":{"line":141,"column":79}},"61":{"start":{"line":142,"column":4},"end":{"line":142,"column":44}},"62":{"start":{"line":145,"column":10},"end":{"line":154,"column":null}},"63":{"start":{"line":146,"column":20},"end":{"line":146,"column":54}},"64":{"start":{"line":147,"column":4},"end":{"line":147,"column":36}},"65":{"start":{"line":148,"column":4},"end":{"line":148,"column":63}},"66":{"start":{"line":149,"column":4},"end":{"line":153,"column":8}},"67":{"start":{"line":150,"column":6},"end":{"line":153,"column":8}},"68":{"start":{"line":156,"column":10},"end":{"line":161,"column":null}},"69":{"start":{"line":157,"column":22},"end":{"line":157,"column":52}},"70":{"start":{"line":158,"column":4},"end":{"line":159,"column":75}},"71":{"start":{"line":159,"column":6},"end":{"line":159,"column":75}},"72":{"start":{"line":160,"column":4},"end":{"line":160,"column":60}},"73":{"start":{"line":163,"column":10},"end":{"line":166,"column":null}},"74":{"start":{"line":164,"column":4},"end":{"line":164,"column":41}},"75":{"start":{"line":165,"column":4},"end":{"line":165,"column":39}},"76":{"start":{"line":167,"column":0},"end":{"line":167,"column":null}},"77":{"start":{"line":58,"column":13},"end":{"line":58,"column":23}}},"fnMap":{"0":{"name":"(anonymous_1)","decl":{"start":{"line":15,"column":0},"end":{"line":15,"column":5}},"loc":{"start":{"line":15,"column":14},"end":{"line":20,"column":1}}},"1":{"name":"(anonymous_2)","decl":{"start":{"line":58,"column":0},"end":{"line":58,"column":13}},"loc":{"start":{"line":58,"column":0},"end":{"line":167,"column":null}}},"2":{"name":"TextEditor","decl":{"start":{"line":79,"column":2},"end":{"line":79,"column":31}},"loc":{"start":{"line":79,"column":53},"end":{"line":81,"column":3}}},"3":{"name":"(anonymous_4)","decl":{"start":{"line":86,"column":2},"end":{"line":86,"column":9}},"loc":{"start":{"line":86,"column":2},"end":{"line":90,"column":3}}},"4":{"name":"(anonymous_5)","decl":{"start":{"line":95,"column":2},"end":{"line":95,"column":9}},"loc":{"start":{"line":95,"column":43},"end":{"line":97,"column":3}}},"5":{"name":"(anonymous_6)","decl":{"start":{"line":99,"column":2},"end":{"line":99,"column":10}},"loc":{"start":{"line":99,"column":2},"end":{"line":127,"column":3}}},"6":{"name":"(anonymous_7)","decl":{"start":{"line":100,"column":44},"end":{"line":100,"column":45}},"loc":{"start":{"line":100,"column":50},"end":{"line":115,"column":5}}},"7":{"name":"(anonymous_8)","decl":{"start":{"line":117,"column":42},"end":{"line":117,"column":43}},"loc":{"start":{"line":117,"column":48},"end":{"line":123,"column":5}}},"8":{"name":"(anonymous_9)","decl":{"start":{"line":129,"column":2},"end":{"line":129,"column":10}},"loc":{"start":{"line":129,"column":2},"end":{"line":133,"column":3}}},"9":{"name":"(anonymous_10)","decl":{"start":{"line":135,"column":2},"end":{"line":135,"column":10}},"loc":{"start":{"line":135,"column":2},"end":{"line":143,"column":3}}},"10":{"name":"(anonymous_11)","decl":{"start":{"line":145,"column":2},"end":{"line":145,"column":10}},"loc":{"start":{"line":145,"column":51},"end":{"line":154,"column":3}}},"11":{"name":"(anonymous_12)","decl":{"start":{"line":156,"column":2},"end":{"line":156,"column":10}},"loc":{"start":{"line":156,"column":2},"end":{"line":161,"column":3}}},"12":{"name":"(anonymous_13)","decl":{"start":{"line":163,"column":2},"end":{"line":163,"column":10}},"loc":{"start":{"line":163,"column":37},"end":{"line":166,"column":3}}}},"branchMap":{"0":{"loc":{"start":{"line":15,"column":5},"end":{"line":15,"column":14}},"type":"binary-expr","locations":[{"start":{"line":15,"column":5},"end":{"line":15,"column":14}},{"start":{"line":15,"column":5},"end":{"line":15,"column":null}}]},"1":{"loc":{"start":{"line":102,"column":6},"end":{"line":108,"column":null}},"type":"if","locations":[{"start":{"line":102,"column":6},"end":{"line":108,"column":null}},{"start":{"line":102,"column":6},"end":{"line":108,"column":null}}]},"2":{"loc":{"start":{"line":103,"column":8},"end":{"line":103,"column":33}},"type":"if","locations":[{"start":{"line":103,"column":8},"end":{"line":103,"column":33}},{"start":{"line":103,"column":8},"end":{"line":103,"column":33}}]},"3":{"loc":{"start":{"line":105,"column":28},"end":{"line":105,"column":48}},"type":"binary-expr","locations":[{"start":{"line":105,"column":28},"end":{"line":105,"column":48}},{"start":{"line":105,"column":28},"end":{"line":105,"column":60}}]},"4":{"loc":{"start":{"line":106,"column":28},"end":{"line":106,"column":45}},"type":"binary-expr","locations":[{"start":{"line":106,"column":28},"end":{"line":106,"column":45}},{"start":{"line":106,"column":28},"end":{"line":106,"column":61}}]},"5":{"loc":{"start":{"line":118,"column":6},"end":{"line":122,"column":null}},"type":"if","locations":[{"start":{"line":118,"column":6},"end":{"line":122,"column":null}},{"start":{"line":118,"column":6},"end":{"line":122,"column":null}}]},"6":{"loc":{"start":{"line":120,"column":28},"end":{"line":120,"column":45}},"type":"binary-expr","locations":[{"start":{"line":120,"column":28},"end":{"line":120,"column":45}},{"start":{"line":120,"column":28},"end":{"line":120,"column":61}}]},"7":{"loc":{"start":{"line":138,"column":4},"end":{"line":140,"column":null}},"type":"if","locations":[{"start":{"line":138,"column":4},"end":{"line":140,"column":null}},{"start":{"line":138,"column":4},"end":{"line":140,"column":null}}]},"8":{"loc":{"start":{"line":138,"column":8},"end":{"line":138,"column":17}},"type":"binary-expr","locations":[{"start":{"line":138,"column":8},"end":{"line":138,"column":17}},{"start":{"line":138,"column":21},"end":{"line":138,"column":63}}]},"9":{"loc":{"start":{"line":138,"column":53},"end":{"line":138,"column":57}},"type":"cond-expr","locations":[{"start":{"line":138,"column":53},"end":{"line":138,"column":57}},{"start":{"line":138,"column":57},"end":{"line":138,"column":58}}]},"10":{"loc":{"start":{"line":138,"column":22},"end":{"line":138,"column":57}},"type":"binary-expr","locations":[{"start":{"line":138,"column":22},"end":{"line":138,"column":57}},{"start":{"line":138,"column":53},"end":{"line":138,"column":57}}]},"11":{"loc":{"start":{"line":138,"column":45},"end":{"line":138,"column":47}},"type":"cond-expr","locations":[{"start":{"line":138,"column":45},"end":{"line":138,"column":47}},{"start":{"line":138,"column":45},"end":{"line":138,"column":53}}]},"12":{"loc":{"start":{"line":138,"column":22},"end":{"line":138,"column":47}},"type":"binary-expr","locations":[{"start":{"line":138,"column":22},"end":{"line":138,"column":47}},{"start":{"line":138,"column":45},"end":{"line":138,"column":47}}]},"13":{"loc":{"start":{"line":148,"column":24},"end":{"line":148,"column":51}},"type":"binary-expr","locations":[{"start":{"line":148,"column":24},"end":{"line":148,"column":51}},{"start":{"line":148,"column":24},"end":{"line":148,"column":62}}]},"14":{"loc":{"start":{"line":149,"column":4},"end":{"line":153,"column":8}},"type":"if","locations":[{"start":{"line":149,"column":4},"end":{"line":153,"column":8}},{"start":{"line":149,"column":4},"end":{"line":153,"column":8}}]},"15":{"loc":{"start":{"line":158,"column":4},"end":{"line":159,"column":75}},"type":"if","locations":[{"start":{"line":158,"column":4},"end":{"line":159,"column":75}},{"start":{"line":158,"column":4},"end":{"line":159,"column":75}}]}},"s":{"0":1,"1":1,"2":1,"3":1,"4":1,"5":1,"6":1,"7":1,"8":1,"9":1,"10":1,"11":1,"12":1,"13":1,"14":1,"15":0,"16":0,"17":0,"18":0,"19":0,"20":0,"21":0,"22":1,"23":0,"24":0,"25":0,"26":1,"27":0,"28":1,"29":0,"30":0,"31":0,"32":0,"33":0,"34":0,"35":0,"36":0,"37":0,"38":0,"39":0,"40":0,"41":0,"42":0,"43":0,"44":0,"45":0,"46":0,"47":0,"48":0,"49":0,"50":0,"51":0,"52":0,"53":1,"54":0,"55":0,"56":1,"57":0,"58":0,"59":0,"60":0,"61":0,"62":1,"63":0,"64":0,"65":0,"66":0,"67":0,"68":1,"69":0,"70":0,"71":0,"72":0,"73":1,"74":0,"75":0,"76":1,"77":1},"f":{"0":1,"1":1,"2":0,"3":0,"4":0,"5":0,"6":0,"7":0,"8":0,"9":0,"10":0,"11":0,"12":0},"b":{"0":[1,1],"1":[0,0],"2":[0,0],"3":[0,0],"4":[0,0],"5":[0,0],"6":[0,0],"7":[0,0],"8":[0,0],"9":[0,0],"10":[0,0],"11":[0,0],"12":[0,0],"13":[0,0],"14":[0,0],"15":[0,0]}}
,"E:\\Documents\\repos\\Projects\\SourcProject\\Sourc\\ts\\core\\logger.ts": {"path":"E:\\Documents\\repos\\Projects\\SourcProject\\Sourc\\ts\\core\\logger.ts","statementMap":{"0":{"start":{"line":6,"column":0},"end":{"line":6,"column":39}},"1":{"start":{"line":8,"column":0},"end":{"line":8,"column":34}},"2":{"start":{"line":8,"column":27},"end":{"line":8,"column":32}},"3":{"start":{"line":8,"column":34},"end":{"line":8,"column":null}},"4":{"start":{"line":14,"column":0},"end":{"line":14,"column":null}},"5":{"start":{"line":15,"column":2},"end":{"line":15,"column":null}},"6":{"start":{"line":16,"column":2},"end":{"line":16,"column":null}},"7":{"start":{"line":17,"column":2},"end":{"line":17,"column":null}},"8":{"start":{"line":18,"column":2},"end":{"line":18,"column":null}},"9":{"start":{"line":19,"column":2},"end":{"line":19,"column":null}},"10":{"start":{"line":20,"column":2},"end":{"line":20,"column":null}},"11":{"start":{"line":24,"column":2},"end":{"line":29,"column":16}},"12":{"start":{"line":57,"column":0},"end":{"line":57,"column":13}},"13":{"start":{"line":58,"column":10},"end":{"line":58,"column":28}},"14":{"start":{"line":60,"column":10},"end":{"line":60,"column":44}},"15":{"start":{"line":62,"column":10},"end":{"line":62,"column":48}},"16":{"start":{"line":64,"column":9},"end":{"line":64,"column":33}},"17":{"start":{"line":66,"column":10},"end":{"line":68,"column":null}},"18":{"start":{"line":67,"column":4},"end":{"line":67,"column":44}},"19":{"start":{"line":70,"column":10},"end":{"line":72,"column":null}},"20":{"start":{"line":71,"column":4},"end":{"line":71,"column":44}},"21":{"start":{"line":74,"column":10},"end":{"line":81,"column":null}},"22":{"start":{"line":75,"column":4},"end":{"line":77,"column":null}},"23":{"start":{"line":76,"column":6},"end":{"line":76,"column":59}},"24":{"start":{"line":78,"column":4},"end":{"line":80,"column":null}},"25":{"start":{"line":79,"column":6},"end":{"line":79,"column":50}},"26":{"start":{"line":83,"column":9},"end":{"line":85,"column":null}},"27":{"start":{"line":84,"column":4},"end":{"line":84,"column":32}},"28":{"start":{"line":87,"column":9},"end":{"line":90,"column":null}},"29":{"start":{"line":88,"column":4},"end":{"line":88,"column":37}},"30":{"start":{"line":89,"column":4},"end":{"line":89,"column":16}},"31":{"start":{"line":92,"column":9},"end":{"line":95,"column":null}},"32":{"start":{"line":93,"column":4},"end":{"line":93,"column":38}},"33":{"start":{"line":94,"column":4},"end":{"line":94,"column":16}},"34":{"start":{"line":97,"column":9},"end":{"line":100,"column":null}},"35":{"start":{"line":98,"column":4},"end":{"line":98,"column":37}},"36":{"start":{"line":99,"column":4},"end":{"line":99,"column":16}},"37":{"start":{"line":102,"column":9},"end":{"line":105,"column":null}},"38":{"start":{"line":103,"column":4},"end":{"line":103,"column":38}},"39":{"start":{"line":104,"column":4},"end":{"line":104,"column":16}},"40":{"start":{"line":107,"column":9},"end":{"line":110,"column":null}},"41":{"start":{"line":108,"column":4},"end":{"line":108,"column":36}},"42":{"start":{"line":109,"column":4},"end":{"line":109,"column":16}},"43":{"start":{"line":112,"column":9},"end":{"line":115,"column":null}},"44":{"start":{"line":113,"column":4},"end":{"line":113,"column":37}},"45":{"start":{"line":114,"column":4},"end":{"line":114,"column":16}},"46":{"start":{"line":117,"column":9},"end":{"line":120,"column":null}},"47":{"start":{"line":118,"column":4},"end":{"line":118,"column":36}},"48":{"start":{"line":119,"column":4},"end":{"line":119,"column":16}},"49":{"start":{"line":122,"column":9},"end":{"line":125,"column":null}},"50":{"start":{"line":123,"column":4},"end":{"line":123,"column":37}},"51":{"start":{"line":124,"column":4},"end":{"line":124,"column":16}},"52":{"start":{"line":127,"column":9},"end":{"line":130,"column":null}},"53":{"start":{"line":128,"column":4},"end":{"line":128,"column":37}},"54":{"start":{"line":129,"column":4},"end":{"line":129,"column":16}},"55":{"start":{"line":132,"column":9},"end":{"line":135,"column":null}},"56":{"start":{"line":133,"column":4},"end":{"line":133,"column":38}},"57":{"start":{"line":134,"column":4},"end":{"line":134,"column":16}},"58":{"start":{"line":137,"column":9},"end":{"line":140,"column":null}},"59":{"start":{"line":138,"column":4},"end":{"line":138,"column":37}},"60":{"start":{"line":139,"column":4},"end":{"line":139,"column":16}},"61":{"start":{"line":142,"column":9},"end":{"line":145,"column":null}},"62":{"start":{"line":143,"column":4},"end":{"line":143,"column":38}},"63":{"start":{"line":144,"column":4},"end":{"line":144,"column":16}},"64":{"start":{"line":147,"column":9},"end":{"line":149,"column":null}},"65":{"start":{"line":148,"column":4},"end":{"line":148,"column":41}},"66":{"start":{"line":156,"column":9},"end":{"line":159,"column":null}},"67":{"start":{"line":157,"column":4},"end":{"line":157,"column":72}},"68":{"start":{"line":158,"column":4},"end":{"line":158,"column":15}},"69":{"start":{"line":161,"column":9},"end":{"line":163,"column":null}},"70":{"start":{"line":162,"column":4},"end":{"line":162,"column":41}},"71":{"start":{"line":165,"column":9},"end":{"line":167,"column":null}},"72":{"start":{"line":166,"column":4},"end":{"line":166,"column":40}},"73":{"start":{"line":169,"column":9},"end":{"line":171,"column":null}},"74":{"start":{"line":170,"column":4},"end":{"line":170,"column":40}},"75":{"start":{"line":173,"column":9},"end":{"line":175,"column":null}},"76":{"start":{"line":174,"column":4},"end":{"line":174,"column":41}},"77":{"start":{"line":177,"column":9},"end":{"line":179,"column":null}},"78":{"start":{"line":178,"column":4},"end":{"line":178,"column":41}},"79":{"start":{"line":185,"column":9},"end":{"line":190,"column":null}},"80":{"start":{"line":186,"column":4},"end":{"line":186,"column":33}},"81":{"start":{"line":187,"column":4},"end":{"line":187,"column":37}},"82":{"start":{"line":188,"column":4},"end":{"line":188,"column":41}},"83":{"start":{"line":189,"column":4},"end":{"line":189,"column":16}},"84":{"start":{"line":192,"column":9},"end":{"line":195,"column":null}},"85":{"start":{"line":193,"column":4},"end":{"line":193,"column":43}},"86":{"start":{"line":194,"column":4},"end":{"line":194,"column":16}},"87":{"start":{"line":197,"column":9},"end":{"line":200,"column":null}},"88":{"start":{"line":198,"column":4},"end":{"line":198,"column":21}},"89":{"start":{"line":199,"column":4},"end":{"line":199,"column":16}},"90":{"start":{"line":201,"column":0},"end":{"line":201,"column":null}},"91":{"start":{"line":57,"column":13},"end":{"line":57,"column":19}},"92":{"start":{"line":208,"column":46},"end":{"line":221,"column":1}},"93":{"start":{"line":209,"column":21},"end":{"line":216,"column":4}},"94":{"start":{"line":217,"column":2},"end":{"line":220,"column":4}},"95":{"start":{"line":208,"column":13},"end":{"line":208,"column":46}},"96":{"start":{"line":227,"column":0},"end":{"line":227,"column":13}},"97":{"start":{"line":228,"column":22},"end":{"line":228,"column":32}},"98":{"start":{"line":234,"column":9},"end":{"line":238,"column":null}},"99":{"start":{"line":235,"column":4},"end":{"line":237,"column":null}},"100":{"start":{"line":235,"column":23},"end":{"line":235,"column":29}},"101":{"start":{"line":235,"column":23},"end":{"line":235,"column":50}},"102":{"start":{"line":235,"column":19},"end":{"line":235,"column":23}},"103":{"start":{"line":236,"column":6},"end":{"line":236,"column":47}},"104":{"start":{"line":240,"column":9},"end":{"line":245,"column":null}},"105":{"start":{"line":241,"column":4},"end":{"line":243,"column":null}},"106":{"start":{"line":241,"column":23},"end":{"line":241,"column":29}},"107":{"start":{"line":241,"column":23},"end":{"line":241,"column":50}},"108":{"start":{"line":241,"column":19},"end":{"line":241,"column":23}},"109":{"start":{"line":242,"column":6},"end":{"line":242,"column":27}},"110":{"start":{"line":244,"column":4},"end":{"line":244,"column":16}},"111":{"start":{"line":247,"column":9},"end":{"line":252,"column":null}},"112":{"start":{"line":248,"column":4},"end":{"line":250,"column":null}},"113":{"start":{"line":248,"column":23},"end":{"line":248,"column":29}},"114":{"start":{"line":248,"column":23},"end":{"line":248,"column":50}},"115":{"start":{"line":248,"column":19},"end":{"line":248,"column":23}},"116":{"start":{"line":249,"column":6},"end":{"line":249,"column":28}},"117":{"start":{"line":251,"column":4},"end":{"line":251,"column":16}},"118":{"start":{"line":254,"column":9},"end":{"line":259,"column":null}},"119":{"start":{"line":255,"column":4},"end":{"line":257,"column":null}},"120":{"start":{"line":255,"column":23},"end":{"line":255,"column":29}},"121":{"start":{"line":255,"column":23},"end":{"line":255,"column":50}},"122":{"start":{"line":255,"column":19},"end":{"line":255,"column":23}},"123":{"start":{"line":256,"column":6},"end":{"line":256,"column":27}},"124":{"start":{"line":258,"column":4},"end":{"line":258,"column":16}},"125":{"start":{"line":261,"column":9},"end":{"line":266,"column":null}},"126":{"start":{"line":262,"column":4},"end":{"line":264,"column":null}},"127":{"start":{"line":262,"column":23},"end":{"line":262,"column":29}},"128":{"start":{"line":262,"column":23},"end":{"line":262,"column":50}},"129":{"start":{"line":262,"column":19},"end":{"line":262,"column":23}},"130":{"start":{"line":263,"column":6},"end":{"line":263,"column":28}},"131":{"start":{"line":265,"column":4},"end":{"line":265,"column":16}},"132":{"start":{"line":268,"column":9},"end":{"line":273,"column":null}},"133":{"start":{"line":269,"column":4},"end":{"line":271,"column":null}},"134":{"start":{"line":269,"column":23},"end":{"line":269,"column":29}},"135":{"start":{"line":269,"column":23},"end":{"line":269,"column":50}},"136":{"start":{"line":269,"column":19},"end":{"line":269,"column":23}},"137":{"start":{"line":270,"column":6},"end":{"line":270,"column":26}},"138":{"start":{"line":272,"column":4},"end":{"line":272,"column":16}},"139":{"start":{"line":275,"column":9},"end":{"line":280,"column":null}},"140":{"start":{"line":276,"column":4},"end":{"line":278,"column":null}},"141":{"start":{"line":276,"column":23},"end":{"line":276,"column":29}},"142":{"start":{"line":276,"column":23},"end":{"line":276,"column":50}},"143":{"start":{"line":276,"column":19},"end":{"line":276,"column":23}},"144":{"start":{"line":277,"column":6},"end":{"line":277,"column":27}},"145":{"start":{"line":279,"column":4},"end":{"line":279,"column":16}},"146":{"start":{"line":282,"column":9},"end":{"line":287,"column":null}},"147":{"start":{"line":283,"column":4},"end":{"line":285,"column":null}},"148":{"start":{"line":283,"column":23},"end":{"line":283,"column":29}},"149":{"start":{"line":283,"column":23},"end":{"line":283,"column":50}},"150":{"start":{"line":283,"column":19},"end":{"line":283,"column":23}},"151":{"start":{"line":284,"column":6},"end":{"line":284,"column":26}},"152":{"start":{"line":286,"column":4},"end":{"line":286,"column":16}},"153":{"start":{"line":289,"column":9},"end":{"line":294,"column":null}},"154":{"start":{"line":290,"column":4},"end":{"line":292,"column":null}},"155":{"start":{"line":290,"column":23},"end":{"line":290,"column":29}},"156":{"start":{"line":290,"column":23},"end":{"line":290,"column":50}},"157":{"start":{"line":290,"column":19},"end":{"line":290,"column":23}},"158":{"start":{"line":291,"column":6},"end":{"line":291,"column":27}},"159":{"start":{"line":293,"column":4},"end":{"line":293,"column":16}},"160":{"start":{"line":296,"column":9},"end":{"line":301,"column":null}},"161":{"start":{"line":297,"column":4},"end":{"line":299,"column":null}},"162":{"start":{"line":297,"column":23},"end":{"line":297,"column":29}},"163":{"start":{"line":297,"column":23},"end":{"line":297,"column":50}},"164":{"start":{"line":297,"column":19},"end":{"line":297,"column":23}},"165":{"start":{"line":298,"column":6},"end":{"line":298,"column":27}},"166":{"start":{"line":300,"column":4},"end":{"line":300,"column":16}},"167":{"start":{"line":303,"column":9},"end":{"line":308,"column":null}},"168":{"start":{"line":304,"column":4},"end":{"line":306,"column":null}},"169":{"start":{"line":304,"column":23},"end":{"line":304,"column":29}},"170":{"start":{"line":304,"column":23},"end":{"line":304,"column":50}},"171":{"start":{"line":304,"column":19},"end":{"line":304,"column":23}},"172":{"start":{"line":305,"column":6},"end":{"line":305,"column":28}},"173":{"start":{"line":307,"column":4},"end":{"line":307,"column":16}},"174":{"start":{"line":310,"column":9},"end":{"line":315,"column":null}},"175":{"start":{"line":311,"column":4},"end":{"line":313,"column":null}},"176":{"start":{"line":311,"column":23},"end":{"line":311,"column":29}},"177":{"start":{"line":311,"column":23},"end":{"line":311,"column":50}},"178":{"start":{"line":311,"column":19},"end":{"line":311,"column":23}},"179":{"start":{"line":312,"column":6},"end":{"line":312,"column":27}},"180":{"start":{"line":314,"column":4},"end":{"line":314,"column":16}},"181":{"start":{"line":317,"column":9},"end":{"line":322,"column":null}},"182":{"start":{"line":318,"column":4},"end":{"line":320,"column":null}},"183":{"start":{"line":318,"column":23},"end":{"line":318,"column":29}},"184":{"start":{"line":318,"column":23},"end":{"line":318,"column":50}},"185":{"start":{"line":318,"column":19},"end":{"line":318,"column":23}},"186":{"start":{"line":319,"column":6},"end":{"line":319,"column":28}},"187":{"start":{"line":321,"column":4},"end":{"line":321,"column":16}},"188":{"start":{"line":328,"column":9},"end":{"line":333,"column":null}},"189":{"start":{"line":329,"column":19},"end":{"line":329,"column":43}},"190":{"start":{"line":330,"column":4},"end":{"line":330,"column":58}},"191":{"start":{"line":331,"column":4},"end":{"line":331,"column":26}},"192":{"start":{"line":332,"column":4},"end":{"line":332,"column":16}},"193":{"start":{"line":339,"column":9},"end":{"line":344,"column":null}},"194":{"start":{"line":340,"column":19},"end":{"line":340,"column":43}},"195":{"start":{"line":341,"column":4},"end":{"line":341,"column":58}},"196":{"start":{"line":342,"column":4},"end":{"line":342,"column":27}},"197":{"start":{"line":343,"column":4},"end":{"line":343,"column":16}},"198":{"start":{"line":346,"column":9},"end":{"line":351,"column":null}},"199":{"start":{"line":347,"column":4},"end":{"line":349,"column":null}},"200":{"start":{"line":347,"column":23},"end":{"line":347,"column":29}},"201":{"start":{"line":347,"column":23},"end":{"line":347,"column":50}},"202":{"start":{"line":347,"column":19},"end":{"line":347,"column":23}},"203":{"start":{"line":348,"column":6},"end":{"line":348,"column":28}},"204":{"start":{"line":350,"column":4},"end":{"line":350,"column":16}},"205":{"start":{"line":353,"column":9},"end":{"line":358,"column":null}},"206":{"start":{"line":354,"column":4},"end":{"line":356,"column":null}},"207":{"start":{"line":354,"column":23},"end":{"line":354,"column":29}},"208":{"start":{"line":354,"column":23},"end":{"line":354,"column":50}},"209":{"start":{"line":354,"column":19},"end":{"line":354,"column":23}},"210":{"start":{"line":355,"column":6},"end":{"line":355,"column":29}},"211":{"start":{"line":357,"column":4},"end":{"line":357,"column":16}},"212":{"start":{"line":359,"column":0},"end":{"line":359,"column":null}},"213":{"start":{"line":227,"column":13},"end":{"line":227,"column":23}},"214":{"start":{"line":364,"column":13},"end":{"line":364,"column":71}},"215":{"start":{"line":365,"column":0},"end":{"line":365,"column":58}}},"fnMap":{"0":{"name":"(anonymous_6)","decl":{"start":{"line":8,"column":0},"end":{"line":8,"column":27}},"loc":{"start":{"line":8,"column":0},"end":{"line":8,"column":-1}}},"1":{"name":"(anonymous_8)","decl":{"start":{"line":14,"column":0},"end":{"line":14,"column":12}},"loc":{"start":{"line":14,"column":20},"end":{"line":21,"column":1}}},"2":{"name":"(anonymous_9)","decl":{"start":{"line":57,"column":0},"end":{"line":57,"column":13}},"loc":{"start":{"line":57,"column":0},"end":{"line":201,"column":null}}},"3":{"name":"(anonymous_11)","decl":{"start":{"line":66,"column":2},"end":{"line":66,"column":10}},"loc":{"start":{"line":66,"column":37},"end":{"line":68,"column":3}}},"4":{"name":"(anonymous_12)","decl":{"start":{"line":70,"column":2},"end":{"line":70,"column":10}},"loc":{"start":{"line":70,"column":38},"end":{"line":72,"column":3}}},"5":{"name":"(anonymous_13)","decl":{"start":{"line":74,"column":2},"end":{"line":74,"column":10}},"loc":{"start":{"line":74,"column":53},"end":{"line":81,"column":3}}},"6":{"name":"(anonymous_14)","decl":{"start":{"line":83,"column":2},"end":{"line":83,"column":9}},"loc":{"start":{"line":83,"column":53},"end":{"line":85,"column":3}}},"7":{"name":"(anonymous_15)","decl":{"start":{"line":87,"column":2},"end":{"line":87,"column":9}},"loc":{"start":{"line":87,"column":2},"end":{"line":90,"column":3}}},"8":{"name":"(anonymous_16)","decl":{"start":{"line":92,"column":2},"end":{"line":92,"column":9}},"loc":{"start":{"line":92,"column":2},"end":{"line":95,"column":3}}},"9":{"name":"(anonymous_17)","decl":{"start":{"line":97,"column":2},"end":{"line":97,"column":9}},"loc":{"start":{"line":97,"column":2},"end":{"line":100,"column":3}}},"10":{"name":"(anonymous_18)","decl":{"start":{"line":102,"column":2},"end":{"line":102,"column":9}},"loc":{"start":{"line":102,"column":2},"end":{"line":105,"column":3}}},"11":{"name":"(anonymous_19)","decl":{"start":{"line":107,"column":2},"end":{"line":107,"column":9}},"loc":{"start":{"line":107,"column":2},"end":{"line":110,"column":3}}},"12":{"name":"(anonymous_20)","decl":{"start":{"line":112,"column":2},"end":{"line":112,"column":9}},"loc":{"start":{"line":112,"column":2},"end":{"line":115,"column":3}}},"13":{"name":"(anonymous_21)","decl":{"start":{"line":117,"column":2},"end":{"line":117,"column":9}},"loc":{"start":{"line":117,"column":2},"end":{"line":120,"column":3}}},"14":{"name":"(anonymous_22)","decl":{"start":{"line":122,"column":2},"end":{"line":122,"column":9}},"loc":{"start":{"line":122,"column":2},"end":{"line":125,"column":3}}},"15":{"name":"(anonymous_23)","decl":{"start":{"line":127,"column":2},"end":{"line":127,"column":9}},"loc":{"start":{"line":127,"column":2},"end":{"line":130,"column":3}}},"16":{"name":"(anonymous_24)","decl":{"start":{"line":132,"column":2},"end":{"line":132,"column":9}},"loc":{"start":{"line":132,"column":2},"end":{"line":135,"column":3}}},"17":{"name":"(anonymous_25)","decl":{"start":{"line":137,"column":2},"end":{"line":137,"column":9}},"loc":{"start":{"line":137,"column":2},"end":{"line":140,"column":3}}},"18":{"name":"(anonymous_26)","decl":{"start":{"line":142,"column":2},"end":{"line":142,"column":9}},"loc":{"start":{"line":142,"column":2},"end":{"line":145,"column":3}}},"19":{"name":"(anonymous_27)","decl":{"start":{"line":147,"column":2},"end":{"line":147,"column":9}},"loc":{"start":{"line":147,"column":26},"end":{"line":149,"column":3}}},"20":{"name":"(anonymous_28)","decl":{"start":{"line":156,"column":2},"end":{"line":156,"column":9}},"loc":{"start":{"line":156,"column":39},"end":{"line":159,"column":3}}},"21":{"name":"(anonymous_29)","decl":{"start":{"line":161,"column":2},"end":{"line":161,"column":9}},"loc":{"start":{"line":161,"column":26},"end":{"line":163,"column":3}}},"22":{"name":"(anonymous_30)","decl":{"start":{"line":165,"column":2},"end":{"line":165,"column":9}},"loc":{"start":{"line":165,"column":25},"end":{"line":167,"column":3}}},"23":{"name":"(anonymous_31)","decl":{"start":{"line":169,"column":2},"end":{"line":169,"column":9}},"loc":{"start":{"line":169,"column":25},"end":{"line":171,"column":3}}},"24":{"name":"(anonymous_32)","decl":{"start":{"line":173,"column":2},"end":{"line":173,"column":9}},"loc":{"start":{"line":173,"column":26},"end":{"line":175,"column":3}}},"25":{"name":"(anonymous_33)","decl":{"start":{"line":177,"column":2},"end":{"line":177,"column":9}},"loc":{"start":{"line":177,"column":26},"end":{"line":179,"column":3}}},"26":{"name":"(anonymous_34)","decl":{"start":{"line":185,"column":2},"end":{"line":185,"column":9}},"loc":{"start":{"line":185,"column":31},"end":{"line":190,"column":3}}},"27":{"name":"(anonymous_35)","decl":{"start":{"line":192,"column":2},"end":{"line":192,"column":9}},"loc":{"start":{"line":192,"column":42},"end":{"line":195,"column":3}}},"28":{"name":"(anonymous_36)","decl":{"start":{"line":197,"column":2},"end":{"line":197,"column":9}},"loc":{"start":{"line":197,"column":30},"end":{"line":200,"column":3}}},"29":{"name":"(anonymous_37)","decl":{"start":{"line":208,"column":46},"end":{"line":208,"column":47}},"loc":{"start":{"line":208,"column":67},"end":{"line":221,"column":1}}},"30":{"name":"(anonymous_38)","decl":{"start":{"line":227,"column":0},"end":{"line":227,"column":13}},"loc":{"start":{"line":227,"column":0},"end":{"line":359,"column":null}}},"31":{"name":"LoggerPool","decl":{"start":{"line":228,"column":2},"end":{"line":228,"column":22}},"loc":{"start":{"line":228,"column":32},"end":{"line":228,"column":36}}},"32":{"name":"(anonymous_40)","decl":{"start":{"line":234,"column":2},"end":{"line":234,"column":9}},"loc":{"start":{"line":234,"column":53},"end":{"line":238,"column":3}}},"33":{"name":"(anonymous_41)","decl":{"start":{"line":240,"column":2},"end":{"line":240,"column":9}},"loc":{"start":{"line":240,"column":2},"end":{"line":245,"column":3}}},"34":{"name":"(anonymous_42)","decl":{"start":{"line":247,"column":2},"end":{"line":247,"column":9}},"loc":{"start":{"line":247,"column":2},"end":{"line":252,"column":3}}},"35":{"name":"(anonymous_43)","decl":{"start":{"line":254,"column":2},"end":{"line":254,"column":9}},"loc":{"start":{"line":254,"column":2},"end":{"line":259,"column":3}}},"36":{"name":"(anonymous_44)","decl":{"start":{"line":261,"column":2},"end":{"line":261,"column":9}},"loc":{"start":{"line":261,"column":2},"end":{"line":266,"column":3}}},"37":{"name":"(anonymous_45)","decl":{"start":{"line":268,"column":2},"end":{"line":268,"column":9}},"loc":{"start":{"line":268,"column":2},"end":{"line":273,"column":3}}},"38":{"name":"(anonymous_46)","decl":{"start":{"line":275,"column":2},"end":{"line":275,"column":9}},"loc":{"start":{"line":275,"column":2},"end":{"line":280,"column":3}}},"39":{"name":"(anonymous_47)","decl":{"start":{"line":282,"column":2},"end":{"line":282,"column":9}},"loc":{"start":{"line":282,"column":2},"end":{"line":287,"column":3}}},"40":{"name":"(anonymous_48)","decl":{"start":{"line":289,"column":2},"end":{"line":289,"column":9}},"loc":{"start":{"line":289,"column":2},"end":{"line":294,"column":3}}},"41":{"name":"(anonymous_49)","decl":{"start":{"line":296,"column":2},"end":{"line":296,"column":9}},"loc":{"start":{"line":296,"column":2},"end":{"line":301,"column":3}}},"42":{"name":"(anonymous_50)","decl":{"start":{"line":303,"column":2},"end":{"line":303,"column":9}},"loc":{"start":{"line":303,"column":2},"end":{"line":308,"column":3}}},"43":{"name":"(anonymous_51)","decl":{"start":{"line":310,"column":2},"end":{"line":310,"column":9}},"loc":{"start":{"line":310,"column":2},"end":{"line":315,"column":3}}},"44":{"name":"(anonymous_52)","decl":{"start":{"line":317,"column":2},"end":{"line":317,"column":9}},"loc":{"start":{"line":317,"column":2},"end":{"line":322,"column":3}}},"45":{"name":"(anonymous_53)","decl":{"start":{"line":328,"column":2},"end":{"line":328,"column":9}},"loc":{"start":{"line":328,"column":41},"end":{"line":333,"column":3}}},"46":{"name":"(anonymous_54)","decl":{"start":{"line":339,"column":2},"end":{"line":339,"column":9}},"loc":{"start":{"line":339,"column":42},"end":{"line":344,"column":3}}},"47":{"name":"(anonymous_55)","decl":{"start":{"line":346,"column":2},"end":{"line":346,"column":9}},"loc":{"start":{"line":346,"column":2},"end":{"line":351,"column":3}}},"48":{"name":"(anonymous_56)","decl":{"start":{"line":353,"column":2},"end":{"line":353,"column":9}},"loc":{"start":{"line":353,"column":2},"end":{"line":358,"column":3}}}},"branchMap":{"0":{"loc":{"start":{"line":14,"column":12},"end":{"line":14,"column":20}},"type":"binary-expr","locations":[{"start":{"line":14,"column":12},"end":{"line":14,"column":20}},{"start":{"line":14,"column":12},"end":{"line":14,"column":null}}]},"1":{"loc":{"start":{"line":75,"column":4},"end":{"line":77,"column":null}},"type":"if","locations":[{"start":{"line":75,"column":4},"end":{"line":77,"column":null}},{"start":{"line":75,"column":4},"end":{"line":77,"column":null}}]},"2":{"loc":{"start":{"line":78,"column":4},"end":{"line":80,"column":null}},"type":"if","locations":[{"start":{"line":78,"column":4},"end":{"line":80,"column":null}},{"start":{"line":78,"column":4},"end":{"line":80,"column":null}}]},"3":{"loc":{"start":{"line":78,"column":8},"end":{"line":78,"column":20}},"type":"binary-expr","locations":[{"start":{"line":78,"column":8},"end":{"line":78,"column":20}},{"start":{"line":78,"column":24},"end":{"line":78,"column":46}}]},"4":{"loc":{"start":{"line":157,"column":46},"end":{"line":157,"column":57}},"type":"cond-expr","locations":[{"start":{"line":157,"column":46},"end":{"line":157,"column":57}},{"start":{"line":157,"column":60},"end":{"line":157,"column":62}}]}},"s":{"0":1,"1":1,"2":1,"3":1,"4":1,"5":1,"6":1,"7":1,"8":1,"9":1,"10":1,"11":1,"12":1,"13":4,"14":4,"15":4,"16":4,"17":1,"18":0,"19":1,"20":0,"21":1,"22":0,"23":0,"24":0,"25":0,"26":1,"27":4,"28":1,"29":0,"30":0,"31":1,"32":0,"33":0,"34":1,"35":0,"36":0,"37":1,"38":0,"39":0,"40":1,"41":0,"42":0,"43":1,"44":0,"45":0,"46":1,"47":0,"48":0,"49":1,"50":0,"51":0,"52":1,"53":0,"54":0,"55":1,"56":0,"57":0,"58":1,"59":0,"60":0,"61":1,"62":0,"63":0,"64":1,"65":0,"66":1,"67":0,"68":0,"69":1,"70":0,"71":1,"72":0,"73":1,"74":0,"75":1,"76":0,"77":1,"78":0,"79":1,"80":0,"81":0,"82":0,"83":0,"84":1,"85":0,"86":0,"87":1,"88":4,"89":4,"90":1,"91":1,"92":1,"93":0,"94":0,"95":1,"96":1,"97":1,"98":1,"99":1,"100":1,"101":1,"102":3,"103":3,"104":1,"105":0,"106":0,"107":0,"108":0,"109":0,"110":0,"111":1,"112":0,"113":0,"114":0,"115":0,"116":0,"117":0,"118":1,"119":0,"120":0,"121":0,"122":0,"123":0,"124":0,"125":1,"126":0,"127":0,"128":0,"129":0,"130":0,"131":0,"132":1,"133":0,"134":0,"135":0,"136":0,"137":0,"138":0,"139":1,"140":0,"141":0,"142":0,"143":0,"144":0,"145":0,"146":1,"147":0,"148":0,"149":0,"150":0,"151":0,"152":0,"153":1,"154":0,"155":0,"156":0,"157":0,"158":0,"159":0,"160":1,"161":0,"162":0,"163":0,"164":0,"165":0,"166":0,"167":1,"168":0,"169":0,"170":0,"171":0,"172":0,"173":0,"174":1,"175":0,"176":0,"177":0,"178":0,"179":0,"180":0,"181":1,"182":0,"183":0,"184":0,"185":0,"186":0,"187":0,"188":1,"189":0,"190":0,"191":0,"192":0,"193":1,"194":0,"195":0,"196":0,"197":0,"198":1,"199":0,"200":0,"201":0,"202":0,"203":0,"204":0,"205":1,"206":1,"207":1,"208":1,"209":3,"210":3,"211":1,"212":1,"213":1,"214":1,"215":1},"f":{"0":1,"1":1,"2":5,"3":0,"4":0,"5":0,"6":4,"7":0,"8":0,"9":0,"10":0,"11":0,"12":0,"13":0,"14":0,"15":0,"16":0,"17":0,"18":0,"19":0,"20":0,"21":0,"22":0,"23":0,"24":0,"25":0,"26":0,"27":0,"28":4,"29":0,"30":1,"31":1,"32":1,"33":0,"34":0,"35":0,"36":0,"37":0,"38":0,"39":0,"40":0,"41":0,"42":0,"43":0,"44":0,"45":0,"46":0,"47":0,"48":1},"b":{"0":[1,1],"1":[0,0],"2":[0,0],"3":[0,0],"4":[0,0]}}
,"E:\\Documents\\repos\\Projects\\SourcProject\\Sourc\\ts\\core\\loggers.ts": {"path":"E:\\Documents\\repos\\Projects\\SourcProject\\Sourc\\ts\\core\\loggers.ts","statementMap":{"0":{"start":{"line":1,"column":0},"end":{"line":1,"column":58}},"1":{"start":{"line":2,"column":0},"end":{"line":2,"column":null}},"2":{"start":{"line":8,"column":16},"end":{"line":12,"column":11}},"3":{"start":{"line":17,"column":13},"end":{"line":17,"column":57}},"4":{"start":{"line":18,"column":0},"end":{"line":18,"column":31}},"5":{"start":{"line":19,"column":0},"end":{"line":19,"column":62}}},"fnMap":{},"branchMap":{},"s":{"0":1,"1":1,"2":1,"3":1,"4":1,"5":1},"f":{},"b":{}}
,"E:\\Documents\\repos\\Projects\\SourcProject\\Sourc\\ts\\core\\plugin.ts": {"path":"E:\\Documents\\repos\\Projects\\SourcProject\\Sourc\\ts\\core\\plugin.ts","statementMap":{"0":{"start":{"line":2,"column":0},"end":{"line":2,"column":50}},"1":{"start":{"line":3,"column":0},"end":{"line":3,"column":35}},"2":{"start":{"line":9,"column":0},"end":{"line":9,"column":13}},"3":{"start":{"line":11,"column":12},"end":{"line":11,"column":28}},"4":{"start":{"line":12,"column":12},"end":{"line":12,"column":45}},"5":{"start":{"line":15,"column":2},"end":{"line":17,"column":null}},"6":{"start":{"line":16,"column":4},"end":{"line":16,"column":25}},"7":{"start":{"line":19,"column":2},"end":{"line":21,"column":null}},"8":{"start":{"line":20,"column":4},"end":{"line":20,"column":27}},"9":{"start":{"line":32,"column":9},"end":{"line":39,"column":null}},"10":{"start":{"line":33,"column":4},"end":{"line":36,"column":null}},"11":{"start":{"line":34,"column":6},"end":{"line":34,"column":74}},"12":{"start":{"line":35,"column":6},"end":{"line":35,"column":13}},"13":{"start":{"line":37,"column":14},"end":{"line":37,"column":27}},"14":{"start":{"line":38,"column":4},"end":{"line":38,"column":72}},"15":{"start":{"line":50,"column":9},"end":{"line":63,"column":null}},"16":{"start":{"line":51,"column":4},"end":{"line":54,"column":null}},"17":{"start":{"line":52,"column":6},"end":{"line":52,"column":74}},"18":{"start":{"line":53,"column":6},"end":{"line":53,"column":13}},"19":{"start":{"line":56,"column":4},"end":{"line":59,"column":null}},"20":{"start":{"line":57,"column":6},"end":{"line":57,"column":70}},"21":{"start":{"line":58,"column":6},"end":{"line":58,"column":13}},"22":{"start":{"line":61,"column":14},"end":{"line":61,"column":27}},"23":{"start":{"line":62,"column":4},"end":{"line":62,"column":74}},"24":{"start":{"line":65,"column":9},"end":{"line":67,"column":null}},"25":{"start":{"line":66,"column":4},"end":{"line":66,"column":32}},"26":{"start":{"line":68,"column":0},"end":{"line":68,"column":null}},"27":{"start":{"line":9,"column":13},"end":{"line":9,"column":24}},"28":{"start":{"line":92,"column":0},"end":{"line":92,"column":22}},"29":{"start":{"line":93,"column":9},"end":{"line":93,"column":null}},"30":{"start":{"line":94,"column":9},"end":{"line":94,"column":null}},"31":{"start":{"line":95,"column":0},"end":{"line":95,"column":null}},"32":{"start":{"line":92,"column":22},"end":{"line":92,"column":36}},"33":{"start":{"line":97,"column":0},"end":{"line":97,"column":13}},"34":{"start":{"line":99,"column":0},"end":{"line":99,"column":null}},"35":{"start":{"line":97,"column":13},"end":{"line":97,"column":25}},"36":{"start":{"line":106,"column":0},"end":{"line":106,"column":13}},"37":{"start":{"line":108,"column":20},"end":{"line":108,"column":44}},"38":{"start":{"line":109,"column":20},"end":{"line":109,"column":40}},"39":{"start":{"line":111,"column":0},"end":{"line":111,"column":null}},"40":{"start":{"line":106,"column":13},"end":{"line":106,"column":24}}},"fnMap":{"0":{"name":"(anonymous_1)","decl":{"start":{"line":9,"column":0},"end":{"line":9,"column":13}},"loc":{"start":{"line":9,"column":0},"end":{"line":68,"column":null}}},"1":{"name":"EditorState","decl":{"start":{"line":10,"column":2},"end":{"line":10,"column":null}},"loc":{"start":{"line":12,"column":45},"end":{"line":13,"column":6}}},"2":{"name":"(anonymous_3)","decl":{"start":{"line":15,"column":2},"end":{"line":15,"column":13}},"loc":{"start":{"line":15,"column":2},"end":{"line":17,"column":3}}},"3":{"name":"(anonymous_4)","decl":{"start":{"line":19,"column":2},"end":{"line":19,"column":13}},"loc":{"start":{"line":19,"column":2},"end":{"line":21,"column":3}}},"4":{"name":"(anonymous_5)","decl":{"start":{"line":32,"column":2},"end":{"line":32,"column":9}},"loc":{"start":{"line":32,"column":50},"end":{"line":39,"column":3}}},"5":{"name":"(anonymous_6)","decl":{"start":{"line":50,"column":2},"end":{"line":50,"column":9}},"loc":{"start":{"line":50,"column":52},"end":{"line":63,"column":3}}},"6":{"name":"(anonymous_7)","decl":{"start":{"line":65,"column":2},"end":{"line":65,"column":9}},"loc":{"start":{"line":65,"column":47},"end":{"line":67,"column":3}}},"7":{"name":"(anonymous_8)","decl":{"start":{"line":92,"column":0},"end":{"line":92,"column":22}},"loc":{"start":{"line":92,"column":0},"end":{"line":95,"column":null}}},"8":{"name":"(anonymous_10)","decl":{"start":{"line":93,"column":2},"end":{"line":93,"column":9}},"loc":{"start":{"line":93,"column":2},"end":{"line":93,"column":26}}},"9":{"name":"(anonymous_11)","decl":{"start":{"line":94,"column":2},"end":{"line":94,"column":9}},"loc":{"start":{"line":94,"column":53},"end":{"line":94,"column":57}}},"10":{"name":"(anonymous_12)","decl":{"start":{"line":97,"column":0},"end":{"line":97,"column":13}},"loc":{"start":{"line":97,"column":0},"end":{"line":99,"column":null}}},"11":{"name":"PluginConfig","decl":{"start":{"line":98,"column":2},"end":{"line":98,"column":14}},"loc":{"start":{"line":98,"column":16},"end":{"line":98,"column":20}}},"12":{"name":"(anonymous_14)","decl":{"start":{"line":106,"column":0},"end":{"line":106,"column":13}},"loc":{"start":{"line":106,"column":0},"end":{"line":111,"column":null}}},"13":{"name":"SourcPlugin","decl":{"start":{"line":107,"column":2},"end":{"line":107,"column":null}},"loc":{"start":{"line":109,"column":40},"end":{"line":110,"column":6}}}},"branchMap":{"0":{"loc":{"start":{"line":33,"column":4},"end":{"line":36,"column":null}},"type":"if","locations":[{"start":{"line":33,"column":4},"end":{"line":36,"column":null}},{"start":{"line":33,"column":4},"end":{"line":36,"column":null}}]},"1":{"loc":{"start":{"line":33,"column":8},"end":{"line":33,"column":20}},"type":"binary-expr","locations":[{"start":{"line":33,"column":8},"end":{"line":33,"column":20}},{"start":{"line":33,"column":24},"end":{"line":33,"column":55}}]},"2":{"loc":{"start":{"line":34,"column":28},"end":{"line":34,"column":62}},"type":"binary-expr","locations":[{"start":{"line":34,"column":28},"end":{"line":34,"column":62}},{"start":{"line":34,"column":28},"end":{"line":34,"column":73}}]},"3":{"loc":{"start":{"line":51,"column":4},"end":{"line":54,"column":null}},"type":"if","locations":[{"start":{"line":51,"column":4},"end":{"line":54,"column":null}},{"start":{"line":51,"column":4},"end":{"line":54,"column":null}}]},"4":{"loc":{"start":{"line":51,"column":8},"end":{"line":51,"column":20}},"type":"binary-expr","locations":[{"start":{"line":51,"column":8},"end":{"line":51,"column":20}},{"start":{"line":51,"column":24},"end":{"line":51,"column":55}}]},"5":{"loc":{"start":{"line":52,"column":28},"end":{"line":52,"column":62}},"type":"binary-expr","locations":[{"start":{"line":52,"column":28},"end":{"line":52,"column":62}},{"start":{"line":52,"column":28},"end":{"line":52,"column":73}}]},"6":{"loc":{"start":{"line":56,"column":4},"end":{"line":59,"column":null}},"type":"if","locations":[{"start":{"line":56,"column":4},"end":{"line":59,"column":null}},{"start":{"line":56,"column":4},"end":{"line":59,"column":null}}]},"7":{"loc":{"start":{"line":56,"column":8},"end":{"line":56,"column":29}},"type":"binary-expr","locations":[{"start":{"line":56,"column":8},"end":{"line":56,"column":29}},{"start":{"line":56,"column":33},"end":{"line":56,"column":73}}]},"8":{"loc":{"start":{"line":57,"column":28},"end":{"line":57,"column":60}},"type":"binary-expr","locations":[{"start":{"line":57,"column":28},"end":{"line":57,"column":60}},{"start":{"line":57,"column":28},"end":{"line":57,"column":69}}]}},"s":{"0":1,"1":1,"2":1,"3":0,"4":0,"5":1,"6":0,"7":1,"8":0,"9":1,"10":0,"11":0,"12":0,"13":0,"14":0,"15":1,"16":0,"17":0,"18":0,"19":0,"20":0,"21":0,"22":0,"23":0,"24":1,"25":0,"26":1,"27":1,"28":1,"29":1,"30":1,"31":1,"32":1,"33":1,"34":1,"35":1,"36":1,"37":1,"38":1,"39":1,"40":1},"f":{"0":1,"1":0,"2":0,"3":0,"4":0,"5":0,"6":0,"7":2,"8":0,"9":0,"10":1,"11":1,"12":1,"13":1},"b":{"0":[0,0],"1":[0,0],"2":[0,0],"3":[0,0],"4":[0,0],"5":[0,0],"6":[0,0],"7":[0,0],"8":[0,0]}}
,"E:\\Documents\\repos\\Projects\\SourcProject\\Sourc\\ts\\core\\private-loggers.ts": {"path":"E:\\Documents\\repos\\Projects\\SourcProject\\Sourc\\ts\\core\\private-loggers.ts","statementMap":{"0":{"start":{"line":1,"column":0},"end":{"line":1,"column":34}},"1":{"start":{"line":3,"column":13},"end":{"line":3,"column":70}},"2":{"start":{"line":5,"column":13},"end":{"line":5,"column":64}},"3":{"start":{"line":7,"column":13},"end":{"line":7,"column":63}}},"fnMap":{},"branchMap":{},"s":{"0":1,"1":1,"2":1,"3":1},"f":{},"b":{}}
,"E:\\Documents\\repos\\Projects\\SourcProject\\Sourc\\ts\\core\\tool\\assert.ts": {"path":"E:\\Documents\\repos\\Projects\\SourcProject\\Sourc\\ts\\core\\tool\\assert.ts","statementMap":{"0":{"start":{"line":1,"column":0},"end":{"line":1,"column":35}},"1":{"start":{"line":3,"column":0},"end":{"line":3,"column":43}},"2":{"start":{"line":3,"column":36},"end":{"line":3,"column":41}},"3":{"start":{"line":3,"column":43},"end":{"line":3,"column":null}},"4":{"start":{"line":3,"column":13},"end":{"line":3,"column":27}},"5":{"start":{"line":19,"column":2},"end":{"line":41,"column":null}},"6":{"start":{"line":20,"column":19},"end":{"line":20,"column":36}},"7":{"start":{"line":21,"column":31},"end":{"line":21,"column":52}},"8":{"start":{"line":22,"column":39},"end":{"line":22,"column":54}},"9":{"start":{"line":24,"column":6},"end":{"line":26,"column":20}},"10":{"start":{"line":27,"column":4},"end":{"line":30,"column":null}},"11":{"start":{"line":28,"column":6},"end":{"line":28,"column":34}},"12":{"start":{"line":29,"column":6},"end":{"line":29,"column":18}},"13":{"start":{"line":32,"column":22},"end":{"line":32,"column":39}},"14":{"start":{"line":33,"column":39},"end":{"line":33,"column":60}},"15":{"start":{"line":35,"column":6},"end":{"line":37,"column":20}},"16":{"start":{"line":38,"column":4},"end":{"line":40,"column":null}},"17":{"start":{"line":39,"column":6},"end":{"line":39,"column":18}},"18":{"start":{"line":14,"column":0},"end":{"line":14,"column":16}},"19":{"start":{"line":44,"column":13},"end":{"line":48,"column":23}},"20":{"start":{"line":50,"column":13},"end":{"line":53,"column":23}}},"fnMap":{"0":{"name":"(anonymous_6)","decl":{"start":{"line":3,"column":0},"end":{"line":3,"column":13}},"loc":{"start":{"line":3,"column":0},"end":{"line":3,"column":-1}}},"1":{"name":"assert","decl":{"start":{"line":14,"column":16},"end":{"line":14,"column":22}},"loc":{"start":{"line":17,"column":34},"end":{"line":42,"column":1}}}},"branchMap":{"0":{"loc":{"start":{"line":19,"column":2},"end":{"line":41,"column":null}},"type":"if","locations":[{"start":{"line":19,"column":2},"end":{"line":41,"column":null}},{"start":{"line":19,"column":2},"end":{"line":41,"column":null}}]},"1":{"loc":{"start":{"line":25,"column":10},"end":{"line":25,"column":40}},"type":"cond-expr","locations":[{"start":{"line":25,"column":10},"end":{"line":25,"column":40}},{"start":{"line":26,"column":10},"end":{"line":26,"column":20}}]},"2":{"loc":{"start":{"line":27,"column":4},"end":{"line":30,"column":null}},"type":"if","locations":[{"start":{"line":27,"column":4},"end":{"line":30,"column":null}},{"start":{"line":27,"column":4},"end":{"line":30,"column":null}}]},"3":{"loc":{"start":{"line":36,"column":10},"end":{"line":36,"column":40}},"type":"cond-expr","locations":[{"start":{"line":36,"column":10},"end":{"line":36,"column":40}},{"start":{"line":37,"column":10},"end":{"line":37,"column":20}}]},"4":{"loc":{"start":{"line":38,"column":4},"end":{"line":40,"column":null}},"type":"if","locations":[{"start":{"line":38,"column":4},"end":{"line":40,"column":null}},{"start":{"line":38,"column":4},"end":{"line":40,"column":null}}]}},"s":{"0":1,"1":1,"2":1,"3":1,"4":1,"5":0,"6":0,"7":0,"8":0,"9":0,"10":0,"11":0,"12":0,"13":0,"14":0,"15":0,"16":0,"17":0,"18":1,"19":1,"20":1},"f":{"0":1,"1":0},"b":{"0":[0,0],"1":[0,0],"2":[0,0],"3":[0,0],"4":[0,0]}}
,"E:\\Documents\\repos\\Projects\\SourcProject\\Sourc\\ts\\core\\tool\\conversion.ts": {"path":"E:\\Documents\\repos\\Projects\\SourcProject\\Sourc\\ts\\core\\tool\\conversion.ts","statementMap":{"0":{"start":{"line":2,"column":15},"end":{"line":2,"column":17}},"1":{"start":{"line":3,"column":2},"end":{"line":8,"column":null}},"2":{"start":{"line":3,"column":19},"end":{"line":3,"column":24}},"3":{"start":{"line":3,"column":15},"end":{"line":3,"column":19}},"4":{"start":{"line":4,"column":4},"end":{"line":7,"column":null}},"5":{"start":{"line":6,"column":8},"end":{"line":6,"column":23}},"6":{"start":{"line":9,"column":2},"end":{"line":9,"column":25}},"7":{"start":{"line":1,"column":0},"end":{"line":1,"column":16}}},"fnMap":{"0":{"name":"stringToHTML","decl":{"start":{"line":1,"column":16},"end":{"line":1,"column":28}},"loc":{"start":{"line":1,"column":42},"end":{"line":10,"column":1}}}},"branchMap":{"0":{"loc":{"start":{"line":5,"column":6},"end":{"line":6,"column":23}},"type":"switch","locations":[{"start":{"line":5,"column":6},"end":{"line":6,"column":23}}]}},"s":{"0":0,"1":0,"2":0,"3":0,"4":0,"5":0,"6":0,"7":1},"f":{"0":0},"b":{"0":[0]}}
,"E:\\Documents\\repos\\Projects\\SourcProject\\Sourc\\ts\\core\\tool\\dom-tools.ts": {"path":"E:\\Documents\\repos\\Projects\\SourcProject\\Sourc\\ts\\core\\tool\\dom-tools.ts","statementMap":{"0":{"start":{"line":1,"column":0},"end":{"line":1,"column":34}},"1":{"start":{"line":2,"column":0},"end":{"line":2,"column":34}},"2":{"start":{"line":3,"column":0},"end":{"line":3,"column":54}},"3":{"start":{"line":16,"column":2},"end":{"line":16,"column":34}},"4":{"start":{"line":15,"column":0},"end":{"line":15,"column":16}},"5":{"start":{"line":20,"column":2},"end":{"line":25,"column":20}},"6":{"start":{"line":21,"column":4},"end":{"line":24,"column":6}},"7":{"start":{"line":25,"column":7},"end":{"line":25,"column":20}},"8":{"start":{"line":19,"column":0},"end":{"line":19,"column":16}},"9":{"start":{"line":40,"column":2},"end":{"line":43,"column":4}},"10":{"start":{"line":35,"column":0},"end":{"line":35,"column":16}},"11":{"start":{"line":49,"column":0},"end":{"line":49,"column":null}},"12":{"start":{"line":53,"column":2},"end":{"line":53,"column":null}},"13":{"start":{"line":57,"column":2},"end":{"line":57,"column":null}},"14":{"start":{"line":61,"column":2},"end":{"line":61,"column":null}},"15":{"start":{"line":65,"column":2},"end":{"line":65,"column":null}},"16":{"start":{"line":69,"column":2},"end":{"line":69,"column":null}},"17":{"start":{"line":76,"column":2},"end":{"line":93,"column":null}},"18":{"start":{"line":78,"column":6},"end":{"line":78,"column":31}},"19":{"start":{"line":80,"column":6},"end":{"line":80,"column":28}},"20":{"start":{"line":85,"column":6},"end":{"line":85,"column":30}},"21":{"start":{"line":90,"column":6},"end":{"line":90,"column":30}},"22":{"start":{"line":92,"column":6},"end":{"line":92,"column":34}},"23":{"start":{"line":75,"column":0},"end":{"line":75,"column":16}},"24":{"start":{"line":100,"column":2},"end":{"line":100,"column":44}},"25":{"start":{"line":101,"column":12},"end":{"line":101,"column":33}},"26":{"start":{"line":102,"column":2},"end":{"line":102,"column":26}},"27":{"start":{"line":102,"column":19},"end":{"line":102,"column":26}},"28":{"start":{"line":103,"column":16},"end":{"line":103,"column":54}},"29":{"start":{"line":104,"column":2},"end":{"line":104,"column":24}},"30":{"start":{"line":105,"column":2},"end":{"line":105,"column":50}},"31":{"start":{"line":106,"column":2},"end":{"line":106,"column":24}},"32":{"start":{"line":107,"column":2},"end":{"line":107,"column":22}},"33":{"start":{"line":99,"column":0},"end":{"line":99,"column":16}},"34":{"start":{"line":115,"column":2},"end":{"line":119,"column":null}},"35":{"start":{"line":116,"column":4},"end":{"line":116,"column":35}},"36":{"start":{"line":117,"column":4},"end":{"line":117,"column":27}},"37":{"start":{"line":118,"column":4},"end":{"line":118,"column":28}},"38":{"start":{"line":121,"column":25},"end":{"line":123,"column":null}},"39":{"start":{"line":121,"column":14},"end":{"line":121,"column":16}},"40":{"start":{"line":121,"column":21},"end":{"line":121,"column":25}},"41":{"start":{"line":125,"column":2},"end":{"line":125,"column":61}},"42":{"start":{"line":126,"column":2},"end":{"line":126,"column":29}},"43":{"start":{"line":128,"column":2},"end":{"line":128,"column":25}},"44":{"start":{"line":135,"column":2},"end":{"line":153,"column":null}},"45":{"start":{"line":136,"column":18},"end":{"line":136,"column":75}},"46":{"start":{"line":137,"column":4},"end":{"line":142,"column":null}},"47":{"start":{"line":138,"column":6},"end":{"line":138,"column":31}},"48":{"start":{"line":139,"column":6},"end":{"line":139,"column":28}},"49":{"start":{"line":141,"column":6},"end":{"line":141,"column":69}},"50":{"start":{"line":144,"column":4},"end":{"line":151,"column":null}},"51":{"start":{"line":144,"column":17},"end":{"line":144,"column":18}},"52":{"start":{"line":145,"column":30},"end":{"line":145,"column":78}},"53":{"start":{"line":145,"column":15},"end":{"line":145,"column":17}},"54":{"start":{"line":145,"column":26},"end":{"line":145,"column":30}},"55":{"start":{"line":146,"column":6},"end":{"line":150,"column":null}},"56":{"start":{"line":147,"column":8},"end":{"line":147,"column":27}},"57":{"start":{"line":149,"column":8},"end":{"line":149,"column":33}},"58":{"start":{"line":152,"column":4},"end":{"line":152,"column":26}},"59":{"start":{"line":163,"column":18},"end":{"line":163,"column":39}},"60":{"start":{"line":165,"column":2},"end":{"line":172,"column":null}},"61":{"start":{"line":166,"column":16},"end":{"line":166,"column":39}},"62":{"start":{"line":168,"column":4},"end":{"line":171,"column":6}},"63":{"start":{"line":173,"column":2},"end":{"line":173,"column":14}},"64":{"start":{"line":160,"column":0},"end":{"line":160,"column":16}},"65":{"start":{"line":181,"column":15},"end":{"line":181,"column":16}},"66":{"start":{"line":183,"column":2},"end":{"line":189,"column":null}},"67":{"start":{"line":184,"column":4},"end":{"line":184,"column":21}},"68":{"start":{"line":186,"column":4},"end":{"line":188,"column":null}},"69":{"start":{"line":186,"column":17},"end":{"line":186,"column":18}},"70":{"start":{"line":187,"column":6},"end":{"line":187,"column":54}},"71":{"start":{"line":191,"column":2},"end":{"line":193,"column":null}},"72":{"start":{"line":192,"column":4},"end":{"line":192,"column":75}},"73":{"start":{"line":195,"column":2},"end":{"line":195,"column":16}},"74":{"start":{"line":199,"column":15},"end":{"line":199,"column":16}},"75":{"start":{"line":201,"column":2},"end":{"line":207,"column":null}},"76":{"start":{"line":202,"column":4},"end":{"line":202,"column":16}},"77":{"start":{"line":203,"column":9},"end":{"line":207,"column":null}},"78":{"start":{"line":204,"column":4},"end":{"line":204,"column":44}},"79":{"start":{"line":205,"column":9},"end":{"line":207,"column":null}},"80":{"start":{"line":206,"column":4},"end":{"line":206,"column":77}},"81":{"start":{"line":206,"column":39},"end":{"line":206,"column":76}},"82":{"start":{"line":209,"column":2},"end":{"line":209,"column":16}},"83":{"start":{"line":213,"column":2},"end":{"line":213,"column":75}}},"fnMap":{"0":{"name":"isSelectionFlat","decl":{"start":{"line":15,"column":16},"end":{"line":15,"column":31}},"loc":{"start":{"line":15,"column":53},"end":{"line":17,"column":1}}},"1":{"name":"normalizeSelection","decl":{"start":{"line":19,"column":16},"end":{"line":19,"column":34}},"loc":{"start":{"line":19,"column":56},"end":{"line":26,"column":1}}},"2":{"name":"clampSelection","decl":{"start":{"line":35,"column":16},"end":{"line":35,"column":30}},"loc":{"start":{"line":38,"column":13},"end":{"line":44,"column":1}}},"3":{"name":"(anonymous_3)","decl":{"start":{"line":49,"column":0},"end":{"line":49,"column":12}},"loc":{"start":{"line":49,"column":19},"end":{"line":70,"column":1}}},"4":{"name":"getKeyType","decl":{"start":{"line":75,"column":16},"end":{"line":75,"column":26}},"loc":{"start":{"line":75,"column":38},"end":{"line":94,"column":1}}},"5":{"name":"setSelection","decl":{"start":{"line":99,"column":16},"end":{"line":99,"column":28}},"loc":{"start":{"line":99,"column":76},"end":{"line":108,"column":1}}},"6":{"name":"createRange","decl":{"start":{"line":110,"column":9},"end":{"line":110,"column":20}},"loc":{"start":{"line":113,"column":15},"end":{"line":129,"column":1}}},"7":{"name":"findOffsetIntoNode","decl":{"start":{"line":131,"column":9},"end":{"line":131,"column":27}},"loc":{"start":{"line":133,"column":16},"end":{"line":154,"column":1}}},"8":{"name":"getCaretSelection","decl":{"start":{"line":160,"column":16},"end":{"line":160,"column":33}},"loc":{"start":{"line":161,"column":37},"end":{"line":174,"column":1}}},"9":{"name":"getTextLength","decl":{"start":{"line":176,"column":9},"end":{"line":176,"column":22}},"loc":{"start":{"line":179,"column":16},"end":{"line":196,"column":1}}},"10":{"name":"getNodeTextLength","decl":{"start":{"line":198,"column":9},"end":{"line":198,"column":26}},"loc":{"start":{"line":198,"column":37},"end":{"line":210,"column":1}}},"11":{"name":"(anonymous_11)","decl":{"start":{"line":206,"column":28},"end":{"line":206,"column":29}},"loc":{"start":{"line":206,"column":34},"end":{"line":206,"column":40}}},"12":{"name":"getNodeOffset","decl":{"start":{"line":212,"column":9},"end":{"line":212,"column":22}},"loc":{"start":{"line":212,"column":33},"end":{"line":214,"column":1}}}},"branchMap":{"0":{"loc":{"start":{"line":20,"column":2},"end":{"line":25,"column":20}},"type":"if","locations":[{"start":{"line":20,"column":2},"end":{"line":25,"column":20}},{"start":{"line":20,"column":2},"end":{"line":25,"column":20}}]},"1":{"loc":{"start":{"line":49,"column":12},"end":{"line":49,"column":19}},"type":"binary-expr","locations":[{"start":{"line":49,"column":12},"end":{"line":49,"column":19}},{"start":{"line":49,"column":12},"end":{"line":49,"column":null}}]},"2":{"loc":{"start":{"line":77,"column":4},"end":{"line":78,"column":31}},"type":"switch","locations":[{"start":{"line":77,"column":4},"end":{"line":78,"column":31}},{"start":{"line":79,"column":4},"end":{"line":80,"column":28}},{"start":{"line":81,"column":4},"end":{"line":81,"column":19}},{"start":{"line":82,"column":4},"end":{"line":82,"column":21}},{"start":{"line":83,"column":4},"end":{"line":83,"column":21}},{"start":{"line":84,"column":4},"end":{"line":85,"column":30}},{"start":{"line":86,"column":4},"end":{"line":86,"column":17}},{"start":{"line":87,"column":4},"end":{"line":87,"column":19}},{"start":{"line":88,"column":4},"end":{"line":88,"column":15}},{"start":{"line":89,"column":4},"end":{"line":90,"column":30}},{"start":{"line":91,"column":4},"end":{"line":92,"column":34}}]},"3":{"loc":{"start":{"line":102,"column":2},"end":{"line":102,"column":26}},"type":"if","locations":[{"start":{"line":102,"column":2},"end":{"line":102,"column":26}},{"start":{"line":102,"column":2},"end":{"line":102,"column":26}}]},"4":{"loc":{"start":{"line":115,"column":2},"end":{"line":119,"column":null}},"type":"if","locations":[{"start":{"line":115,"column":2},"end":{"line":119,"column":null}},{"start":{"line":115,"column":2},"end":{"line":119,"column":null}}]},"5":{"loc":{"start":{"line":135,"column":2},"end":{"line":153,"column":null}},"type":"if","locations":[{"start":{"line":135,"column":2},"end":{"line":153,"column":null}},{"start":{"line":135,"column":2},"end":{"line":153,"column":null}}]},"6":{"loc":{"start":{"line":135,"column":6},"end":{"line":135,"column":39}},"type":"binary-expr","locations":[{"start":{"line":135,"column":6},"end":{"line":135,"column":39}},{"start":{"line":135,"column":43},"end":{"line":135,"column":66}}]},"7":{"loc":{"start":{"line":136,"column":44},"end":{"line":136,"column":48}},"type":"cond-expr","locations":[{"start":{"line":136,"column":44},"end":{"line":136,"column":48}},{"start":{"line":136,"column":51},"end":{"line":136,"column":75}}]},"8":{"loc":{"start":{"line":136,"column":69},"end":{"line":136,"column":73}},"type":"cond-expr","locations":[{"start":{"line":136,"column":69},"end":{"line":136,"column":73}},{"start":{"line":136,"column":73},"end":{"line":136,"column":75}}]},"9":{"loc":{"start":{"line":136,"column":51},"end":{"line":136,"column":73}},"type":"binary-expr","locations":[{"start":{"line":136,"column":51},"end":{"line":136,"column":73}},{"start":{"line":136,"column":69},"end":{"line":136,"column":73}}]},"10":{"loc":{"start":{"line":137,"column":4},"end":{"line":142,"column":null}},"type":"if","locations":[{"start":{"line":137,"column":4},"end":{"line":142,"column":null}},{"start":{"line":137,"column":4},"end":{"line":142,"column":null}}]},"11":{"loc":{"start":{"line":141,"column":48},"end":{"line":141,"column":58}},"type":"cond-expr","locations":[{"start":{"line":141,"column":48},"end":{"line":141,"column":58}},{"start":{"line":141,"column":61},"end":{"line":141,"column":67}}]},"12":{"loc":{"start":{"line":146,"column":6},"end":{"line":150,"column":null}},"type":"if","locations":[{"start":{"line":146,"column":6},"end":{"line":150,"column":null}},{"start":{"line":146,"column":6},"end":{"line":150,"column":null}}]},"13":{"loc":{"start":{"line":165,"column":2},"end":{"line":172,"column":null}},"type":"if","locations":[{"start":{"line":165,"column":2},"end":{"line":172,"column":null}},{"start":{"line":165,"column":2},"end":{"line":172,"column":null}}]},"14":{"loc":{"start":{"line":165,"column":6},"end":{"line":165,"column":13}},"type":"binary-expr","locations":[{"start":{"line":165,"column":6},"end":{"line":165,"column":13}},{"start":{"line":165,"column":17},"end":{"line":165,"column":26}},{"start":{"line":165,"column":30},"end":{"line":165,"column":54}}]},"15":{"loc":{"start":{"line":183,"column":2},"end":{"line":189,"column":null}},"type":"if","locations":[{"start":{"line":183,"column":2},"end":{"line":189,"column":null}},{"start":{"line":183,"column":2},"end":{"line":189,"column":null}}]},"16":{"loc":{"start":{"line":191,"column":2},"end":{"line":193,"column":null}},"type":"if","locations":[{"start":{"line":191,"column":2},"end":{"line":193,"column":null}},{"start":{"line":191,"column":2},"end":{"line":193,"column":null}}]},"17":{"loc":{"start":{"line":191,"column":6},"end":{"line":191,"column":21}},"type":"binary-expr","locations":[{"start":{"line":191,"column":6},"end":{"line":191,"column":21}},{"start":{"line":191,"column":25},"end":{"line":191,"column":40}}]},"18":{"loc":{"start":{"line":201,"column":2},"end":{"line":207,"column":null}},"type":"if","locations":[{"start":{"line":201,"column":2},"end":{"line":207,"column":null}},{"start":{"line":201,"column":2},"end":{"line":207,"column":null}}]},"19":{"loc":{"start":{"line":203,"column":9},"end":{"line":207,"column":null}},"type":"if","locations":[{"start":{"line":203,"column":9},"end":{"line":207,"column":null}},{"start":{"line":203,"column":9},"end":{"line":207,"column":null}}]},"20":{"loc":{"start":{"line":204,"column":29},"end":{"line":204,"column":33}},"type":"cond-expr","locations":[{"start":{"line":204,"column":29},"end":{"line":204,"column":33}},{"start":{"line":204,"column":33},"end":{"line":204,"column":35}}]},"21":{"loc":{"start":{"line":204,"column":15},"end":{"line":204,"column":33}},"type":"binary-expr","locations":[{"start":{"line":204,"column":15},"end":{"line":204,"column":33}},{"start":{"line":204,"column":29},"end":{"line":204,"column":33}}]},"22":{"loc":{"start":{"line":205,"column":9},"end":{"line":207,"column":null}},"type":"if","locations":[{"start":{"line":205,"column":9},"end":{"line":207,"column":null}},{"start":{"line":205,"column":9},"end":{"line":207,"column":null}}]},"23":{"loc":{"start":{"line":213,"column":24},"end":{"line":213,"column":26}},"type":"cond-expr","locations":[{"start":{"line":213,"column":24},"end":{"line":213,"column":26}},{"start":{"line":213,"column":29},"end":{"line":213,"column":74}}]}},"s":{"0":1,"1":1,"2":1,"3":0,"4":1,"5":0,"6":0,"7":0,"8":1,"9":0,"10":1,"11":1,"12":1,"13":1,"14":1,"15":1,"16":1,"17":0,"18":0,"19":0,"20":0,"21":0,"22":0,"23":1,"24":0,"25":0,"26":0,"27":0,"28":0,"29":0,"30":0,"31":0,"32":0,"33":1,"34":0,"35":0,"36":0,"37":0,"38":0,"39":0,"40":0,"41":0,"42":0,"43":0,"44":0,"45":0,"46":0,"47":0,"48":0,"49":0,"50":0,"51":0,"52":0,"53":0,"54":0,"55":0,"56":0,"57":0,"58":0,"59":0,"60":0,"61":0,"62":0,"63":0,"64":1,"65":0,"66":0,"67":0,"68":0,"69":0,"70":0,"71":0,"72":0,"73":0,"74":0,"75":0,"76":0,"77":0,"78":0,"79":0,"80":0,"81":0,"82":0,"83":0},"f":{"0":0,"1":0,"2":0,"3":1,"4":0,"5":0,"6":0,"7":0,"8":0,"9":0,"10":0,"11":0,"12":0},"b":{"0":[0,0],"1":[1,1],"2":[0,0,0,0,0,0,0,0,0,0,0],"3":[0,0],"4":[0,0],"5":[0,0],"6":[0,0],"7":[0,0],"8":[0,0],"9":[0,0],"10":[0,0],"11":[0,0],"12":[0,0],"13":[0,0],"14":[0,0,0],"15":[0,0],"16":[0,0],"17":[0,0],"18":[0,0],"19":[0,0],"20":[0,0],"21":[0,0],"22":[0,0],"23":[0,0]}}
,"E:\\Documents\\repos\\Projects\\SourcProject\\Sourc\\ts\\core\\tool\\general.ts": {"path":"E:\\Documents\\repos\\Projects\\SourcProject\\Sourc\\ts\\core\\tool\\general.ts","statementMap":{"0":{"start":{"line":9,"column":2},"end":{"line":9,"column":19}},"1":{"start":{"line":11,"column":2},"end":{"line":13,"column":4}},"2":{"start":{"line":11,"column":19},"end":{"line":11,"column":35}},"3":{"start":{"line":12,"column":4},"end":{"line":12,"column":37}},"4":{"start":{"line":3,"column":0},"end":{"line":3,"column":16}},"5":{"start":{"line":17,"column":2},"end":{"line":17,"column":43}},"6":{"start":{"line":16,"column":0},"end":{"line":16,"column":16}},"7":{"start":{"line":22,"column":0},"end":{"line":22,"column":13}},"8":{"start":{"line":23,"column":10},"end":{"line":23,"column":31}},"9":{"start":{"line":24,"column":10},"end":{"line":24,"column":25}},"10":{"start":{"line":25,"column":10},"end":{"line":25,"column":62}},"11":{"start":{"line":27,"column":9},"end":{"line":30,"column":null}},"12":{"start":{"line":28,"column":4},"end":{"line":28,"column":29}},"13":{"start":{"line":29,"column":4},"end":{"line":29,"column":16}},"14":{"start":{"line":32,"column":9},"end":{"line":35,"column":null}},"15":{"start":{"line":33,"column":4},"end":{"line":33,"column":30}},"16":{"start":{"line":34,"column":4},"end":{"line":34,"column":16}},"17":{"start":{"line":37,"column":9},"end":{"line":40,"column":null}},"18":{"start":{"line":38,"column":4},"end":{"line":38,"column":43}},"19":{"start":{"line":38,"column":14},"end":{"line":38,"column":43}},"20":{"start":{"line":39,"column":4},"end":{"line":39,"column":16}},"21":{"start":{"line":42,"column":9},"end":{"line":53,"column":null}},"22":{"start":{"line":44,"column":4},"end":{"line":46,"column":null}},"23":{"start":{"line":45,"column":6},"end":{"line":45,"column":13}},"24":{"start":{"line":48,"column":4},"end":{"line":51,"column":null}},"25":{"start":{"line":49,"column":6},"end":{"line":49,"column":27}},"26":{"start":{"line":50,"column":6},"end":{"line":50,"column":15}},"27":{"start":{"line":52,"column":4},"end":{"line":52,"column":16}},"28":{"start":{"line":55,"column":9},"end":{"line":64,"column":null}},"29":{"start":{"line":55,"column":13},"end":{"line":55,"column":28}},"30":{"start":{"line":56,"column":4},"end":{"line":56,"column":30}},"31":{"start":{"line":56,"column":23},"end":{"line":56,"column":30}},"32":{"start":{"line":57,"column":4},"end":{"line":63,"column":null}},"33":{"start":{"line":58,"column":6},"end":{"line":58,"column":36}},"34":{"start":{"line":60,"column":6},"end":{"line":62,"column":null}},"35":{"start":{"line":60,"column":23},"end":{"line":60,"column":27}},"36":{"start":{"line":60,"column":23},"end":{"line":60,"column":40}},"37":{"start":{"line":60,"column":19},"end":{"line":60,"column":23}},"38":{"start":{"line":61,"column":8},"end":{"line":61,"column":22}},"39":{"start":{"line":65,"column":0},"end":{"line":65,"column":null}},"40":{"start":{"line":22,"column":13},"end":{"line":22,"column":29}}},"fnMap":{"0":{"name":"partial","decl":{"start":{"line":3,"column":16},"end":{"line":3,"column":23}},"loc":{"start":{"line":8,"column":51},"end":{"line":14,"column":1}}},"1":{"name":"(anonymous_2)","decl":{"start":{"line":11,"column":9},"end":{"line":11,"column":19}},"loc":{"start":{"line":11,"column":9},"end":{"line":13,"column":3}}},"2":{"name":"clamp","decl":{"start":{"line":16,"column":16},"end":{"line":16,"column":21}},"loc":{"start":{"line":16,"column":59},"end":{"line":18,"column":1}}},"3":{"name":"(anonymous_4)","decl":{"start":{"line":22,"column":0},"end":{"line":22,"column":13}},"loc":{"start":{"line":22,"column":0},"end":{"line":65,"column":null}}},"4":{"name":"(anonymous_6)","decl":{"start":{"line":27,"column":2},"end":{"line":27,"column":9}},"loc":{"start":{"line":27,"column":2},"end":{"line":30,"column":3}}},"5":{"name":"(anonymous_7)","decl":{"start":{"line":32,"column":2},"end":{"line":32,"column":9}},"loc":{"start":{"line":32,"column":2},"end":{"line":35,"column":3}}},"6":{"name":"(anonymous_8)","decl":{"start":{"line":37,"column":2},"end":{"line":37,"column":9}},"loc":{"start":{"line":37,"column":61},"end":{"line":40,"column":3}}},"7":{"name":"(anonymous_9)","decl":{"start":{"line":42,"column":2},"end":{"line":42,"column":9}},"loc":{"start":{"line":46,"column":5},"end":{"line":53,"column":3}}},"8":{"name":"(anonymous_10)","decl":{"start":{"line":44,"column":4},"end":{"line":44,"column":null}},"loc":{"start":{"line":44,"column":4},"end":{"line":46,"column":5}}},"9":{"name":"(anonymous_11)","decl":{"start":{"line":55,"column":2},"end":{"line":55,"column":9}},"loc":{"start":{"line":55,"column":2},"end":{"line":64,"column":3}}}},"branchMap":{"0":{"loc":{"start":{"line":38,"column":4},"end":{"line":38,"column":43}},"type":"if","locations":[{"start":{"line":38,"column":4},"end":{"line":38,"column":43}},{"start":{"line":38,"column":4},"end":{"line":38,"column":43}}]},"1":{"loc":{"start":{"line":44,"column":4},"end":{"line":46,"column":null}},"type":"if","locations":[{"start":{"line":44,"column":4},"end":{"line":46,"column":null}},{"start":{"line":44,"column":4},"end":{"line":46,"column":null}}]},"2":{"loc":{"start":{"line":48,"column":4},"end":{"line":51,"column":null}},"type":"if","locations":[{"start":{"line":48,"column":4},"end":{"line":51,"column":null}},{"start":{"line":48,"column":4},"end":{"line":51,"column":null}}]},"3":{"loc":{"start":{"line":56,"column":4},"end":{"line":56,"column":30}},"type":"if","locations":[{"start":{"line":56,"column":4},"end":{"line":56,"column":30}},{"start":{"line":56,"column":4},"end":{"line":56,"column":30}}]},"4":{"loc":{"start":{"line":57,"column":4},"end":{"line":63,"column":null}},"type":"if","locations":[{"start":{"line":57,"column":4},"end":{"line":63,"column":null}},{"start":{"line":57,"column":4},"end":{"line":63,"column":null}}]},"5":{"loc":{"start":{"line":57,"column":8},"end":{"line":57,"column":25}},"type":"binary-expr","locations":[{"start":{"line":57,"column":8},"end":{"line":57,"column":25}},{"start":{"line":57,"column":29},"end":{"line":57,"column":57}}]}},"s":{"0":0,"1":0,"2":0,"3":0,"4":1,"5":0,"6":1,"7":1,"8":0,"9":0,"10":0,"11":1,"12":0,"13":0,"14":1,"15":0,"16":0,"17":1,"18":0,"19":0,"20":0,"21":1,"22":0,"23":0,"24":0,"25":0,"26":0,"27":0,"28":1,"29":0,"30":0,"31":0,"32":0,"33":0,"34":0,"35":0,"36":0,"37":0,"38":0,"39":1,"40":1},"f":{"0":0,"1":0,"2":0,"3":1,"4":0,"5":0,"6":0,"7":0,"8":0,"9":0},"b":{"0":[0,0],"1":[0,0],"2":[0,0],"3":[0,0],"4":[0,0],"5":[0,0]}}
,"E:\\Documents\\repos\\Projects\\SourcProject\\Sourc\\ts\\core\\tool\\string.ts": {"path":"E:\\Documents\\repos\\Projects\\SourcProject\\Sourc\\ts\\core\\tool\\string.ts","statementMap":{"0":{"start":{"line":14,"column":50},"end":{"line":14,"column":68}},"1":{"start":{"line":15,"column":2},"end":{"line":19,"column":9}},"2":{"start":{"line":16,"column":23},"end":{"line":16,"column":25}},"3":{"start":{"line":17,"column":4},"end":{"line":17,"column":60}},"4":{"start":{"line":17,"column":27},"end":{"line":17,"column":60}},"5":{"start":{"line":18,"column":4},"end":{"line":18,"column":28}},"6":{"start":{"line":14,"column":0},"end":{"line":14,"column":16}},"7":{"start":{"line":23,"column":2},"end":{"line":24,"column":36}},"8":{"start":{"line":23,"column":31},"end":{"line":23,"column":58}},"9":{"start":{"line":24,"column":7},"end":{"line":24,"column":36}},"10":{"start":{"line":28,"column":2},"end":{"line":28,"column":45}},"11":{"start":{"line":32,"column":2},"end":{"line":32,"column":33}},"12":{"start":{"line":32,"column":19},"end":{"line":32,"column":33}},"13":{"start":{"line":33,"column":13},"end":{"line":33,"column":33}},"14":{"start":{"line":34,"column":12},"end":{"line":34,"column":39}},"15":{"start":{"line":35,"column":2},"end":{"line":35,"column":43}},"16":{"start":{"line":35,"column":24},"end":{"line":35,"column":43}},"17":{"start":{"line":36,"column":2},"end":{"line":36,"column":15}},"18":{"start":{"line":37,"column":2},"end":{"line":42,"column":null}},"19":{"start":{"line":37,"column":28},"end":{"line":37,"column":34}},"20":{"start":{"line":37,"column":28},"end":{"line":37,"column":47}},"21":{"start":{"line":37,"column":11},"end":{"line":37,"column":12}},"22":{"start":{"line":37,"column":16},"end":{"line":37,"column":18}},"23":{"start":{"line":37,"column":23},"end":{"line":37,"column":24}},"24":{"start":{"line":38,"column":4},"end":{"line":41,"column":10}},"25":{"start":{"line":43,"column":2},"end":{"line":43,"column":38}},"26":{"start":{"line":44,"column":2},"end":{"line":44,"column":13}},"27":{"start":{"line":48,"column":2},"end":{"line":48,"column":32}},"28":{"start":{"line":52,"column":2},"end":{"line":52,"column":34}},"29":{"start":{"line":56,"column":2},"end":{"line":56,"column":35}},"30":{"start":{"line":56,"column":21},"end":{"line":56,"column":35}},"31":{"start":{"line":57,"column":13},"end":{"line":57,"column":25}},"32":{"start":{"line":58,"column":2},"end":{"line":79,"column":null}},"33":{"start":{"line":60,"column":6},"end":{"line":60,"column":25}},"34":{"start":{"line":62,"column":6},"end":{"line":62,"column":26}},"35":{"start":{"line":65,"column":6},"end":{"line":65,"column":49}},"36":{"start":{"line":67,"column":6},"end":{"line":67,"column":38}},"37":{"start":{"line":69,"column":6},"end":{"line":69,"column":40}},"38":{"start":{"line":71,"column":36},"end":{"line":71,"column":41}},"39":{"start":{"line":72,"column":6},"end":{"line":74,"column":33}},"40":{"start":{"line":76,"column":6},"end":{"line":76,"column":73}},"41":{"start":{"line":78,"column":6},"end":{"line":78,"column":25}},"42":{"start":{"line":99,"column":21},"end":{"line":99,"column":46}},"43":{"start":{"line":100,"column":30},"end":{"line":103,"column":58}},"44":{"start":{"line":103,"column":30},"end":{"line":103,"column":56}},"45":{"start":{"line":104,"column":2},"end":{"line":104,"column":37}},"46":{"start":{"line":98,"column":0},"end":{"line":98,"column":16}},"47":{"start":{"line":114,"column":2},"end":{"line":117,"column":39}},"48":{"start":{"line":117,"column":20},"end":{"line":117,"column":31}},"49":{"start":{"line":113,"column":0},"end":{"line":113,"column":16}}},"fnMap":{"0":{"name":"pp","decl":{"start":{"line":14,"column":16},"end":{"line":14,"column":18}},"loc":{"start":{"line":14,"column":48},"end":{"line":20,"column":1}}},"1":{"name":"(anonymous_1)","decl":{"start":{"line":15,"column":24},"end":{"line":15,"column":25}},"loc":{"start":{"line":15,"column":39},"end":{"line":19,"column":3}}},"2":{"name":"unknownToString","decl":{"start":{"line":22,"column":9},"end":{"line":22,"column":24}},"loc":{"start":{"line":22,"column":37},"end":{"line":25,"column":1}}},"3":{"name":"objectToString","decl":{"start":{"line":27,"column":9},"end":{"line":27,"column":23}},"loc":{"start":{"line":27,"column":42},"end":{"line":29,"column":1}}},"4":{"name":"prettyObjectToString","decl":{"start":{"line":31,"column":9},"end":{"line":31,"column":29}},"loc":{"start":{"line":31,"column":69},"end":{"line":45,"column":1}}},"5":{"name":"getIndent","decl":{"start":{"line":47,"column":9},"end":{"line":47,"column":18}},"loc":{"start":{"line":47,"column":32},"end":{"line":49,"column":1}}},"6":{"name":"never","decl":{"start":{"line":51,"column":9},"end":{"line":51,"column":14}},"loc":{"start":{"line":51,"column":28},"end":{"line":53,"column":1}}},"7":{"name":"valueToString","decl":{"start":{"line":55,"column":9},"end":{"line":55,"column":22}},"loc":{"start":{"line":55,"column":58},"end":{"line":80,"column":1}}},"8":{"name":"findLineOffset","decl":{"start":{"line":98,"column":16},"end":{"line":98,"column":30}},"loc":{"start":{"line":98,"column":60},"end":{"line":105,"column":1}}},"9":{"name":"(anonymous_9)","decl":{"start":{"line":103,"column":12},"end":{"line":103,"column":13}},"loc":{"start":{"line":103,"column":25},"end":{"line":103,"column":36}}},"10":{"name":"findLineOf","decl":{"start":{"line":113,"column":16},"end":{"line":113,"column":26}},"loc":{"start":{"line":113,"column":56},"end":{"line":118,"column":1}}},"11":{"name":"(anonymous_11)","decl":{"start":{"line":117,"column":12},"end":{"line":117,"column":13}},"loc":{"start":{"line":117,"column":15},"end":{"line":117,"column":22}}}},"branchMap":{"0":{"loc":{"start":{"line":17,"column":4},"end":{"line":17,"column":60}},"type":"if","locations":[{"start":{"line":17,"column":4},"end":{"line":17,"column":60}},{"start":{"line":17,"column":4},"end":{"line":17,"column":60}}]},"1":{"loc":{"start":{"line":23,"column":2},"end":{"line":24,"column":36}},"type":"if","locations":[{"start":{"line":23,"column":2},"end":{"line":24,"column":36}},{"start":{"line":23,"column":2},"end":{"line":24,"column":36}}]},"2":{"loc":{"start":{"line":32,"column":2},"end":{"line":32,"column":33}},"type":"if","locations":[{"start":{"line":32,"column":2},"end":{"line":32,"column":33}},{"start":{"line":32,"column":2},"end":{"line":32,"column":33}}]},"3":{"loc":{"start":{"line":35,"column":2},"end":{"line":35,"column":43}},"type":"if","locations":[{"start":{"line":35,"column":2},"end":{"line":35,"column":43}},{"start":{"line":35,"column":2},"end":{"line":35,"column":43}}]},"4":{"loc":{"start":{"line":56,"column":2},"end":{"line":56,"column":35}},"type":"if","locations":[{"start":{"line":56,"column":2},"end":{"line":56,"column":35}},{"start":{"line":56,"column":2},"end":{"line":56,"column":35}}]},"5":{"loc":{"start":{"line":59,"column":4},"end":{"line":60,"column":25}},"type":"switch","locations":[{"start":{"line":59,"column":4},"end":{"line":60,"column":25}},{"start":{"line":61,"column":4},"end":{"line":62,"column":26}},{"start":{"line":63,"column":4},"end":{"line":63,"column":18}},{"start":{"line":64,"column":4},"end":{"line":65,"column":49}},{"start":{"line":66,"column":4},"end":{"line":67,"column":38}},{"start":{"line":68,"column":4},"end":{"line":69,"column":40}},{"start":{"line":70,"column":4},"end":{"line":74,"column":33}},{"start":{"line":75,"column":4},"end":{"line":76,"column":73}},{"start":{"line":77,"column":4},"end":{"line":78,"column":25}}]},"6":{"loc":{"start":{"line":67,"column":21},"end":{"line":67,"column":27}},"type":"cond-expr","locations":[{"start":{"line":67,"column":21},"end":{"line":67,"column":27}},{"start":{"line":67,"column":30},"end":{"line":67,"column":37}}]},"7":{"loc":{"start":{"line":73,"column":10},"end":{"line":73,"column":35}},"type":"cond-expr","locations":[{"start":{"line":73,"column":10},"end":{"line":73,"column":35}},{"start":{"line":74,"column":10},"end":{"line":74,"column":32}}]}},"s":{"0":0,"1":0,"2":0,"3":0,"4":0,"5":0,"6":1,"7":0,"8":0,"9":0,"10":0,"11":0,"12":0,"13":0,"14":0,"15":0,"16":0,"17":0,"18":0,"19":0,"20":0,"21":0,"22":0,"23":0,"24":0,"25":0,"26":0,"27":0,"28":0,"29":0,"30":0,"31":0,"32":0,"33":0,"34":0,"35":0,"36":0,"37":0,"38":0,"39":0,"40":0,"41":0,"42":1,"43":1,"44":1,"45":1,"46":1,"47":15,"48":77,"49":1},"f":{"0":0,"1":0,"2":0,"3":0,"4":0,"5":0,"6":0,"7":0,"8":1,"9":1,"10":15,"11":77},"b":{"0":[0,0],"1":[0,0],"2":[0,0],"3":[0,0],"4":[0,0],"5":[0,0,0,0,0,0,0,0,0],"6":[0,0],"7":[0,0]}}
}
