TN:
SF:ts\index.ts
FNF:0
FNH:0
DA:1,3
DA:2,3
DA:3,3
DA:4,3
DA:6,3
DA:7,3
DA:8,3
LF:7
LH:7
BRF:0
BRH:0
end_of_record
TN:
SF:ts\core\core.ts
FN:22,(anonymous_6)
FN:23,(anonymous_8)
FN:28,(anonymous_9)
FN:38,(anonymous_10)
FN:48,(anonymous_11)
FN:60,(anonymous_12)
FN:65,(anonymous_13)
FN:77,(anonymous_14)
FN:87,(anonymous_15)
FN:106,(anonymous_16)
FNF:10
FNH:1
FNDA:6,(anonymous_6)
FNDA:0,(anonymous_8)
FNDA:0,(anonymous_9)
FNDA:0,(anonymous_10)
FNDA:0,(anonymous_11)
FNDA:0,(anonymous_12)
FNDA:0,(anonymous_13)
FNDA:0,(anonymous_14)
FNDA:0,(anonymous_15)
FNDA:0,(anonymous_16)
DA:1,3
DA:2,3
DA:3,3
DA:4,3
DA:5,3
DA:12,3
DA:20,3
DA:22,3
DA:23,3
DA:24,0
DA:25,0
DA:27,0
DA:29,0
DA:38,3
DA:39,0
DA:40,0
DA:48,3
DA:53,0
DA:54,0
DA:60,3
DA:61,0
DA:62,0
DA:65,3
DA:70,0
DA:71,0
DA:77,3
DA:78,0
DA:79,0
DA:81,0
DA:82,0
DA:84,0
DA:87,0
DA:88,0
DA:89,0
DA:90,0
DA:91,0
DA:92,0
DA:94,0
DA:96,0
DA:97,0
DA:100,0
DA:101,0
DA:103,0
DA:106,0
DA:107,0
DA:108,0
DA:109,0
DA:110,0
DA:111,0
DA:112,0
DA:114,0
DA:116,0
DA:117,0
DA:120,0
DA:121,0
DA:123,0
DA:124,0
DA:126,0
DA:131,3
DA:133,3
LF:60
LH:16
BRDA:24,0,0,0
BRDA:24,0,1,0
BRDA:24,1,0,0
BRDA:24,1,1,0
BRDA:61,2,0,0
BRDA:61,2,1,0
BRDA:80,3,0,0
BRDA:80,3,1,0
BRDA:80,3,2,0
BRDA:80,3,3,0
BRDA:88,4,0,0
BRDA:88,4,1,0
BRDA:88,5,0,0
BRDA:88,5,1,0
BRDA:91,6,0,0
BRDA:91,6,1,0
BRDA:107,7,0,0
BRDA:107,7,1,0
BRDA:107,8,0,0
BRDA:107,8,1,0
BRDA:108,9,0,0
BRDA:108,9,1,0
BRDA:108,10,0,0
BRDA:108,10,1,0
BRDA:111,11,0,0
BRDA:111,11,1,0
BRF:26
BRH:0
end_of_record
TN:
SF:ts\core\editor.ts
FN:15,(anonymous_1)
FN:58,(anonymous_2)
FN:79,TextEditor
FN:86,(anonymous_4)
FN:95,(anonymous_5)
FN:99,(anonymous_6)
FN:100,(anonymous_7)
FN:117,(anonymous_8)
FN:129,(anonymous_9)
FN:135,(anonymous_10)
FN:145,(anonymous_11)
FN:156,(anonymous_12)
FN:163,(anonymous_13)
FNF:13
FNH:2
FNDA:3,(anonymous_1)
FNDA:3,(anonymous_2)
FNDA:0,TextEditor
FNDA:0,(anonymous_4)
FNDA:0,(anonymous_5)
FNDA:0,(anonymous_6)
FNDA:0,(anonymous_7)
FNDA:0,(anonymous_8)
FNDA:0,(anonymous_9)
FNDA:0,(anonymous_10)
FNDA:0,(anonymous_11)
FNDA:0,(anonymous_12)
FNDA:0,(anonymous_13)
DA:1,3
DA:2,3
DA:3,3
DA:4,3
DA:5,3
DA:6,3
DA:7,3
DA:8,3
DA:15,3
DA:16,3
DA:17,3
DA:18,3
DA:19,3
DA:22,3
DA:58,3
DA:59,0
DA:60,0
DA:61,0
DA:67,0
DA:73,0
DA:79,0
DA:80,0
DA:86,3
DA:87,0
DA:88,0
DA:89,0
DA:95,3
DA:96,0
DA:99,3
DA:100,0
DA:101,0
DA:102,0
DA:103,0
DA:104,0
DA:105,0
DA:106,0
DA:107,0
DA:110,0
DA:111,0
DA:112,0
DA:114,0
DA:117,0
DA:118,0
DA:119,0
DA:120,0
DA:121,0
DA:125,0
DA:126,0
DA:129,3
DA:131,0
DA:132,0
DA:135,3
DA:137,0
DA:138,0
DA:139,0
DA:141,0
DA:142,0
DA:145,3
DA:146,0
DA:147,0
DA:148,0
DA:149,0
DA:150,0
DA:156,3
DA:157,0
DA:158,0
DA:159,0
DA:160,0
DA:163,3
DA:164,0
DA:165,0
DA:167,3
LF:72
LH:24
BRDA:15,0,0,3
BRDA:15,0,1,3
BRDA:102,1,0,0
BRDA:102,1,1,0
BRDA:103,2,0,0
BRDA:103,2,1,0
BRDA:105,3,0,0
BRDA:105,3,1,0
BRDA:106,4,0,0
BRDA:106,4,1,0
BRDA:118,5,0,0
BRDA:118,5,1,0
BRDA:120,6,0,0
BRDA:120,6,1,0
BRDA:138,7,0,0
BRDA:138,7,1,0
BRDA:138,8,0,0
BRDA:138,8,1,0
BRDA:138,9,0,0
BRDA:138,9,1,0
BRDA:138,10,0,0
BRDA:138,10,1,0
BRDA:138,11,0,0
BRDA:138,11,1,0
BRDA:138,12,0,0
BRDA:138,12,1,0
BRDA:148,13,0,0
BRDA:148,13,1,0
BRDA:149,14,0,0
BRDA:149,14,1,0
BRDA:158,15,0,0
BRDA:158,15,1,0
BRF:32
BRH:2
end_of_record
TN:
SF:ts\core\logger.ts
FN:8,(anonymous_6)
FN:14,(anonymous_8)
FN:57,(anonymous_9)
FN:66,(anonymous_11)
FN:70,(anonymous_12)
FN:74,(anonymous_13)
FN:83,(anonymous_14)
FN:87,(anonymous_15)
FN:92,(anonymous_16)
FN:97,(anonymous_17)
FN:102,(anonymous_18)
FN:107,(anonymous_19)
FN:112,(anonymous_20)
FN:117,(anonymous_21)
FN:122,(anonymous_22)
FN:127,(anonymous_23)
FN:132,(anonymous_24)
FN:137,(anonymous_25)
FN:142,(anonymous_26)
FN:147,(anonymous_27)
FN:156,(anonymous_28)
FN:161,(anonymous_29)
FN:165,(anonymous_30)
FN:169,(anonymous_31)
FN:173,(anonymous_32)
FN:177,(anonymous_33)
FN:185,(anonymous_34)
FN:192,(anonymous_35)
FN:197,(anonymous_36)
FN:208,(anonymous_37)
FN:227,(anonymous_38)
FN:228,LoggerPool
FN:234,(anonymous_40)
FN:240,(anonymous_41)
FN:247,(anonymous_42)
FN:254,(anonymous_43)
FN:261,(anonymous_44)
FN:268,(anonymous_45)
FN:275,(anonymous_46)
FN:282,(anonymous_47)
FN:289,(anonymous_48)
FN:296,(anonymous_49)
FN:303,(anonymous_50)
FN:310,(anonymous_51)
FN:317,(anonymous_52)
FN:328,(anonymous_53)
FN:339,(anonymous_54)
FN:346,(anonymous_55)
FN:353,(anonymous_56)
FNF:49
FNH:13
FNDA:3,(anonymous_6)
FNDA:3,(anonymous_8)
FNDA:16,(anonymous_9)
FNDA:0,(anonymous_11)
FNDA:0,(anonymous_12)
FNDA:8,(anonymous_13)
FNDA:13,(anonymous_14)
FNDA:0,(anonymous_15)
FNDA:0,(anonymous_16)
FNDA:0,(anonymous_17)
FNDA:0,(anonymous_18)
FNDA:0,(anonymous_19)
FNDA:0,(anonymous_20)
FNDA:0,(anonymous_21)
FNDA:0,(anonymous_22)
FNDA:0,(anonymous_23)
FNDA:0,(anonymous_24)
FNDA:0,(anonymous_25)
FNDA:0,(anonymous_26)
FNDA:0,(anonymous_27)
FNDA:6,(anonymous_28)
FNDA:0,(anonymous_29)
FNDA:0,(anonymous_30)
FNDA:0,(anonymous_31)
FNDA:0,(anonymous_32)
FNDA:2,(anonymous_33)
FNDA:0,(anonymous_34)
FNDA:1,(anonymous_35)
FNDA:13,(anonymous_36)
FNDA:0,(anonymous_37)
FNDA:3,(anonymous_38)
FNDA:3,LoggerPool
FNDA:3,(anonymous_40)
FNDA:0,(anonymous_41)
FNDA:0,(anonymous_42)
FNDA:0,(anonymous_43)
FNDA:0,(anonymous_44)
FNDA:0,(anonymous_45)
FNDA:0,(anonymous_46)
FNDA:0,(anonymous_47)
FNDA:0,(anonymous_48)
FNDA:0,(anonymous_49)
FNDA:0,(anonymous_50)
FNDA:0,(anonymous_51)
FNDA:0,(anonymous_52)
FNDA:0,(anonymous_53)
FNDA:0,(anonymous_54)
FNDA:0,(anonymous_55)
FNDA:3,(anonymous_56)
DA:6,3
DA:8,3
DA:14,3
DA:15,3
DA:16,3
DA:17,3
DA:18,3
DA:19,3
DA:20,3
DA:24,3
DA:57,3
DA:58,13
DA:60,13
DA:62,13
DA:64,13
DA:66,3
DA:67,0
DA:70,3
DA:71,0
DA:74,3
DA:75,8
DA:76,0
DA:78,8
DA:79,2
DA:83,3
DA:84,13
DA:87,3
DA:88,0
DA:89,0
DA:92,3
DA:93,0
DA:94,0
DA:97,3
DA:98,0
DA:99,0
DA:102,3
DA:103,0
DA:104,0
DA:107,3
DA:108,0
DA:109,0
DA:112,3
DA:113,0
DA:114,0
DA:117,3
DA:118,0
DA:119,0
DA:122,3
DA:123,0
DA:124,0
DA:127,3
DA:128,0
DA:129,0
DA:132,3
DA:133,0
DA:134,0
DA:137,3
DA:138,0
DA:139,0
DA:142,3
DA:143,0
DA:144,0
DA:147,3
DA:148,0
DA:156,3
DA:157,6
DA:158,6
DA:161,3
DA:162,0
DA:165,3
DA:166,0
DA:169,3
DA:170,0
DA:173,3
DA:174,0
DA:177,3
DA:178,2
DA:185,3
DA:186,0
DA:187,0
DA:188,0
DA:189,0
DA:192,3
DA:193,1
DA:194,1
DA:197,3
DA:198,13
DA:199,13
DA:201,3
DA:208,3
DA:209,0
DA:217,0
DA:227,3
DA:228,3
DA:234,3
DA:235,9
DA:236,9
DA:240,3
DA:241,0
DA:242,0
DA:244,0
DA:247,3
DA:248,0
DA:249,0
DA:251,0
DA:254,3
DA:255,0
DA:256,0
DA:258,0
DA:261,3
DA:262,0
DA:263,0
DA:265,0
DA:268,3
DA:269,0
DA:270,0
DA:272,0
DA:275,3
DA:276,0
DA:277,0
DA:279,0
DA:282,3
DA:283,0
DA:284,0
DA:286,0
DA:289,3
DA:290,0
DA:291,0
DA:293,0
DA:296,3
DA:297,0
DA:298,0
DA:300,0
DA:303,3
DA:304,0
DA:305,0
DA:307,0
DA:310,3
DA:311,0
DA:312,0
DA:314,0
DA:317,3
DA:318,0
DA:319,0
DA:321,0
DA:328,3
DA:329,0
DA:330,0
DA:331,0
DA:332,0
DA:339,3
DA:340,0
DA:341,0
DA:342,0
DA:343,0
DA:346,3
DA:347,0
DA:348,0
DA:350,0
DA:353,3
DA:354,9
DA:355,9
DA:357,3
DA:359,3
DA:364,3
DA:365,3
LF:166
LH:81
BRDA:14,0,0,3
BRDA:14,0,1,3
BRDA:75,1,0,0
BRDA:75,1,1,8
BRDA:78,2,0,2
BRDA:78,2,1,6
BRDA:78,3,0,8
BRDA:78,3,1,2
BRDA:157,4,0,6
BRDA:157,4,1,0
BRF:10
BRH:8
end_of_record
TN:
SF:ts\core\loggers.ts
FNF:0
FNH:0
DA:1,3
DA:2,3
DA:8,3
DA:17,3
DA:18,3
DA:19,3
LF:6
LH:6
BRF:0
BRH:0
end_of_record
TN:
SF:ts\core\plugin.ts
FN:9,(anonymous_1)
FN:10,EditorState
FN:15,(anonymous_3)
FN:19,(anonymous_4)
FN:32,(anonymous_5)
FN:50,(anonymous_6)
FN:65,(anonymous_7)
FN:92,(anonymous_8)
FN:93,(anonymous_10)
FN:94,(anonymous_11)
FN:97,(anonymous_12)
FN:98,PluginConfig
FN:106,(anonymous_14)
FN:107,SourcPlugin
FNF:14
FNH:6
FNDA:3,(anonymous_1)
FNDA:0,EditorState
FNDA:0,(anonymous_3)
FNDA:0,(anonymous_4)
FNDA:0,(anonymous_5)
FNDA:0,(anonymous_6)
FNDA:0,(anonymous_7)
FNDA:6,(anonymous_8)
FNDA:0,(anonymous_10)
FNDA:0,(anonymous_11)
FNDA:3,(anonymous_12)
FNDA:3,PluginConfig
FNDA:3,(anonymous_14)
FNDA:3,SourcPlugin
DA:2,3
DA:3,3
DA:9,3
DA:11,0
DA:12,0
DA:15,3
DA:16,0
DA:19,3
DA:20,0
DA:32,3
DA:33,0
DA:34,0
DA:35,0
DA:37,0
DA:38,0
DA:50,3
DA:51,0
DA:52,0
DA:53,0
DA:56,0
DA:57,0
DA:58,0
DA:61,0
DA:62,0
DA:65,3
DA:66,0
DA:68,3
DA:92,3
DA:93,3
DA:94,3
DA:95,3
DA:97,3
DA:99,3
DA:106,3
DA:108,3
DA:109,3
DA:111,3
LF:37
LH:19
BRDA:33,0,0,0
BRDA:33,0,1,0
BRDA:33,1,0,0
BRDA:33,1,1,0
BRDA:34,2,0,0
BRDA:34,2,1,0
BRDA:51,3,0,0
BRDA:51,3,1,0
BRDA:51,4,0,0
BRDA:51,4,1,0
BRDA:52,5,0,0
BRDA:52,5,1,0
BRDA:56,6,0,0
BRDA:56,6,1,0
BRDA:56,7,0,0
BRDA:56,7,1,0
BRDA:57,8,0,0
BRDA:57,8,1,0
BRF:18
BRH:0
end_of_record
TN:
SF:ts\core\private-loggers.ts
FNF:0
FNH:0
DA:1,3
DA:3,3
DA:5,3
DA:7,3
LF:4
LH:4
BRF:0
BRH:0
end_of_record
TN:
SF:ts\core\tool\assert.ts
FN:3,(anonymous_6)
FN:14,assert
FNF:2
FNH:2
FNDA:19,(anonymous_6)
FNDA:18,assert
DA:1,3
DA:3,3
DA:14,3
DA:19,18
DA:20,14
DA:21,14
DA:22,14
DA:24,14
DA:27,14
DA:28,2
DA:29,2
DA:32,4
DA:33,4
DA:35,4
DA:38,4
DA:39,3
DA:44,3
DA:50,3
LF:18
LH:18
BRDA:19,0,0,14
BRDA:19,0,1,4
BRDA:25,1,0,13
BRDA:25,1,1,1
BRDA:27,2,0,2
BRDA:27,2,1,12
BRDA:36,3,0,3
BRDA:36,3,1,1
BRDA:38,4,0,3
BRDA:38,4,1,1
BRF:10
BRH:10
end_of_record
TN:
SF:ts\core\tool\conversion.ts
FN:1,stringToHTML
FNF:1
FNH:1
FNDA:1,stringToHTML
DA:1,4
DA:2,1
DA:3,14
DA:4,14
DA:6,14
DA:9,1
LF:6
LH:6
BRDA:5,0,0,14
BRF:1
BRH:1
end_of_record
TN:
SF:ts\core\tool\dom-tools.ts
FN:16,isSelectionFlat
FN:20,normalizeSelection
FN:36,clampSelection
FN:50,(anonymous_3)
FN:76,getKeyType
FN:100,setCaretSelection
FN:120,createRange
FN:135,findOffsetIntoNode
FN:165,getCaretSelection
FN:184,getTextLength
FN:206,getNodeTextLength
FN:212,(anonymous_11)
FN:218,getNodeOffset
FNF:13
FNH:13
FNDA:2,isSelectionFlat
FNDA:8,normalizeSelection
FNDA:2,clampSelection
FNDA:3,(anonymous_3)
FNDA:129,getKeyType
FNDA:6,setCaretSelection
FNDA:6,createRange
FNDA:31,findOffsetIntoNode
FNDA:6,getCaretSelection
FNDA:25,getTextLength
FNDA:6,getNodeTextLength
FNDA:2,(anonymous_11)
FNDA:30,getNodeOffset
DA:1,3
DA:2,3
DA:3,3
DA:16,3
DA:17,2
DA:20,3
DA:21,8
DA:22,1
DA:26,7
DA:36,3
DA:41,2
DA:50,3
DA:54,3
DA:58,3
DA:62,3
DA:66,3
DA:70,3
DA:76,3
DA:77,129
DA:79,1
DA:81,1
DA:86,4
DA:91,4
DA:93,119
DA:100,3
DA:104,6
DA:106,6
DA:110,6
DA:111,6
DA:112,6
DA:114,6
DA:115,6
DA:116,6
DA:117,6
DA:121,6
DA:122,6
DA:123,6
DA:125,6
DA:129,6
DA:130,6
DA:132,6
DA:139,31
DA:140,15
DA:141,15
DA:142,3
DA:143,3
DA:145,12
DA:148,16
DA:149,19
DA:150,19
DA:151,6
DA:153,13
DA:165,3
DA:168,6
DA:171,6
DA:172,6
DA:174,6
DA:189,25
DA:191,25
DA:192,12
DA:194,13
DA:195,4
DA:199,25
DA:200,13
DA:203,25
DA:207,6
DA:209,6
DA:210,3
DA:212,3
DA:215,6
DA:219,30
LF:71
LH:71
BRDA:21,0,0,1
BRDA:21,0,1,7
BRDA:50,1,0,3
BRDA:50,1,1,3
BRDA:78,2,0,1
BRDA:78,2,1,1
BRDA:78,2,2,1
BRDA:78,2,3,2
BRDA:78,2,4,3
BRDA:78,2,5,4
BRDA:78,2,6,1
BRDA:78,2,7,2
BRDA:78,2,8,3
BRDA:78,2,9,4
BRDA:78,2,10,119
BRDA:139,3,0,15
BRDA:139,3,1,16
BRDA:141,4,0,3
BRDA:141,4,1,12
BRDA:150,5,0,6
BRDA:150,5,1,13
BRDA:171,6,0,6
BRDA:171,7,0,6
BRDA:171,7,1,6
BRDA:191,8,0,12
BRDA:191,8,1,13
BRDA:199,9,0,13
BRDA:199,9,1,12
BRDA:199,10,0,25
BRDA:199,10,1,13
BRDA:209,11,0,3
BRDA:209,11,1,3
BRDA:219,12,0,13
BRDA:219,12,1,17
BRF:34
BRH:34
end_of_record
TN:
SF:ts\core\tool\general.ts
FN:3,partial
FN:11,(anonymous_2)
FN:16,clamp
FN:22,(anonymous_4)
FN:27,(anonymous_6)
FN:32,(anonymous_7)
FN:37,(anonymous_8)
FN:42,(anonymous_9)
FN:44,(anonymous_10)
FN:55,(anonymous_11)
FNF:10
FNH:10
FNDA:6,partial
FNDA:7,(anonymous_2)
FNDA:7,clamp
FNDA:15,(anonymous_4)
FNDA:1,(anonymous_6)
FNDA:1,(anonymous_7)
FNDA:33,(anonymous_8)
FNDA:4,(anonymous_9)
FNDA:1,(anonymous_10)
FNDA:11,(anonymous_11)
DA:3,4
DA:9,18
DA:11,23
DA:12,7
DA:16,4
DA:17,7
DA:22,4
DA:23,11
DA:24,11
DA:25,11
DA:27,4
DA:28,1
DA:29,1
DA:32,4
DA:33,1
DA:34,1
DA:37,4
DA:38,33
DA:39,33
DA:42,4
DA:44,6
DA:45,1
DA:48,4
DA:49,2
DA:50,2
DA:52,4
DA:55,23
DA:56,11
DA:57,9
DA:58,1
DA:60,12
DA:61,12
DA:65,4
LF:33
LH:33
BRDA:38,0,0,16
BRDA:38,0,1,17
BRDA:44,1,0,2
BRDA:44,1,1,2
BRDA:48,2,0,2
BRDA:48,2,1,2
BRDA:56,3,0,2
BRDA:56,3,1,9
BRDA:57,4,0,1
BRDA:57,4,1,8
BRDA:57,5,0,9
BRDA:57,5,1,1
BRF:12
BRH:12
end_of_record
TN:
SF:ts\core\tool\string.ts
FN:105,findLineOffset
FN:110,(anonymous_1)
FN:120,findLineOf
FN:124,(anonymous_3)
FNF:4
FNH:4
FNDA:14,findLineOffset
FNDA:3,(anonymous_1)
FNDA:28,findLineOf
FNDA:153,(anonymous_3)
DA:15,3
DA:105,3
DA:106,14
DA:107,14
DA:110,3
DA:111,14
DA:120,3
DA:121,28
DA:124,153
LF:9
LH:9
BRF:0
BRH:0
end_of_record
