TN:
SF:js\ts\index.js
FN:2,(anonymous_0)
FN:4,(anonymous_1)
FN:5,(anonymous_2)
FN:9,(anonymous_3)
FNF:4
FNH:3
FNDA:100,(anonymous_0)
FNDA:518,(anonymous_1)
FNDA:0,(anonymous_2)
FNDA:28,(anonymous_3)
DA:2,4
DA:3,100
DA:4,518
DA:6,0
DA:7,0
DA:9,4
DA:10,100
DA:12,4
DA:13,4
DA:14,4
DA:15,4
DA:16,4
DA:17,4
DA:18,4
DA:19,4
LF:15
LH:13
BRDA:2,0,0,4
BRDA:2,0,1,4
BRDA:2,0,2,4
BRDA:2,1,0,4
BRDA:2,1,1,0
BRDA:3,2,0,100
BRDA:3,2,1,0
BRDA:6,3,0,0
BRDA:6,3,1,0
BRDA:9,4,0,4
BRDA:9,4,1,4
BRDA:9,4,2,4
BRDA:10,5,0,100
BRDA:10,5,1,0
BRDA:10,6,0,100
BRDA:10,6,1,100
BRF:16
BRH:11
end_of_record
TN:
SF:js\ts\core\core.js
FN:2,(anonymous_0)
FN:3,(anonymous_1)
FN:5,(anonymous_2)
FN:6,(anonymous_3)
FN:9,(anonymous_4)
FN:13,__
FN:17,(anonymous_6)
FN:18,adopt
FN:18,(anonymous_8)
FN:19,(anonymous_9)
FN:20,fulfilled
FN:21,rejected
FN:22,step
FN:26,(anonymous_13)
FN:27,(anonymous_14)
FN:28,(anonymous_15)
FN:29,verb
FN:29,(anonymous_17)
FN:30,step
FN:65,(anonymous_19)
FN:67,CorePluginProvider
FN:70,(anonymous_21)
FN:72,(anonymous_22)
FN:74,(anonymous_23)
FN:78,(anonymous_24)
FN:90,(anonymous_25)
FN:100,(anonymous_26)
FN:106,(anonymous_27)
FN:111,(anonymous_28)
FN:117,(anonymous_29)
FN:127,(anonymous_30)
FN:146,(anonymous_31)
FNF:32
FNH:6
FNDA:4,(anonymous_0)
FNDA:4,(anonymous_1)
FNDA:0,(anonymous_2)
FNDA:0,(anonymous_3)
FNDA:4,(anonymous_4)
FNDA:4,__
FNDA:0,(anonymous_6)
FNDA:0,adopt
FNDA:0,(anonymous_8)
FNDA:0,(anonymous_9)
FNDA:0,fulfilled
FNDA:0,rejected
FNDA:0,step
FNDA:0,(anonymous_13)
FNDA:0,(anonymous_14)
FNDA:0,(anonymous_15)
FNDA:0,verb
FNDA:0,(anonymous_17)
FNDA:0,step
FNDA:4,(anonymous_19)
FNDA:4,CorePluginProvider
FNDA:0,(anonymous_21)
FNDA:0,(anonymous_22)
FNDA:0,(anonymous_23)
FNDA:0,(anonymous_24)
FNDA:0,(anonymous_25)
FNDA:0,(anonymous_26)
FNDA:0,(anonymous_27)
FNDA:0,(anonymous_28)
FNDA:0,(anonymous_29)
FNDA:0,(anonymous_30)
FNDA:0,(anonymous_31)
DA:2,4
DA:3,4
DA:4,4
DA:5,0
DA:6,0
DA:7,4
DA:9,4
DA:10,4
DA:11,0
DA:12,4
DA:13,4
DA:14,4
DA:17,4
DA:18,0
DA:19,0
DA:20,0
DA:21,0
DA:22,0
DA:23,0
DA:26,4
DA:27,0
DA:28,0
DA:29,0
DA:31,0
DA:32,0
DA:33,0
DA:34,0
DA:35,0
DA:36,0
DA:37,0
DA:38,0
DA:39,0
DA:41,0
DA:42,0
DA:43,0
DA:44,0
DA:45,0
DA:46,0
DA:48,0
DA:49,0
DA:50,0
DA:53,4
DA:54,4
DA:55,4
DA:56,4
DA:57,4
DA:58,4
DA:59,4
DA:60,4
DA:61,4
DA:64,4
DA:65,4
DA:66,4
DA:68,4
DA:70,4
DA:72,0
DA:74,0
DA:75,0
DA:76,0
DA:77,0
DA:79,0
DA:90,4
DA:91,0
DA:92,0
DA:100,4
DA:101,0
DA:106,4
DA:107,0
DA:108,0
DA:109,0
DA:111,4
DA:112,0
DA:117,4
DA:119,0
DA:120,0
DA:122,0
DA:123,0
DA:124,0
DA:127,0
DA:128,0
DA:129,0
DA:130,0
DA:131,0
DA:132,0
DA:135,0
DA:137,0
DA:138,0
DA:141,0
DA:142,0
DA:143,0
DA:146,0
DA:147,0
DA:148,0
DA:149,0
DA:150,0
DA:151,0
DA:152,0
DA:155,0
DA:157,0
DA:158,0
DA:161,0
DA:162,0
DA:164,0
DA:165,0
DA:167,0
DA:169,4
DA:171,4
LF:107
LH:32
BRDA:2,0,0,4
BRDA:2,0,1,4
BRDA:2,0,2,4
BRDA:4,1,0,4
BRDA:4,1,1,0
BRDA:4,1,2,0
BRDA:4,1,3,0
BRDA:6,2,0,0
BRDA:6,2,1,0
BRDA:10,3,0,0
BRDA:10,3,1,4
BRDA:10,4,0,4
BRDA:10,4,1,0
BRDA:14,5,0,0
BRDA:14,5,1,4
BRDA:17,6,0,4
BRDA:17,6,1,4
BRDA:17,6,2,4
BRDA:18,7,0,0
BRDA:18,7,1,0
BRDA:19,8,0,0
BRDA:19,8,1,0
BRDA:22,9,0,0
BRDA:22,9,1,0
BRDA:23,10,0,0
BRDA:23,10,1,0
BRDA:26,11,0,4
BRDA:26,11,1,4
BRDA:26,11,2,4
BRDA:27,12,0,0
BRDA:27,12,1,0
BRDA:28,13,0,0
BRDA:28,13,1,0
BRDA:31,14,0,0
BRDA:31,14,1,0
BRDA:33,15,0,0
BRDA:33,15,1,0
BRDA:33,16,0,0
BRDA:33,16,1,0
BRDA:33,16,2,0
BRDA:33,17,0,0
BRDA:33,17,1,0
BRDA:33,18,0,0
BRDA:33,18,1,0
BRDA:33,19,0,0
BRDA:33,19,1,0
BRDA:33,20,0,0
BRDA:33,20,1,0
BRDA:34,21,0,0
BRDA:34,21,1,0
BRDA:35,22,0,0
BRDA:35,22,1,0
BRDA:35,22,2,0
BRDA:35,22,3,0
BRDA:35,22,4,0
BRDA:35,22,5,0
BRDA:41,23,0,0
BRDA:41,23,1,0
BRDA:41,24,0,0
BRDA:41,24,1,0
BRDA:41,24,2,0
BRDA:41,25,0,0
BRDA:41,25,1,0
BRDA:42,26,0,0
BRDA:42,26,1,0
BRDA:42,27,0,0
BRDA:42,27,1,0
BRDA:42,27,2,0
BRDA:42,27,3,0
BRDA:43,28,0,0
BRDA:43,28,1,0
BRDA:43,29,0,0
BRDA:43,29,1,0
BRDA:44,30,0,0
BRDA:44,30,1,0
BRDA:44,31,0,0
BRDA:44,31,1,0
BRDA:45,32,0,0
BRDA:45,32,1,0
BRDA:50,33,0,0
BRDA:50,33,1,0
BRDA:50,34,0,0
BRDA:50,34,1,0
BRDA:68,35,0,4
BRDA:68,35,1,4
BRDA:68,35,2,4
BRDA:75,36,0,0
BRDA:75,36,1,0
BRDA:75,37,0,0
BRDA:75,37,1,0
BRDA:107,38,0,0
BRDA:107,38,1,0
BRDA:120,39,0,0
BRDA:120,39,1,0
BRDA:120,39,2,0
BRDA:120,39,3,0
BRDA:128,40,0,0
BRDA:128,40,1,0
BRDA:128,41,0,0
BRDA:128,41,1,0
BRDA:131,42,0,0
BRDA:131,42,1,0
BRDA:147,43,0,0
BRDA:147,43,1,0
BRDA:147,44,0,0
BRDA:147,44,1,0
BRDA:148,45,0,0
BRDA:148,45,1,0
BRDA:148,46,0,0
BRDA:148,46,1,0
BRDA:151,47,0,0
BRDA:151,47,1,0
BRF:112
BRH:16
end_of_record
TN:
SF:js\ts\core\editor.js
FN:2,(anonymous_0)
FN:18,(anonymous_1)
FN:51,(anonymous_2)
FN:56,TextEditor
FN:78,(anonymous_4)
FN:83,(anonymous_5)
FN:90,(anonymous_6)
FN:93,(anonymous_7)
FN:99,(anonymous_8)
FN:119,(anonymous_9)
FN:127,(anonymous_10)
FN:134,(anonymous_11)
FN:139,(anonymous_12)
FN:149,(anonymous_13)
FN:156,(anonymous_14)
FN:171,(anonymous_15)
FN:177,(anonymous_16)
FNF:17
FNH:2
FNDA:0,(anonymous_0)
FNDA:4,(anonymous_1)
FNDA:4,(anonymous_2)
FNDA:0,TextEditor
FNDA:0,(anonymous_4)
FNDA:0,(anonymous_5)
FNDA:0,(anonymous_6)
FNDA:0,(anonymous_7)
FNDA:0,(anonymous_8)
FNDA:0,(anonymous_9)
FNDA:0,(anonymous_10)
FNDA:0,(anonymous_11)
FNDA:0,(anonymous_12)
FNDA:0,(anonymous_13)
FNDA:0,(anonymous_14)
FNDA:0,(anonymous_15)
FNDA:0,(anonymous_16)
DA:2,4
DA:3,0
DA:4,0
DA:6,4
DA:7,4
DA:8,4
DA:9,4
DA:10,4
DA:11,4
DA:12,4
DA:13,4
DA:14,4
DA:15,4
DA:16,4
DA:18,4
DA:19,4
DA:20,4
DA:21,4
DA:22,4
DA:24,4
DA:51,4
DA:57,0
DA:58,0
DA:59,0
DA:60,0
DA:61,0
DA:66,0
DA:71,0
DA:72,0
DA:73,0
DA:78,4
DA:79,0
DA:80,0
DA:81,0
DA:82,0
DA:83,0
DA:85,0
DA:90,4
DA:91,0
DA:93,4
DA:94,0
DA:95,0
DA:96,0
DA:97,0
DA:99,4
DA:100,0
DA:101,0
DA:102,0
DA:103,0
DA:104,0
DA:105,0
DA:106,0
DA:107,0
DA:108,0
DA:110,0
DA:111,0
DA:112,0
DA:113,0
DA:114,0
DA:115,0
DA:116,0
DA:119,0
DA:120,0
DA:121,0
DA:122,0
DA:123,0
DA:127,4
DA:128,0
DA:129,0
DA:130,0
DA:131,0
DA:134,4
DA:136,0
DA:137,0
DA:139,4
DA:142,0
DA:143,0
DA:144,0
DA:146,0
DA:147,0
DA:149,4
DA:150,0
DA:151,0
DA:152,0
DA:153,0
DA:154,0
DA:156,4
DA:157,0
DA:158,0
DA:159,0
DA:160,0
DA:161,0
DA:162,0
DA:163,0
DA:164,0
DA:166,0
DA:167,0
DA:169,0
DA:171,4
DA:172,0
DA:173,0
DA:174,0
DA:175,0
DA:177,4
DA:178,0
DA:179,0
DA:181,4
DA:183,4
LF:108
LH:32
BRDA:2,0,0,4
BRDA:2,0,1,4
BRDA:2,0,2,4
BRDA:3,1,0,0
BRDA:3,1,1,0
BRDA:23,2,0,4
BRDA:23,2,1,4
BRDA:57,3,0,0
BRDA:57,3,1,0
BRDA:102,4,0,0
BRDA:102,4,1,0
BRDA:103,5,0,0
BRDA:103,5,1,0
BRDA:106,6,0,0
BRDA:106,6,1,0
BRDA:107,7,0,0
BRDA:107,7,1,0
BRDA:128,8,0,0
BRDA:128,8,1,0
BRDA:130,9,0,0
BRDA:130,9,1,0
BRDA:143,10,0,0
BRDA:143,10,1,0
BRDA:143,11,0,0
BRDA:143,11,1,0
BRDA:143,12,0,0
BRDA:143,12,1,0
BRDA:143,13,0,0
BRDA:143,13,1,0
BRDA:143,14,0,0
BRDA:143,14,1,0
BRDA:143,15,0,0
BRDA:143,15,1,0
BRDA:152,16,0,0
BRDA:152,16,1,0
BRDA:153,17,0,0
BRDA:153,17,1,0
BRDA:163,18,0,0
BRDA:163,18,1,0
BRDA:166,19,0,0
BRDA:166,19,1,0
BRDA:173,20,0,0
BRDA:173,20,1,0
BRF:43
BRH:5
end_of_record
TN:
SF:js\ts\core\logger.js
FN:2,(anonymous_0)
FN:3,(anonymous_1)
FN:5,(anonymous_2)
FN:6,(anonymous_3)
FN:9,(anonymous_4)
FN:13,__
FN:24,(anonymous_6)
FN:26,LoggingError
FN:36,(anonymous_8)
FN:64,(anonymous_9)
FN:65,Logger
FN:71,(anonymous_11)
FN:74,(anonymous_12)
FN:77,(anonymous_13)
FN:83,(anonymous_14)
FN:86,(anonymous_15)
FN:90,(anonymous_16)
FN:94,(anonymous_17)
FN:98,(anonymous_18)
FN:102,(anonymous_19)
FN:106,(anonymous_20)
FN:110,(anonymous_21)
FN:114,(anonymous_22)
FN:118,(anonymous_23)
FN:122,(anonymous_24)
FN:126,(anonymous_25)
FN:130,(anonymous_26)
FN:134,(anonymous_27)
FN:142,(anonymous_28)
FN:146,(anonymous_29)
FN:149,(anonymous_30)
FN:152,(anonymous_31)
FN:155,(anonymous_32)
FN:158,(anonymous_33)
FN:165,(anonymous_34)
FN:171,(anonymous_35)
FN:175,(anonymous_36)
FN:205,(anonymous_37)
FN:206,LoggerPool
FN:213,(anonymous_39)
FN:219,(anonymous_40)
FN:226,(anonymous_41)
FN:233,(anonymous_42)
FN:240,(anonymous_43)
FN:247,(anonymous_44)
FN:254,(anonymous_45)
FN:261,(anonymous_46)
FN:268,(anonymous_47)
FN:275,(anonymous_48)
FN:282,(anonymous_49)
FN:289,(anonymous_50)
FN:296,(anonymous_51)
FN:307,(anonymous_52)
FN:317,(anonymous_53)
FN:323,(anonymous_54)
FN:330,(anonymous_55)
FNF:56
FNH:54
FNDA:4,(anonymous_0)
FNDA:4,(anonymous_1)
FNDA:0,(anonymous_2)
FNDA:0,(anonymous_3)
FNDA:4,(anonymous_4)
FNDA:4,__
FNDA:4,(anonymous_6)
FNDA:442,LoggingError
FNDA:4,(anonymous_8)
FNDA:4,(anonymous_9)
FNDA:47,Logger
FNDA:30,(anonymous_11)
FNDA:31,(anonymous_12)
FNDA:442,(anonymous_13)
FNDA:46,(anonymous_14)
FNDA:5,(anonymous_15)
FNDA:5,(anonymous_16)
FNDA:5,(anonymous_17)
FNDA:5,(anonymous_18)
FNDA:5,(anonymous_19)
FNDA:6,(anonymous_20)
FNDA:5,(anonymous_21)
FNDA:5,(anonymous_22)
FNDA:5,(anonymous_23)
FNDA:5,(anonymous_24)
FNDA:5,(anonymous_25)
FNDA:5,(anonymous_26)
FNDA:72,(anonymous_27)
FNDA:8,(anonymous_28)
FNDA:72,(anonymous_29)
FNDA:72,(anonymous_30)
FNDA:72,(anonymous_31)
FNDA:72,(anonymous_32)
FNDA:74,(anonymous_33)
FNDA:1,(anonymous_34)
FNDA:6,(anonymous_35)
FNDA:46,(anonymous_36)
FNDA:4,(anonymous_37)
FNDA:10,LoggerPool
FNDA:10,(anonymous_39)
FNDA:1,(anonymous_40)
FNDA:1,(anonymous_41)
FNDA:1,(anonymous_42)
FNDA:1,(anonymous_43)
FNDA:1,(anonymous_44)
FNDA:1,(anonymous_45)
FNDA:1,(anonymous_46)
FNDA:1,(anonymous_47)
FNDA:1,(anonymous_48)
FNDA:1,(anonymous_49)
FNDA:1,(anonymous_50)
FNDA:1,(anonymous_51)
FNDA:1,(anonymous_52)
FNDA:1,(anonymous_53)
FNDA:1,(anonymous_54)
FNDA:5,(anonymous_55)
DA:2,4
DA:3,4
DA:4,4
DA:5,0
DA:6,0
DA:7,4
DA:9,4
DA:10,4
DA:11,0
DA:12,4
DA:13,4
DA:14,4
DA:17,4
DA:18,4
DA:19,4
DA:24,4
DA:25,4
DA:27,442
DA:29,4
DA:36,4
DA:37,4
DA:38,4
DA:39,4
DA:40,4
DA:41,4
DA:42,4
DA:44,4
DA:64,4
DA:66,47
DA:67,47
DA:68,47
DA:69,47
DA:71,4
DA:72,30
DA:74,4
DA:75,31
DA:77,4
DA:78,442
DA:79,442
DA:80,368
DA:83,4
DA:84,46
DA:86,4
DA:87,5
DA:88,5
DA:90,4
DA:91,5
DA:92,5
DA:94,4
DA:95,5
DA:96,5
DA:98,4
DA:99,5
DA:100,5
DA:102,4
DA:103,5
DA:104,5
DA:106,4
DA:107,6
DA:108,6
DA:110,4
DA:111,5
DA:112,5
DA:114,4
DA:115,5
DA:116,5
DA:118,4
DA:119,5
DA:120,5
DA:122,4
DA:123,5
DA:124,5
DA:126,4
DA:127,5
DA:128,5
DA:130,4
DA:131,5
DA:132,5
DA:134,4
DA:135,72
DA:142,4
DA:143,8
DA:144,8
DA:146,4
DA:147,72
DA:149,4
DA:150,72
DA:152,4
DA:153,72
DA:155,4
DA:156,72
DA:158,4
DA:159,74
DA:165,4
DA:166,1
DA:167,1
DA:168,1
DA:169,1
DA:171,4
DA:172,6
DA:173,6
DA:175,4
DA:176,46
DA:177,46
DA:179,4
DA:181,4
DA:200,4
DA:205,4
DA:207,10
DA:213,4
DA:214,10
DA:215,36
DA:216,36
DA:219,4
DA:220,1
DA:221,4
DA:222,4
DA:224,1
DA:226,4
DA:227,1
DA:228,4
DA:229,4
DA:231,1
DA:233,4
DA:234,1
DA:235,4
DA:236,4
DA:238,1
DA:240,4
DA:241,1
DA:242,4
DA:243,4
DA:245,1
DA:247,4
DA:248,1
DA:249,4
DA:250,4
DA:252,1
DA:254,4
DA:255,1
DA:256,4
DA:257,4
DA:259,1
DA:261,4
DA:262,1
DA:263,4
DA:264,4
DA:266,1
DA:268,4
DA:269,1
DA:270,4
DA:271,4
DA:273,1
DA:275,4
DA:276,1
DA:277,4
DA:278,4
DA:280,1
DA:282,4
DA:283,1
DA:284,4
DA:285,4
DA:287,1
DA:289,4
DA:290,1
DA:291,4
DA:292,4
DA:294,1
DA:296,4
DA:297,1
DA:298,4
DA:299,4
DA:301,1
DA:307,4
DA:308,1
DA:309,1
DA:310,1
DA:311,1
DA:317,4
DA:318,1
DA:319,1
DA:320,1
DA:321,1
DA:323,4
DA:324,1
DA:325,4
DA:326,4
DA:328,1
DA:330,4
DA:331,5
DA:332,16
DA:333,16
DA:335,5
DA:337,4
DA:339,4
DA:343,4
DA:344,4
LF:197
LH:194
BRDA:2,0,0,4
BRDA:2,0,1,4
BRDA:2,0,2,4
BRDA:4,1,0,4
BRDA:4,1,1,0
BRDA:4,1,2,0
BRDA:4,1,3,0
BRDA:6,2,0,0
BRDA:6,2,1,0
BRDA:10,3,0,0
BRDA:10,3,1,4
BRDA:10,4,0,4
BRDA:10,4,1,0
BRDA:14,5,0,0
BRDA:14,5,1,4
BRDA:27,6,0,442
BRDA:27,6,1,442
BRDA:27,6,2,0
BRDA:43,7,0,4
BRDA:43,7,1,4
BRDA:79,8,0,368
BRDA:79,8,1,74
BRDA:79,9,0,442
BRDA:79,9,1,400
BRDA:143,10,0,7
BRDA:143,10,1,1
BRF:26
BRH:17
end_of_record
TN:
SF:js\ts\core\loggers.js
FNF:0
FNH:0
DA:2,4
DA:3,4
DA:4,4
DA:5,4
DA:6,4
DA:14,4
DA:15,4
DA:16,4
LF:8
LH:8
BRF:0
BRH:0
end_of_record
TN:
SF:js\ts\core\plugin.js
FN:2,(anonymous_0)
FN:3,adopt
FN:3,(anonymous_2)
FN:4,(anonymous_3)
FN:5,fulfilled
FN:6,rejected
FN:7,step
FN:11,(anonymous_7)
FN:12,(anonymous_8)
FN:13,(anonymous_9)
FN:14,verb
FN:14,(anonymous_11)
FN:15,step
FN:44,(anonymous_13)
FN:45,EditorState
FN:49,(anonymous_15)
FN:78,(anonymous_16)
FN:79,PluginProvider
FN:81,(anonymous_18)
FN:82,(anonymous_19)
FN:82,(anonymous_20)
FN:86,(anonymous_21)
FN:87,(anonymous_22)
FN:88,(anonymous_23)
FN:96,(anonymous_24)
FN:97,PluginConfig
FN:107,(anonymous_26)
FN:108,SourcPlugin
FNF:28
FNH:5
FNDA:0,(anonymous_0)
FNDA:0,adopt
FNDA:0,(anonymous_2)
FNDA:0,(anonymous_3)
FNDA:0,fulfilled
FNDA:0,rejected
FNDA:0,step
FNDA:0,(anonymous_7)
FNDA:0,(anonymous_8)
FNDA:0,(anonymous_9)
FNDA:0,verb
FNDA:0,(anonymous_11)
FNDA:0,step
FNDA:4,(anonymous_13)
FNDA:0,EditorState
FNDA:0,(anonymous_15)
FNDA:4,(anonymous_16)
FNDA:4,PluginProvider
FNDA:0,(anonymous_18)
FNDA:0,(anonymous_19)
FNDA:0,(anonymous_20)
FNDA:0,(anonymous_21)
FNDA:0,(anonymous_22)
FNDA:0,(anonymous_23)
FNDA:4,(anonymous_24)
FNDA:0,PluginConfig
FNDA:4,(anonymous_26)
FNDA:0,SourcPlugin
DA:2,4
DA:3,0
DA:4,0
DA:5,0
DA:6,0
DA:7,0
DA:8,0
DA:11,4
DA:12,0
DA:13,0
DA:14,0
DA:16,0
DA:17,0
DA:18,0
DA:19,0
DA:20,0
DA:21,0
DA:22,0
DA:23,0
DA:24,0
DA:26,0
DA:27,0
DA:28,0
DA:29,0
DA:30,0
DA:31,0
DA:33,0
DA:34,0
DA:35,0
DA:38,4
DA:39,4
DA:44,4
DA:46,0
DA:47,0
DA:49,4
DA:50,0
DA:51,0
DA:53,4
DA:55,4
DA:78,4
DA:81,4
DA:82,0
DA:83,0
DA:86,4
DA:87,0
DA:88,0
DA:89,0
DA:93,4
DA:95,4
DA:96,4
DA:99,4
DA:101,4
DA:107,4
DA:109,0
DA:110,0
DA:112,4
DA:114,4
LF:57
LH:19
BRDA:2,0,0,4
BRDA:2,0,1,4
BRDA:2,0,2,4
BRDA:3,1,0,0
BRDA:3,1,1,0
BRDA:4,2,0,0
BRDA:4,2,1,0
BRDA:7,3,0,0
BRDA:7,3,1,0
BRDA:8,4,0,0
BRDA:8,4,1,0
BRDA:11,5,0,4
BRDA:11,5,1,4
BRDA:11,5,2,4
BRDA:12,6,0,0
BRDA:12,6,1,0
BRDA:13,7,0,0
BRDA:13,7,1,0
BRDA:16,8,0,0
BRDA:16,8,1,0
BRDA:18,9,0,0
BRDA:18,9,1,0
BRDA:18,10,0,0
BRDA:18,10,1,0
BRDA:18,10,2,0
BRDA:18,11,0,0
BRDA:18,11,1,0
BRDA:18,12,0,0
BRDA:18,12,1,0
BRDA:18,13,0,0
BRDA:18,13,1,0
BRDA:18,14,0,0
BRDA:18,14,1,0
BRDA:19,15,0,0
BRDA:19,15,1,0
BRDA:20,16,0,0
BRDA:20,16,1,0
BRDA:20,16,2,0
BRDA:20,16,3,0
BRDA:20,16,4,0
BRDA:20,16,5,0
BRDA:26,17,0,0
BRDA:26,17,1,0
BRDA:26,18,0,0
BRDA:26,18,1,0
BRDA:26,18,2,0
BRDA:26,19,0,0
BRDA:26,19,1,0
BRDA:27,20,0,0
BRDA:27,20,1,0
BRDA:27,21,0,0
BRDA:27,21,1,0
BRDA:27,21,2,0
BRDA:27,21,3,0
BRDA:28,22,0,0
BRDA:28,22,1,0
BRDA:28,23,0,0
BRDA:28,23,1,0
BRDA:29,24,0,0
BRDA:29,24,1,0
BRDA:29,25,0,0
BRDA:29,25,1,0
BRDA:30,26,0,0
BRDA:30,26,1,0
BRDA:35,27,0,0
BRDA:35,27,1,0
BRDA:35,28,0,0
BRDA:35,28,1,0
BRDA:51,29,0,0
BRDA:51,29,1,0
BRDA:51,30,0,0
BRDA:51,30,1,0
BRDA:51,31,0,0
BRDA:51,31,1,0
BRDA:51,32,0,0
BRDA:51,32,1,0
BRF:76
BRH:6
end_of_record
TN:
SF:js\ts\core\private-loggers.js
FNF:0
FNH:0
DA:2,4
DA:3,4
DA:4,4
DA:5,4
DA:6,4
DA:7,4
LF:6
LH:6
BRF:0
BRH:0
end_of_record
TN:
SF:js\ts\core\state.js
FN:2,(anonymous_0)
FN:3,(anonymous_1)
FN:5,(anonymous_2)
FN:6,(anonymous_3)
FN:9,(anonymous_4)
FN:13,__
FN:17,(anonymous_6)
FN:25,(anonymous_7)
FN:26,StateChange
FN:31,(anonymous_9)
FN:33,InsertText
FN:39,(anonymous_11)
FN:49,(anonymous_12)
FN:61,(anonymous_13)
FN:63,DeleteText
FN:69,(anonymous_15)
FN:79,(anonymous_16)
FN:97,(anonymous_17)
FN:99,SetSelection
FN:104,(anonymous_19)
FN:112,(anonymous_20)
FNF:21
FNH:8
FNDA:4,(anonymous_0)
FNDA:4,(anonymous_1)
FNDA:0,(anonymous_2)
FNDA:0,(anonymous_3)
FNDA:12,(anonymous_4)
FNDA:12,__
FNDA:0,(anonymous_6)
FNDA:4,(anonymous_7)
FNDA:0,StateChange
FNDA:4,(anonymous_9)
FNDA:0,InsertText
FNDA:0,(anonymous_11)
FNDA:0,(anonymous_12)
FNDA:4,(anonymous_13)
FNDA:0,DeleteText
FNDA:0,(anonymous_15)
FNDA:0,(anonymous_16)
FNDA:4,(anonymous_17)
FNDA:0,SetSelection
FNDA:0,(anonymous_19)
FNDA:0,(anonymous_20)
DA:2,4
DA:3,4
DA:4,4
DA:5,0
DA:6,0
DA:7,4
DA:9,4
DA:10,12
DA:11,0
DA:12,12
DA:13,12
DA:14,12
DA:17,4
DA:18,0
DA:19,0
DA:21,4
DA:22,4
DA:23,4
DA:24,4
DA:25,4
DA:28,4
DA:30,4
DA:31,4
DA:32,4
DA:34,0
DA:35,0
DA:36,0
DA:37,0
DA:39,4
DA:40,0
DA:41,0
DA:42,0
DA:43,0
DA:44,0
DA:45,0
DA:47,0
DA:49,4
DA:50,0
DA:51,0
DA:52,0
DA:53,0
DA:55,0
DA:56,0
DA:58,4
DA:60,4
DA:61,4
DA:62,4
DA:64,0
DA:65,0
DA:66,0
DA:67,0
DA:69,4
DA:70,0
DA:71,0
DA:72,0
DA:73,0
DA:74,0
DA:75,0
DA:77,0
DA:79,4
DA:80,0
DA:81,0
DA:82,0
DA:83,0
DA:85,0
DA:87,0
DA:88,0
DA:90,0
DA:92,0
DA:94,4
DA:96,4
DA:97,4
DA:98,4
DA:100,0
DA:101,0
DA:102,0
DA:104,4
DA:105,0
DA:106,0
DA:107,0
DA:108,0
DA:110,0
DA:112,4
DA:113,0
DA:115,4
DA:117,4
LF:86
LH:35
BRDA:2,0,0,4
BRDA:2,0,1,4
BRDA:2,0,2,4
BRDA:4,1,0,4
BRDA:4,1,1,0
BRDA:4,1,2,0
BRDA:4,1,3,0
BRDA:6,2,0,0
BRDA:6,2,1,0
BRDA:10,3,0,0
BRDA:10,3,1,12
BRDA:10,4,0,12
BRDA:10,4,1,0
BRDA:14,5,0,0
BRDA:14,5,1,12
BRDA:17,6,0,4
BRDA:17,6,1,4
BRDA:17,6,2,4
BRDA:18,7,0,0
BRDA:18,7,1,0
BRDA:34,8,0,0
BRDA:34,8,1,0
BRDA:40,9,0,0
BRDA:40,9,1,0
BRDA:41,10,0,0
BRDA:41,10,1,0
BRDA:43,11,0,0
BRDA:43,11,1,0
BRDA:51,12,0,0
BRDA:51,12,1,0
BRDA:51,13,0,0
BRDA:51,13,1,0
BRDA:52,14,0,0
BRDA:52,14,1,0
BRDA:64,15,0,0
BRDA:64,15,1,0
BRDA:70,16,0,0
BRDA:70,16,1,0
BRDA:71,17,0,0
BRDA:71,17,1,0
BRDA:73,18,0,0
BRDA:73,18,1,0
BRDA:81,19,0,0
BRDA:81,19,1,0
BRDA:81,20,0,0
BRDA:81,20,1,0
BRDA:82,21,0,0
BRDA:82,21,1,0
BRDA:85,22,0,0
BRDA:85,22,1,0
BRDA:85,23,0,0
BRDA:85,23,1,0
BRDA:87,24,0,0
BRDA:87,24,1,0
BRDA:100,25,0,0
BRDA:100,25,1,0
BRDA:105,26,0,0
BRDA:105,26,1,0
BRDA:106,27,0,0
BRDA:106,27,1,0
BRF:60
BRH:10
end_of_record
TN:
SF:js\ts\core\tool\assert.js
FN:2,(anonymous_0)
FN:3,(anonymous_1)
FN:5,(anonymous_2)
FN:6,(anonymous_3)
FN:9,(anonymous_4)
FN:13,__
FN:20,(anonymous_6)
FN:22,AssertionError
FN:28,assert
FNF:9
FNH:7
FNDA:4,(anonymous_0)
FNDA:4,(anonymous_1)
FNDA:0,(anonymous_2)
FNDA:0,(anonymous_3)
FNDA:4,(anonymous_4)
FNDA:4,__
FNDA:4,(anonymous_6)
FNDA:18,AssertionError
FNDA:462,assert
DA:2,4
DA:3,4
DA:4,4
DA:5,0
DA:6,0
DA:7,4
DA:9,4
DA:10,4
DA:11,0
DA:12,4
DA:13,4
DA:14,4
DA:17,4
DA:18,4
DA:19,4
DA:20,4
DA:21,4
DA:23,18
DA:25,4
DA:27,4
DA:29,462
DA:30,14
DA:31,14
DA:32,14
DA:33,14
DA:36,14
DA:37,2
DA:38,2
DA:42,448
DA:43,448
DA:44,448
DA:47,448
DA:48,3
DA:52,4
DA:53,4
DA:54,4
LF:36
LH:33
BRDA:2,0,0,4
BRDA:2,0,1,4
BRDA:2,0,2,4
BRDA:4,1,0,4
BRDA:4,1,1,0
BRDA:4,1,2,0
BRDA:4,1,3,0
BRDA:6,2,0,0
BRDA:6,2,1,0
BRDA:10,3,0,0
BRDA:10,3,1,4
BRDA:10,4,0,4
BRDA:10,4,1,0
BRDA:14,5,0,0
BRDA:14,5,1,4
BRDA:23,6,0,18
BRDA:23,6,1,18
BRDA:23,6,2,0
BRDA:29,7,0,14
BRDA:29,7,1,448
BRDA:33,8,0,13
BRDA:33,8,1,1
BRDA:36,9,0,2
BRDA:36,9,1,12
BRDA:44,10,0,5
BRDA:44,10,1,443
BRDA:47,11,0,3
BRDA:47,11,1,445
BRF:28
BRH:19
end_of_record
TN:
SF:js\ts\core\tool\conversion.js
FN:4,stringToHTML
FNF:1
FNH:1
FNDA:1,stringToHTML
DA:2,5
DA:3,5
DA:5,1
DA:6,1
DA:7,14
DA:8,14
DA:10,14
DA:13,1
DA:15,5
LF:9
LH:9
BRDA:8,0,0,14
BRF:1
BRH:1
end_of_record
TN:
SF:js\ts\core\tool\dom-tools.js
FN:12,isSelectionFlat
FN:16,normalizeSelection
FN:33,clampSelection
FN:44,(anonymous_3)
FN:69,getKeyType
FN:93,setCaretSelection
FN:108,createRange
FN:117,findOffsetIntoNode
FN:146,getCaretSelection
FN:160,getTextLength
FN:175,getNodeTextLength
FN:181,(anonymous_11)
FN:185,getNodeOffset
FNF:13
FNH:13
FNDA:2,isSelectionFlat
FNDA:8,normalizeSelection
FNDA:2,clampSelection
FNDA:4,(anonymous_3)
FNDA:129,getKeyType
FNDA:6,setCaretSelection
FNDA:6,createRange
FNDA:31,findOffsetIntoNode
FNDA:6,getCaretSelection
FNDA:25,getTextLength
FNDA:6,getNodeTextLength
FNDA:2,(anonymous_11)
FNDA:30,getNodeOffset
DA:2,4
DA:3,4
DA:4,4
DA:5,4
DA:6,4
DA:13,2
DA:15,4
DA:17,8
DA:18,1
DA:23,7
DA:25,4
DA:34,2
DA:39,4
DA:44,4
DA:48,4
DA:52,4
DA:56,4
DA:60,4
DA:64,4
DA:70,129
DA:72,1
DA:74,1
DA:79,4
DA:84,4
DA:86,119
DA:89,4
DA:94,6
DA:95,6
DA:99,6
DA:100,6
DA:101,6
DA:102,6
DA:103,6
DA:104,6
DA:105,6
DA:107,4
DA:109,6
DA:110,6
DA:111,6
DA:112,6
DA:113,6
DA:114,6
DA:115,6
DA:118,31
DA:119,15
DA:120,15
DA:121,3
DA:122,3
DA:125,12
DA:129,16
DA:130,19
DA:131,19
DA:132,6
DA:135,13
DA:147,6
DA:149,6
DA:150,6
DA:151,6
DA:159,4
DA:161,25
DA:162,25
DA:163,12
DA:166,13
DA:167,4
DA:170,25
DA:171,13
DA:173,25
DA:176,6
DA:177,6
DA:178,3
DA:181,3
DA:183,6
DA:186,30
LF:73
LH:73
BRDA:17,0,0,1
BRDA:17,0,1,7
BRDA:65,1,0,4
BRDA:65,1,1,4
BRDA:70,2,0,1
BRDA:70,2,1,1
BRDA:70,2,2,1
BRDA:70,2,3,2
BRDA:70,2,4,3
BRDA:70,2,5,4
BRDA:70,2,6,1
BRDA:70,2,7,2
BRDA:70,2,8,3
BRDA:70,2,9,4
BRDA:70,2,10,119
BRDA:118,3,0,15
BRDA:118,3,1,16
BRDA:120,4,0,3
BRDA:120,4,1,12
BRDA:131,5,0,6
BRDA:131,5,1,13
BRDA:149,6,0,6
BRDA:149,7,0,6
BRDA:149,7,1,6
BRDA:162,8,0,12
BRDA:162,8,1,13
BRDA:170,9,0,13
BRDA:170,9,1,12
BRDA:170,10,0,25
BRDA:170,10,1,13
BRDA:177,11,0,3
BRDA:177,11,1,3
BRDA:186,12,0,13
BRDA:186,12,1,17
BRF:34
BRH:34
end_of_record
TN:
SF:js\ts\core\tool\general.js
FN:2,(anonymous_0)
FN:13,partial
FN:18,(anonymous_2)
FN:27,clamp
FN:32,(anonymous_4)
FN:33,FunctionDispatcher
FN:38,(anonymous_6)
FN:42,(anonymous_7)
FN:46,(anonymous_8)
FN:51,(anonymous_9)
FN:52,(anonymous_10)
FN:61,(anonymous_11)
FNF:12
FNH:12
FNDA:14,(anonymous_0)
FNDA:6,partial
FNDA:7,(anonymous_2)
FNDA:7,clamp
FNDA:5,(anonymous_4)
FNDA:11,FunctionDispatcher
FNDA:1,(anonymous_6)
FNDA:1,(anonymous_7)
FNDA:33,(anonymous_8)
FNDA:4,(anonymous_9)
FNDA:1,(anonymous_10)
FNDA:11,(anonymous_11)
DA:2,5
DA:3,14
DA:4,0
DA:5,0
DA:6,0
DA:9,14
DA:11,5
DA:12,5
DA:14,6
DA:15,6
DA:16,6
DA:18,6
DA:19,7
DA:20,7
DA:21,9
DA:23,7
DA:26,5
DA:28,7
DA:30,5
DA:32,5
DA:34,11
DA:35,11
DA:36,11
DA:38,5
DA:39,1
DA:40,1
DA:42,5
DA:43,1
DA:44,1
DA:46,5
DA:47,33
DA:48,16
DA:49,33
DA:51,5
DA:52,4
DA:53,1
DA:55,4
DA:56,2
DA:57,2
DA:59,4
DA:61,5
DA:63,11
DA:64,11
DA:65,1
DA:67,11
DA:68,2
DA:69,9
DA:70,9
DA:71,1
DA:74,8
DA:75,12
DA:76,12
DA:79,9
DA:81,5
DA:83,5
LF:55
LH:52
BRDA:2,0,0,5
BRDA:2,0,1,5
BRDA:2,0,2,5
BRDA:3,1,0,0
BRDA:3,1,1,14
BRDA:3,2,0,14
BRDA:3,2,1,14
BRDA:4,3,0,0
BRDA:4,3,1,0
BRDA:4,4,0,0
BRDA:4,4,1,0
BRDA:5,5,0,0
BRDA:5,5,1,0
BRDA:9,6,0,14
BRDA:9,6,1,14
BRDA:47,7,0,16
BRDA:47,7,1,17
BRDA:52,8,0,2
BRDA:52,8,1,2
BRDA:55,9,0,2
BRDA:55,9,1,2
BRDA:67,10,0,2
BRDA:67,10,1,9
BRDA:70,11,0,1
BRDA:70,11,1,8
BRDA:70,12,0,9
BRDA:70,12,1,1
BRF:27
BRH:20
end_of_record
TN:
SF:js\ts\core\tool\string.js
FN:108,findLineOffset
FN:113,(anonymous_1)
FN:123,findLineOf
FN:127,(anonymous_3)
FNF:4
FNH:4
FNDA:14,findLineOffset
FNDA:3,(anonymous_1)
FNDA:28,findLineOf
FNDA:153,(anonymous_3)
DA:5,4
DA:6,4
DA:29,4
DA:109,14
DA:110,14
DA:113,3
DA:114,14
DA:116,4
DA:124,28
DA:127,153
DA:129,4
LF:11
LH:11
BRF:0
BRH:0
end_of_record
TN:
SF:ts\index.ts
FNF:0
FNH:0
DA:1,4
DA:2,4
DA:3,4
DA:4,4
DA:6,4
DA:7,4
DA:8,4
LF:7
LH:7
BRF:0
BRH:0
end_of_record
TN:
SF:ts\core\core.ts
FN:28,(anonymous_19)
FN:29,(anonymous_21)
FN:40,(anonymous_24)
FN:51,(anonymous_25)
FN:69,(anonymous_26)
FN:80,(anonymous_27)
FN:89,(anonymous_28)
FN:100,(anonymous_29)
FN:110,(anonymous_30)
FN:129,(anonymous_31)
FNF:10
FNH:1
FNDA:8,(anonymous_19)
FNDA:0,(anonymous_21)
FNDA:0,(anonymous_24)
FNDA:0,(anonymous_25)
FNDA:0,(anonymous_26)
FNDA:0,(anonymous_27)
FNDA:0,(anonymous_28)
FNDA:0,(anonymous_29)
FNDA:0,(anonymous_30)
FNDA:0,(anonymous_31)
DA:1,4
DA:2,4
DA:8,4
DA:9,4
DA:10,4
DA:11,4
DA:18,4
DA:26,4
DA:28,4
DA:29,4
DA:33,0
DA:34,0
DA:36,0
DA:41,0
DA:51,4
DA:56,0
DA:57,0
DA:69,4
DA:74,0
DA:80,4
DA:85,0
DA:86,0
DA:89,4
DA:94,0
DA:100,4
DA:101,0
DA:102,0
DA:104,0
DA:105,0
DA:107,0
DA:110,0
DA:111,0
DA:112,0
DA:113,0
DA:114,0
DA:115,0
DA:117,0
DA:119,0
DA:120,0
DA:123,0
DA:124,0
DA:126,0
DA:129,0
DA:130,0
DA:131,0
DA:132,0
DA:133,0
DA:134,0
DA:135,0
DA:137,0
DA:139,0
DA:140,0
DA:143,0
DA:144,0
DA:146,0
DA:147,0
DA:149,0
DA:151,4
DA:153,4
LF:59
LH:17
BRDA:33,0,0,0
BRDA:33,0,1,0
BRDA:33,1,0,0
BRDA:33,1,1,0
BRDA:85,2,0,0
BRDA:85,2,1,0
BRDA:103,3,0,0
BRDA:103,3,1,0
BRDA:103,3,2,0
BRDA:103,3,3,0
BRDA:111,4,0,0
BRDA:111,4,1,0
BRDA:111,5,0,0
BRDA:111,5,1,0
BRDA:114,6,0,0
BRDA:114,6,1,0
BRDA:130,7,0,0
BRDA:130,7,1,0
BRDA:130,8,0,0
BRDA:130,8,1,0
BRDA:131,9,0,0
BRDA:131,9,1,0
BRDA:131,10,0,0
BRDA:131,10,1,0
BRDA:134,11,0,0
BRDA:134,11,1,0
BRF:26
BRH:0
end_of_record
TN:
SF:ts\core\editor.ts
FN:17,(anonymous_1)
FN:60,(anonymous_2)
FN:81,TextEditor
FN:92,(anonymous_4)
FN:97,(anonymous_5)
FN:106,(anonymous_6)
FN:110,(anonymous_7)
FN:119,(anonymous_8)
FN:137,(anonymous_9)
FN:145,(anonymous_10)
FN:153,(anonymous_11)
FN:159,(anonymous_12)
FN:173,(anonymous_13)
FN:184,(anonymous_14)
FN:196,(anonymous_15)
FN:203,(anonymous_16)
FNF:16
FNH:2
FNDA:4,(anonymous_1)
FNDA:4,(anonymous_2)
FNDA:0,TextEditor
FNDA:0,(anonymous_4)
FNDA:0,(anonymous_5)
FNDA:0,(anonymous_6)
FNDA:0,(anonymous_7)
FNDA:0,(anonymous_8)
FNDA:0,(anonymous_9)
FNDA:0,(anonymous_10)
FNDA:0,(anonymous_11)
FNDA:0,(anonymous_12)
FNDA:0,(anonymous_13)
FNDA:0,(anonymous_14)
FNDA:0,(anonymous_15)
FNDA:0,(anonymous_16)
DA:1,4
DA:2,4
DA:3,4
DA:4,4
DA:5,4
DA:6,4
DA:7,4
DA:9,4
DA:10,4
DA:17,4
DA:18,4
DA:19,4
DA:20,4
DA:21,4
DA:24,4
DA:60,4
DA:61,0
DA:62,0
DA:63,0
DA:69,0
DA:75,0
DA:82,0
DA:83,0
DA:85,0
DA:86,0
DA:92,4
DA:93,0
DA:94,0
DA:96,0
DA:97,0
DA:100,0
DA:106,4
DA:107,0
DA:110,4
DA:111,0
DA:113,0
DA:115,0
DA:116,0
DA:119,4
DA:120,0
DA:121,0
DA:122,0
DA:123,0
DA:124,0
DA:125,0
DA:126,0
DA:129,0
DA:131,0
DA:132,0
DA:133,0
DA:134,0
DA:137,0
DA:138,0
DA:139,0
DA:140,0
DA:145,4
DA:146,0
DA:147,0
DA:148,0
DA:149,0
DA:153,4
DA:155,0
DA:156,0
DA:159,4
DA:161,0
DA:162,0
DA:163,0
DA:165,0
DA:170,0
DA:173,4
DA:174,0
DA:175,0
DA:176,0
DA:177,0
DA:178,0
DA:184,4
DA:185,0
DA:186,0
DA:187,0
DA:188,0
DA:189,0
DA:191,0
DA:193,0
DA:196,4
DA:197,0
DA:198,0
DA:199,0
DA:200,0
DA:203,4
DA:204,0
DA:205,0
DA:207,4
LF:92
LH:28
BRDA:17,0,0,4
BRDA:17,0,1,4
BRDA:83,1,0,0
BRDA:83,1,1,0
BRDA:121,2,0,0
BRDA:121,2,1,0
BRDA:122,3,0,0
BRDA:122,3,1,0
BRDA:124,4,0,0
BRDA:124,4,1,0
BRDA:125,5,0,0
BRDA:125,5,1,0
BRDA:146,6,0,0
BRDA:146,6,1,0
BRDA:148,7,0,0
BRDA:148,7,1,0
BRDA:162,8,0,0
BRDA:162,8,1,0
BRDA:162,9,0,0
BRDA:162,9,1,0
BRDA:162,10,0,0
BRDA:162,10,1,0
BRDA:162,11,0,0
BRDA:162,11,1,0
BRDA:162,12,0,0
BRDA:162,12,1,0
BRDA:162,13,0,0
BRDA:162,13,1,0
BRDA:176,14,0,0
BRDA:176,14,1,0
BRDA:177,15,0,0
BRDA:177,15,1,0
BRDA:189,16,0,0
BRDA:189,16,1,0
BRDA:191,17,0,0
BRDA:191,17,1,0
BRDA:198,18,0,0
BRDA:198,18,1,0
BRF:38
BRH:2
end_of_record
TN:
SF:ts\core\logger.ts
FN:7,(anonymous_6)
FN:13,(anonymous_8)
FN:56,(anonymous_9)
FN:65,(anonymous_11)
FN:69,(anonymous_12)
FN:73,(anonymous_13)
FN:83,(anonymous_14)
FN:87,(anonymous_15)
FN:92,(anonymous_16)
FN:97,(anonymous_17)
FN:102,(anonymous_18)
FN:107,(anonymous_19)
FN:112,(anonymous_20)
FN:117,(anonymous_21)
FN:122,(anonymous_22)
FN:127,(anonymous_23)
FN:132,(anonymous_24)
FN:137,(anonymous_25)
FN:142,(anonymous_26)
FN:147,(anonymous_27)
FN:156,(anonymous_28)
FN:161,(anonymous_29)
FN:165,(anonymous_30)
FN:169,(anonymous_31)
FN:173,(anonymous_32)
FN:177,(anonymous_33)
FN:185,(anonymous_34)
FN:192,(anonymous_35)
FN:197,(anonymous_36)
FN:228,(anonymous_37)
FN:229,LoggerPool
FN:235,(anonymous_39)
FN:241,(anonymous_40)
FN:248,(anonymous_41)
FN:255,(anonymous_42)
FN:262,(anonymous_43)
FN:269,(anonymous_44)
FN:276,(anonymous_45)
FN:283,(anonymous_46)
FN:290,(anonymous_47)
FN:297,(anonymous_48)
FN:304,(anonymous_49)
FN:311,(anonymous_50)
FN:318,(anonymous_51)
FN:329,(anonymous_52)
FN:340,(anonymous_53)
FN:347,(anonymous_54)
FN:354,(anonymous_55)
FNF:48
FNH:48
FNDA:446,(anonymous_6)
FNDA:4,(anonymous_8)
FNDA:51,(anonymous_9)
FNDA:30,(anonymous_11)
FNDA:31,(anonymous_12)
FNDA:442,(anonymous_13)
FNDA:46,(anonymous_14)
FNDA:5,(anonymous_15)
FNDA:5,(anonymous_16)
FNDA:5,(anonymous_17)
FNDA:5,(anonymous_18)
FNDA:5,(anonymous_19)
FNDA:6,(anonymous_20)
FNDA:5,(anonymous_21)
FNDA:5,(anonymous_22)
FNDA:5,(anonymous_23)
FNDA:5,(anonymous_24)
FNDA:5,(anonymous_25)
FNDA:5,(anonymous_26)
FNDA:72,(anonymous_27)
FNDA:8,(anonymous_28)
FNDA:72,(anonymous_29)
FNDA:72,(anonymous_30)
FNDA:72,(anonymous_31)
FNDA:72,(anonymous_32)
FNDA:74,(anonymous_33)
FNDA:1,(anonymous_34)
FNDA:6,(anonymous_35)
FNDA:46,(anonymous_36)
FNDA:4,(anonymous_37)
FNDA:10,LoggerPool
FNDA:10,(anonymous_39)
FNDA:1,(anonymous_40)
FNDA:1,(anonymous_41)
FNDA:1,(anonymous_42)
FNDA:1,(anonymous_43)
FNDA:1,(anonymous_44)
FNDA:1,(anonymous_45)
FNDA:1,(anonymous_46)
FNDA:1,(anonymous_47)
FNDA:1,(anonymous_48)
FNDA:1,(anonymous_49)
FNDA:1,(anonymous_50)
FNDA:1,(anonymous_51)
FNDA:1,(anonymous_52)
FNDA:1,(anonymous_53)
FNDA:1,(anonymous_54)
FNDA:5,(anonymous_55)
DA:1,4
DA:7,4
DA:13,4
DA:14,4
DA:15,4
DA:16,4
DA:17,4
DA:18,4
DA:19,4
DA:23,4
DA:56,4
DA:57,47
DA:59,47
DA:61,47
DA:63,47
DA:65,4
DA:66,30
DA:69,4
DA:70,31
DA:73,4
DA:74,442
DA:78,442
DA:79,368
DA:83,4
DA:84,46
DA:87,4
DA:88,5
DA:89,5
DA:92,4
DA:93,5
DA:94,5
DA:97,4
DA:98,5
DA:99,5
DA:102,4
DA:103,5
DA:104,5
DA:107,4
DA:108,5
DA:109,5
DA:112,4
DA:113,6
DA:114,6
DA:117,4
DA:118,5
DA:119,5
DA:122,4
DA:123,5
DA:124,5
DA:127,4
DA:128,5
DA:129,5
DA:132,4
DA:133,5
DA:134,5
DA:137,4
DA:138,5
DA:139,5
DA:142,4
DA:143,5
DA:144,5
DA:147,4
DA:148,72
DA:156,4
DA:157,8
DA:158,8
DA:161,4
DA:162,72
DA:165,4
DA:166,72
DA:169,4
DA:170,72
DA:173,4
DA:174,72
DA:177,4
DA:178,74
DA:185,4
DA:186,1
DA:187,1
DA:188,1
DA:189,1
DA:192,4
DA:193,6
DA:194,6
DA:197,4
DA:198,46
DA:199,46
DA:201,4
DA:209,4
DA:228,4
DA:229,10
DA:235,4
DA:236,36
DA:237,36
DA:241,4
DA:242,4
DA:243,4
DA:245,1
DA:248,4
DA:249,4
DA:250,4
DA:252,1
DA:255,4
DA:256,4
DA:257,4
DA:259,1
DA:262,4
DA:263,4
DA:264,4
DA:266,1
DA:269,4
DA:270,4
DA:271,4
DA:273,1
DA:276,4
DA:277,4
DA:278,4
DA:280,1
DA:283,4
DA:284,4
DA:285,4
DA:287,1
DA:290,4
DA:291,4
DA:292,4
DA:294,1
DA:297,4
DA:298,4
DA:299,4
DA:301,1
DA:304,4
DA:305,4
DA:306,4
DA:308,1
DA:311,4
DA:312,4
DA:313,4
DA:315,1
DA:318,4
DA:319,4
DA:320,4
DA:322,1
DA:329,4
DA:330,1
DA:331,1
DA:332,1
DA:333,1
DA:340,4
DA:341,1
DA:342,1
DA:343,1
DA:344,1
DA:347,4
DA:348,4
DA:349,4
DA:351,1
DA:354,4
DA:355,16
DA:356,16
DA:358,5
DA:360,4
DA:365,4
DA:366,4
LF:163
LH:163
BRDA:13,0,0,4
BRDA:13,0,1,4
BRDA:78,1,0,368
BRDA:78,1,1,74
BRDA:78,2,0,442
BRDA:78,2,1,400
BRDA:157,3,0,7
BRDA:157,3,1,1
BRF:8
BRH:8
end_of_record
TN:
SF:ts\core\loggers.ts
FNF:0
FNH:0
DA:1,4
DA:2,4
DA:8,4
DA:17,4
DA:18,4
DA:19,4
LF:6
LH:6
BRF:0
BRH:0
end_of_record
TN:
SF:ts\core\plugin.ts
FN:10,(anonymous_13)
FN:11,EditorState
FN:16,(anonymous_15)
FN:52,(anonymous_16)
FN:53,(anonymous_18)
FN:54,(anonymous_21)
FN:64,(anonymous_24)
FN:65,PluginConfig
FN:73,(anonymous_26)
FN:74,SourcPlugin
FNF:10
FNH:4
FNDA:4,(anonymous_13)
FNDA:0,EditorState
FNDA:0,(anonymous_15)
FNDA:8,(anonymous_16)
FNDA:0,(anonymous_18)
FNDA:0,(anonymous_21)
FNDA:4,(anonymous_24)
FNDA:0,PluginConfig
FNDA:4,(anonymous_26)
FNDA:0,SourcPlugin
DA:10,4
DA:12,0
DA:13,0
DA:16,4
DA:17,0
DA:18,0
DA:23,0
DA:28,4
DA:52,4
DA:53,4
DA:54,4
DA:58,0
DA:60,4
DA:64,4
DA:66,4
DA:73,4
DA:75,0
DA:76,0
DA:78,4
LF:19
LH:11
BRDA:24,0,0,0
BRDA:24,0,1,0
BRDA:24,1,0,0
BRDA:24,1,1,0
BRDA:25,2,0,0
BRDA:25,2,1,0
BRDA:25,3,0,0
BRDA:25,3,1,0
BRF:8
BRH:0
end_of_record
TN:
SF:ts\core\private-loggers.ts
FNF:0
FNH:0
DA:1,4
DA:3,4
DA:5,4
DA:7,4
LF:4
LH:4
BRF:0
BRH:0
end_of_record
TN:
SF:ts\core\state.ts
FN:6,(anonymous_7)
FN:11,(anonymous_9)
FN:12,InsertText
FN:16,(anonymous_11)
FN:25,(anonymous_12)
FN:37,(anonymous_13)
FN:38,DeleteText
FN:42,(anonymous_15)
FN:51,(anonymous_16)
FN:73,(anonymous_17)
FN:74,SetSelection
FN:78,(anonymous_19)
FN:86,(anonymous_20)
FNF:13
FNH:4
FNDA:4,(anonymous_7)
FNDA:4,(anonymous_9)
FNDA:0,InsertText
FNDA:0,(anonymous_11)
FNDA:0,(anonymous_12)
FNDA:4,(anonymous_13)
FNDA:0,DeleteText
FNDA:0,(anonymous_15)
FNDA:0,(anonymous_16)
FNDA:4,(anonymous_17)
FNDA:0,SetSelection
FNDA:0,(anonymous_19)
FNDA:0,(anonymous_20)
DA:3,4
DA:4,4
DA:6,4
DA:9,4
DA:11,4
DA:12,0
DA:13,0
DA:16,4
DA:17,0
DA:18,0
DA:19,0
DA:20,0
DA:22,0
DA:25,4
DA:26,0
DA:27,0
DA:28,0
DA:29,0
DA:32,0
DA:33,0
DA:35,4
DA:37,4
DA:38,0
DA:39,0
DA:42,4
DA:43,0
DA:44,0
DA:45,0
DA:46,0
DA:48,0
DA:51,4
DA:52,0
DA:53,0
DA:54,0
DA:55,0
DA:58,0
DA:62,0
DA:63,0
DA:67,0
DA:69,0
DA:71,4
DA:73,4
DA:74,0
DA:75,0
DA:78,4
DA:79,0
DA:80,0
DA:81,0
DA:83,0
DA:86,4
DA:87,0
DA:89,4
LF:52
LH:16
BRDA:13,0,0,0
BRDA:13,0,1,0
BRDA:17,1,0,0
BRDA:17,1,1,0
BRDA:18,2,0,0
BRDA:18,2,1,0
BRDA:19,3,0,0
BRDA:19,3,1,0
BRDA:27,4,0,0
BRDA:27,4,1,0
BRDA:27,5,0,0
BRDA:27,5,1,0
BRDA:28,6,0,0
BRDA:28,6,1,0
BRDA:39,7,0,0
BRDA:39,7,1,0
BRDA:43,8,0,0
BRDA:43,8,1,0
BRDA:44,9,0,0
BRDA:44,9,1,0
BRDA:45,10,0,0
BRDA:45,10,1,0
BRDA:53,11,0,0
BRDA:53,11,1,0
BRDA:53,12,0,0
BRDA:53,12,1,0
BRDA:54,13,0,0
BRDA:54,13,1,0
BRDA:58,14,0,0
BRDA:58,14,1,0
BRDA:59,15,0,0
BRDA:59,15,1,0
BRDA:62,16,0,0
BRDA:62,16,1,0
BRDA:75,17,0,0
BRDA:75,17,1,0
BRDA:79,18,0,0
BRDA:79,18,1,0
BRDA:80,19,0,0
BRDA:80,19,1,0
BRF:40
BRH:0
end_of_record
TN:
SF:ts\core\tool\assert.ts
FN:3,(anonymous_6)
FN:14,assert
FNF:2
FNH:2
FNDA:22,(anonymous_6)
FNDA:462,assert
DA:1,4
DA:3,4
DA:14,4
DA:19,462
DA:20,14
DA:21,14
DA:22,14
DA:24,14
DA:27,14
DA:28,2
DA:29,2
DA:32,448
DA:33,448
DA:35,448
DA:38,448
DA:39,3
DA:44,4
DA:50,4
LF:18
LH:18
BRDA:19,0,0,14
BRDA:19,0,1,448
BRDA:25,1,0,13
BRDA:25,1,1,1
BRDA:27,2,0,2
BRDA:27,2,1,12
BRDA:36,3,0,5
BRDA:36,3,1,443
BRDA:38,4,0,3
BRDA:38,4,1,445
BRF:10
BRH:10
end_of_record
TN:
SF:ts\core\tool\conversion.ts
FN:1,stringToHTML
FNF:1
FNH:1
FNDA:1,stringToHTML
DA:1,5
DA:2,1
DA:3,14
DA:4,14
DA:6,14
DA:9,1
LF:6
LH:6
BRDA:5,0,0,14
BRF:1
BRH:1
end_of_record
TN:
SF:ts\core\tool\dom-tools.ts
FN:16,isSelectionFlat
FN:20,normalizeSelection
FN:36,clampSelection
FN:50,(anonymous_3)
FN:76,getKeyType
FN:100,setCaretSelection
FN:120,createRange
FN:135,findOffsetIntoNode
FN:165,getCaretSelection
FN:184,getTextLength
FN:206,getNodeTextLength
FN:212,(anonymous_11)
FN:218,getNodeOffset
FNF:13
FNH:13
FNDA:2,isSelectionFlat
FNDA:8,normalizeSelection
FNDA:2,clampSelection
FNDA:4,(anonymous_3)
FNDA:129,getKeyType
FNDA:6,setCaretSelection
FNDA:6,createRange
FNDA:31,findOffsetIntoNode
FNDA:6,getCaretSelection
FNDA:25,getTextLength
FNDA:6,getNodeTextLength
FNDA:2,(anonymous_11)
FNDA:30,getNodeOffset
DA:1,4
DA:2,4
DA:3,4
DA:16,4
DA:17,2
DA:20,4
DA:21,8
DA:22,1
DA:26,7
DA:36,4
DA:41,2
DA:50,4
DA:54,4
DA:58,4
DA:62,4
DA:66,4
DA:70,4
DA:76,4
DA:77,129
DA:79,1
DA:81,1
DA:86,4
DA:91,4
DA:93,119
DA:100,4
DA:104,6
DA:106,6
DA:110,6
DA:111,6
DA:112,6
DA:114,6
DA:115,6
DA:116,6
DA:117,6
DA:121,6
DA:122,6
DA:123,6
DA:125,6
DA:129,6
DA:130,6
DA:132,6
DA:139,31
DA:140,15
DA:141,15
DA:142,3
DA:143,3
DA:145,12
DA:148,16
DA:149,19
DA:150,19
DA:151,6
DA:153,13
DA:165,4
DA:168,6
DA:171,6
DA:172,6
DA:174,6
DA:189,25
DA:191,25
DA:192,12
DA:194,13
DA:195,4
DA:199,25
DA:200,13
DA:203,25
DA:207,6
DA:209,6
DA:210,3
DA:212,3
DA:215,6
DA:219,30
LF:71
LH:71
BRDA:21,0,0,1
BRDA:21,0,1,7
BRDA:50,1,0,4
BRDA:50,1,1,4
BRDA:78,2,0,1
BRDA:78,2,1,1
BRDA:78,2,2,1
BRDA:78,2,3,2
BRDA:78,2,4,3
BRDA:78,2,5,4
BRDA:78,2,6,1
BRDA:78,2,7,2
BRDA:78,2,8,3
BRDA:78,2,9,4
BRDA:78,2,10,119
BRDA:139,3,0,15
BRDA:139,3,1,16
BRDA:141,4,0,3
BRDA:141,4,1,12
BRDA:150,5,0,6
BRDA:150,5,1,13
BRDA:171,6,0,6
BRDA:171,7,0,6
BRDA:171,7,1,6
BRDA:191,8,0,12
BRDA:191,8,1,13
BRDA:199,9,0,13
BRDA:199,9,1,12
BRDA:199,10,0,25
BRDA:199,10,1,13
BRDA:209,11,0,3
BRDA:209,11,1,3
BRDA:219,12,0,13
BRDA:219,12,1,17
BRF:34
BRH:34
end_of_record
TN:
SF:ts\core\tool\general.ts
FN:3,partial
FN:11,(anonymous_2)
FN:16,clamp
FN:22,(anonymous_4)
FN:27,(anonymous_6)
FN:32,(anonymous_7)
FN:37,(anonymous_8)
FN:42,(anonymous_9)
FN:44,(anonymous_10)
FN:55,(anonymous_11)
FNF:10
FNH:10
FNDA:6,partial
FNDA:7,(anonymous_2)
FNDA:7,clamp
FNDA:16,(anonymous_4)
FNDA:1,(anonymous_6)
FNDA:1,(anonymous_7)
FNDA:33,(anonymous_8)
FNDA:4,(anonymous_9)
FNDA:1,(anonymous_10)
FNDA:11,(anonymous_11)
DA:3,5
DA:9,18
DA:11,23
DA:12,7
DA:16,5
DA:17,7
DA:22,5
DA:23,11
DA:24,11
DA:25,11
DA:27,5
DA:28,1
DA:29,1
DA:32,5
DA:33,1
DA:34,1
DA:37,5
DA:38,33
DA:39,33
DA:42,5
DA:44,6
DA:45,1
DA:48,4
DA:49,2
DA:50,2
DA:52,4
DA:55,23
DA:56,11
DA:57,9
DA:58,9
DA:59,1
DA:61,12
DA:62,12
DA:65,9
DA:67,5
LF:35
LH:35
BRDA:38,0,0,16
BRDA:38,0,1,17
BRDA:44,1,0,2
BRDA:44,1,1,2
BRDA:48,2,0,2
BRDA:48,2,1,2
BRDA:56,3,0,2
BRDA:56,3,1,9
BRDA:58,4,0,1
BRDA:58,4,1,8
BRDA:58,5,0,9
BRDA:58,5,1,1
BRF:12
BRH:12
end_of_record
TN:
SF:ts\core\tool\string.ts
FN:105,findLineOffset
FN:110,(anonymous_1)
FN:120,findLineOf
FN:124,(anonymous_3)
FNF:4
FNH:4
FNDA:14,findLineOffset
FNDA:3,(anonymous_1)
FNDA:28,findLineOf
FNDA:153,(anonymous_3)
DA:15,4
DA:105,4
DA:106,14
DA:107,14
DA:110,3
DA:111,14
DA:120,4
DA:121,28
DA:124,153
LF:9
LH:9
BRF:0
BRH:0
end_of_record
